\BOOKMARK [0][-]{chapter.1}{Time Waste Versus Empowerment}{}% 1
\BOOKMARK [0][-]{chapter.2}{Basic Probability Models}{}% 2
\BOOKMARK [1][-]{section.2.1}{ALOHA Network Example}{chapter.2}% 3
\BOOKMARK [1][-]{section.2.2}{The Crucial Notion of a Repeatable Experiment}{chapter.2}% 4
\BOOKMARK [1][-]{section.2.3}{Our Definitions}{chapter.2}% 5
\BOOKMARK [1][-]{section.2.4}{``Mailing Tubes''}{chapter.2}% 6
\BOOKMARK [1][-]{section.2.5}{Example: ALOHA Network}{chapter.2}% 7
\BOOKMARK [1][-]{section.2.6}{Bayes' Rule}{chapter.2}% 8
\BOOKMARK [1][-]{section.2.7}{ALOHA in the Notebook Context}{chapter.2}% 9
\BOOKMARK [1][-]{section.2.8}{A Note on Modeling}{chapter.2}% 10
\BOOKMARK [1][-]{section.2.9}{Solution Strategies}{chapter.2}% 11
\BOOKMARK [1][-]{section.2.10}{Example: Divisibility of Random Integers}{chapter.2}% 12
\BOOKMARK [1][-]{section.2.11}{Example: A Simple Board Game}{chapter.2}% 13
\BOOKMARK [1][-]{section.2.12}{Example: Bus Ridership}{chapter.2}% 14
\BOOKMARK [1][-]{section.2.13}{Random Graph Models}{chapter.2}% 15
\BOOKMARK [2][-]{subsection.2.13.1}{Example: Preferential Attachment Graph Model}{section.2.13}% 16
\BOOKMARK [1][-]{section.2.14}{Simulation}{chapter.2}% 17
\BOOKMARK [2][-]{subsection.2.14.1}{Example: Rolling Dice}{section.2.14}% 18
\BOOKMARK [2][-]{subsection.2.14.2}{First Improvement}{section.2.14}% 19
\BOOKMARK [2][-]{subsection.2.14.3}{Second Improvement}{section.2.14}% 20
\BOOKMARK [2][-]{subsection.2.14.4}{Third Improvement}{section.2.14}% 21
\BOOKMARK [2][-]{subsection.2.14.5}{Simulation of Conditional Probability in Dice Problem}{section.2.14}% 22
\BOOKMARK [2][-]{subsection.2.14.6}{Simulation of the ALOHA Example}{section.2.14}% 23
\BOOKMARK [2][-]{subsection.2.14.7}{Example: Bus Ridership, cont'd.}{section.2.14}% 24
\BOOKMARK [2][-]{subsection.2.14.8}{Example: Board Game con'd.}{section.2.14}% 25
\BOOKMARK [2][-]{subsection.2.14.9}{Example: Broken Rod}{section.2.14}% 26
\BOOKMARK [2][-]{subsection.2.14.10}{How Long Should We Run the Simulation?}{section.2.14}% 27
\BOOKMARK [1][-]{section.2.15}{Combinatorics-Based Probability Computation}{chapter.2}% 28
\BOOKMARK [2][-]{subsection.2.15.1}{Which Is More Likely in Five Cards, One King or Two Hearts?}{section.2.15}% 29
\BOOKMARK [2][-]{subsection.2.15.2}{Example: Random Groups of Students}{section.2.15}% 30
\BOOKMARK [2][-]{subsection.2.15.3}{Example: Lottery Tickets}{section.2.15}% 31
\BOOKMARK [2][-]{subsection.2.15.4}{``Association Rules'' in Data Mining}{section.2.15}% 32
\BOOKMARK [2][-]{subsection.2.15.5}{Multinomial Coefficients}{section.2.15}% 33
\BOOKMARK [2][-]{subsection.2.15.6}{Example: Probability of Getting Four Aces in a Bridge Hand}{section.2.15}% 34
\BOOKMARK [0][-]{chapter.3}{Discrete Random Variables}{}% 35
\BOOKMARK [1][-]{section.3.1}{Random Variables}{chapter.3}% 36
\BOOKMARK [1][-]{section.3.2}{Discrete Random Variables}{chapter.3}% 37
\BOOKMARK [1][-]{section.3.3}{Independent Random Variables}{chapter.3}% 38
\BOOKMARK [1][-]{section.3.4}{Example: The Monty Hall Problem}{chapter.3}% 39
\BOOKMARK [1][-]{section.3.5}{Expected Value}{chapter.3}% 40
\BOOKMARK [2][-]{subsection.3.5.1}{Generality\204Not Just for Discrete Random Variables}{section.3.5}% 41
\BOOKMARK [3][-]{subsubsection.3.5.1.1}{What Is It?}{subsection.3.5.1}% 42
\BOOKMARK [2][-]{subsection.3.5.2}{Definition}{section.3.5}% 43
\BOOKMARK [2][-]{subsection.3.5.3}{Existence of the Expected Value}{section.3.5}% 44
\BOOKMARK [2][-]{subsection.3.5.4}{Computation and Properties of Expected Value}{section.3.5}% 45
\BOOKMARK [2][-]{subsection.3.5.5}{``Mailing Tubes''}{section.3.5}% 46
\BOOKMARK [2][-]{subsection.3.5.6}{Casinos, Insurance Companies and ``Sum Users,'' Compared to Others}{section.3.5}% 47
\BOOKMARK [1][-]{section.3.6}{Variance}{chapter.3}% 48
\BOOKMARK [2][-]{subsection.3.6.1}{Definition}{section.3.6}% 49
\BOOKMARK [2][-]{subsection.3.6.2}{More Practice with the Properties of Variance}{section.3.6}% 50
\BOOKMARK [2][-]{subsection.3.6.3}{Central Importance of the Concept of Variance}{section.3.6}% 51
\BOOKMARK [2][-]{subsection.3.6.4}{Intuition Regarding the Size of Var\(X\)}{section.3.6}% 52
\BOOKMARK [3][-]{subsubsection.3.6.4.1}{Chebychev's Inequality}{subsection.3.6.4}% 53
\BOOKMARK [3][-]{subsubsection.3.6.4.2}{The Coefficient of Variation}{subsection.3.6.4}% 54
\BOOKMARK [1][-]{section.3.7}{A Useful Fact}{chapter.3}% 55
\BOOKMARK [1][-]{section.3.8}{Covariance}{chapter.3}% 56
\BOOKMARK [1][-]{section.3.9}{Indicator Random Variables, and Their Means and Variances}{chapter.3}% 57
\BOOKMARK [2][-]{subsection.3.9.1}{Example: Return Time for Library Books}{section.3.9}% 58
\BOOKMARK [2][-]{subsection.3.9.2}{Example: Indicator Variables in a Committee Problem}{section.3.9}% 59
\BOOKMARK [2][-]{subsection.3.9.3}{Example: Spinner Game}{section.3.9}% 60
\BOOKMARK [1][-]{section.3.10}{Expected Value, Etc. in the ALOHA Example}{chapter.3}% 61
\BOOKMARK [1][-]{section.3.11}{Example: Measurements at Different Ages}{chapter.3}% 62
\BOOKMARK [1][-]{section.3.12}{Example: Bus Ridership Model}{chapter.3}% 63
\BOOKMARK [1][-]{section.3.13}{Distributions}{chapter.3}% 64
\BOOKMARK [2][-]{subsection.3.13.1}{Example: Toss Coin Until First Head}{section.3.13}% 65
\BOOKMARK [2][-]{subsection.3.13.2}{Example: Sum of Two Dice}{section.3.13}% 66
\BOOKMARK [2][-]{subsection.3.13.3}{Example: Watts-Strogatz Random Graph Model}{section.3.13}% 67
\BOOKMARK [3][-]{subsubsection.3.13.3.1}{The Model}{subsection.3.13.3}% 68
\BOOKMARK [3][-]{subsubsection.3.13.3.2}{Further Reading}{subsection.3.13.3}% 69
\BOOKMARK [1][-]{section.3.14}{Proof of Chebychev's Inequality \(optional section\)}{chapter.3}% 70
\BOOKMARK [0][-]{chapter.4}{Discrete Parametric Distribution Families}{}% 71
\BOOKMARK [1][-]{section.4.1}{The Case of Importance to Us: Parameteric Families of pmfs}{chapter.4}% 72
\BOOKMARK [1][-]{section.4.2}{The Geometric Family of Distributions}{chapter.4}% 73
\BOOKMARK [2][-]{subsection.4.2.1}{R Functions}{section.4.2}% 74
\BOOKMARK [2][-]{subsection.4.2.2}{Example: a Parking Space Problem}{section.4.2}% 75
\BOOKMARK [1][-]{section.4.3}{The Binomial Family of Distributions}{chapter.4}% 76
\BOOKMARK [2][-]{subsection.4.3.1}{R Functions}{section.4.3}% 77
\BOOKMARK [2][-]{subsection.4.3.2}{Example: Parking Space Model}{section.4.3}% 78
\BOOKMARK [1][-]{section.4.4}{The Negative Binomial Family of Distributions}{chapter.4}% 79
\BOOKMARK [2][-]{subsection.4.4.1}{R Functions}{section.4.4}% 80
\BOOKMARK [2][-]{subsection.4.4.2}{Example: Backup Batteries}{section.4.4}% 81
\BOOKMARK [1][-]{section.4.5}{The Poisson Family of Distributions}{chapter.4}% 82
\BOOKMARK [2][-]{subsection.4.5.1}{R Functions}{section.4.5}% 83
\BOOKMARK [2][-]{subsection.4.5.2}{Example: Broken Rod}{section.4.5}% 84
\BOOKMARK [1][-]{section.4.6}{The Power Law Family of Distributions}{chapter.4}% 85
\BOOKMARK [2][-]{subsection.4.6.1}{The Model}{section.4.6}% 86
\BOOKMARK [2][-]{subsection.4.6.2}{Further Reading}{section.4.6}% 87
\BOOKMARK [1][-]{section.4.7}{Recognizing Some Parametric Distributions When You See Them}{chapter.4}% 88
\BOOKMARK [1][-]{section.4.8}{Example: a Coin Game}{chapter.4}% 89
\BOOKMARK [1][-]{section.4.9}{Example: Tossing a Set of Four Coins}{chapter.4}% 90
\BOOKMARK [1][-]{section.4.10}{Example: the ALOHA Example Again}{chapter.4}% 91
\BOOKMARK [1][-]{section.4.11}{Example: the Bus Ridership Problem Again}{chapter.4}% 92
\BOOKMARK [1][-]{section.4.12}{Example: Flipping Coins with Bonuses}{chapter.4}% 93
\BOOKMARK [1][-]{section.4.13}{Example: Analysis of Social Networks}{chapter.4}% 94
\BOOKMARK [1][-]{section.4.14}{Multivariate Distributions}{chapter.4}% 95
\BOOKMARK [1][-]{section.4.15}{Iterated Expectations}{chapter.4}% 96
\BOOKMARK [2][-]{subsection.4.15.1}{Conditional Distributions}{section.4.15}% 97
\BOOKMARK [2][-]{subsection.4.15.2}{The Theorem}{section.4.15}% 98
\BOOKMARK [2][-]{subsection.4.15.3}{Example: Coin and Die Game}{section.4.15}% 99
\BOOKMARK [2][-]{subsection.4.15.4}{Example: Flipping Coins with Bonuses}{section.4.15}% 100
\BOOKMARK [0][-]{chapter.5}{Pause to Reflect}{}% 101
\BOOKMARK [1][-]{section.5.1}{A Cautionary Tale}{chapter.5}% 102
\BOOKMARK [2][-]{subsection.5.1.1}{Trick Coins, Tricky Example}{section.5.1}% 103
\BOOKMARK [2][-]{subsection.5.1.2}{Intuition in Retrospect}{section.5.1}% 104
\BOOKMARK [2][-]{subsection.5.1.3}{Implications for Modeling}{section.5.1}% 105
\BOOKMARK [1][-]{section.5.2}{What About ``Iterated Variance''?}{chapter.5}% 106
\BOOKMARK [1][-]{section.5.3}{Why Not Just Do All Analysis by Simulation?}{chapter.5}% 107
\BOOKMARK [1][-]{section.5.4}{Reconciliation of Math and Intuition \(optional section\)}{chapter.5}% 108
\BOOKMARK [0][-]{chapter.6}{Introduction to Discrete Markov Chains}{}% 109
\BOOKMARK [1][-]{section.6.1}{Matrix Formulation}{chapter.6}% 110
\BOOKMARK [1][-]{section.6.2}{Example: Die Game}{chapter.6}% 111
\BOOKMARK [1][-]{section.6.3}{Long-Run State Probabilities}{chapter.6}% 112
\BOOKMARK [2][-]{subsection.6.3.1}{Stationary Distribution}{section.6.3}% 113
\BOOKMARK [2][-]{subsection.6.3.2}{Calculation of }{section.6.3}% 114
\BOOKMARK [3][-]{subsubsection.6.3.2.1}{Example: \040in Die Game}{subsection.6.3.2}% 115
\BOOKMARK [3][-]{subsubsection.6.3.2.2}{Another Way to Find }{subsection.6.3.2}% 116
\BOOKMARK [1][-]{section.6.4}{Example: 3-Heads-in-a-Row Game}{chapter.6}% 117
\BOOKMARK [2][-]{subsection.6.4.1}{Markov Analysis}{section.6.4}% 118
\BOOKMARK [2][-]{subsection.6.4.2}{Back to the word ``Stationary''}{section.6.4}% 119
\BOOKMARK [1][-]{section.6.5}{A Modified Notebook Analysis}{chapter.6}% 120
\BOOKMARK [2][-]{subsection.6.5.1}{A Markov-Chain Notebook}{section.6.5}% 121
\BOOKMARK [2][-]{subsection.6.5.2}{Example: 3-Heads-in-a-Row Game}{section.6.5}% 122
\BOOKMARK [1][-]{section.6.6}{Simulation of Markov Chains}{chapter.6}% 123
\BOOKMARK [1][-]{section.6.7}{Example: ALOHA}{chapter.6}% 124
\BOOKMARK [1][-]{section.6.8}{Example: Bus Ridership Problem}{chapter.6}% 125
\BOOKMARK [1][-]{section.6.9}{Example: an Inventory Model}{chapter.6}% 126
\BOOKMARK [1][-]{section.6.10}{Expected Hitting Times}{chapter.6}% 127
\BOOKMARK [0][-]{chapter.7}{Continuous Probability Models}{}% 128
\BOOKMARK [1][-]{section.7.1}{Running Example: a Random Dart}{chapter.7}% 129
\BOOKMARK [1][-]{section.7.2}{Individual Values Now Have Probability Zero}{chapter.7}% 130
\BOOKMARK [1][-]{section.7.3}{But Now We Have a Problem}{chapter.7}% 131
\BOOKMARK [2][-]{subsection.7.3.1}{Our Way Out of the Problem: Cumulative Distribution Functions}{section.7.3}% 132
\BOOKMARK [2][-]{subsection.7.3.2}{Density Functions}{section.7.3}% 133
\BOOKMARK [2][-]{subsection.7.3.3}{Properties of Densities}{section.7.3}% 134
\BOOKMARK [2][-]{subsection.7.3.4}{Intuitive Meaning of Densities}{section.7.3}% 135
\BOOKMARK [2][-]{subsection.7.3.5}{Expected Values}{section.7.3}% 136
\BOOKMARK [1][-]{section.7.4}{A First Example}{chapter.7}% 137
\BOOKMARK [1][-]{section.7.5}{The Notion of Support in the Continuous Case}{chapter.7}% 138
\BOOKMARK [1][-]{section.7.6}{Famous Parametric Families of Continuous Distributions}{chapter.7}% 139
\BOOKMARK [2][-]{subsection.7.6.1}{The Uniform Distributions}{section.7.6}% 140
\BOOKMARK [3][-]{subsubsection.7.6.1.1}{Density and Properties}{subsection.7.6.1}% 141
\BOOKMARK [3][-]{subsubsection.7.6.1.2}{R Functions}{subsection.7.6.1}% 142
\BOOKMARK [3][-]{subsubsection.7.6.1.3}{Example: Modeling of Disk Performance}{subsection.7.6.1}% 143
\BOOKMARK [3][-]{subsubsection.7.6.1.4}{Example: Modeling of Denial-of-Service Attack}{subsection.7.6.1}% 144
\BOOKMARK [2][-]{subsection.7.6.2}{The Normal \(Gaussian\) Family of Continuous Distributions}{section.7.6}% 145
\BOOKMARK [3][-]{subsubsection.7.6.2.1}{Density and Properties}{subsection.7.6.2}% 146
\BOOKMARK [2][-]{subsection.7.6.3}{The Exponential Family of Distributions}{section.7.6}% 147
\BOOKMARK [3][-]{subsubsection.7.6.3.1}{Density and Properties}{subsection.7.6.3}% 148
\BOOKMARK [3][-]{subsubsection.7.6.3.2}{R Functions}{subsection.7.6.3}% 149
\BOOKMARK [3][-]{subsubsection.7.6.3.3}{Example: Refunds on Failed Components}{subsection.7.6.3}% 150
\BOOKMARK [3][-]{subsubsection.7.6.3.4}{Example: Garage Parking Fees}{subsection.7.6.3}% 151
\BOOKMARK [3][-]{subsubsection.7.6.3.5}{Importance in Modeling}{subsection.7.6.3}% 152
\BOOKMARK [2][-]{subsection.7.6.4}{The Gamma Family of Distributions}{section.7.6}% 153
\BOOKMARK [3][-]{subsubsection.7.6.4.1}{Density and Properties}{subsection.7.6.4}% 154
\BOOKMARK [3][-]{subsubsection.7.6.4.2}{Example: Network Buffer}{subsection.7.6.4}% 155
\BOOKMARK [3][-]{subsubsection.7.6.4.3}{Importance in Modeling}{subsection.7.6.4}% 156
\BOOKMARK [2][-]{subsection.7.6.5}{The Beta Family of Distributions}{section.7.6}% 157
\BOOKMARK [3][-]{subsubsection.7.6.5.1}{Density Etc.}{subsection.7.6.5}% 158
\BOOKMARK [3][-]{subsubsection.7.6.5.2}{Importance in Modeling}{subsection.7.6.5}% 159
\BOOKMARK [1][-]{section.7.7}{Choosing a Model}{chapter.7}% 160
\BOOKMARK [1][-]{section.7.8}{Finding the Density of a Function of a Random Variable}{chapter.7}% 161
\BOOKMARK [1][-]{section.7.9}{Quantile Functions}{chapter.7}% 162
\BOOKMARK [1][-]{section.7.10}{Using cdf Functions to Find Probabilities}{chapter.7}% 163
\BOOKMARK [1][-]{section.7.11}{A General Method for Simulating a Random Variable}{chapter.7}% 164
\BOOKMARK [1][-]{section.7.12}{Example: Writing a Set of R Functions for a Certain Power Family}{chapter.7}% 165
\BOOKMARK [1][-]{section.7.13}{Multivariate Densities}{chapter.7}% 166
\BOOKMARK [1][-]{section.7.14}{Iterated Expectations}{chapter.7}% 167
\BOOKMARK [2][-]{subsection.7.14.1}{The Theorem}{section.7.14}% 168
\BOOKMARK [2][-]{subsection.7.14.2}{Example: Another Coin Game}{section.7.14}% 169
\BOOKMARK [1][-]{section.7.15}{Continuous Random Variables Are ``Useful Unicorns''}{chapter.7}% 170
\BOOKMARK [0][-]{chapter.8}{The Normal Family of Distributions}{}% 171
\BOOKMARK [1][-]{section.8.1}{Density and Properties}{chapter.8}% 172
\BOOKMARK [2][-]{subsection.8.1.1}{Closure Under Affine Transformation}{section.8.1}% 173
\BOOKMARK [2][-]{subsection.8.1.2}{Closure Under Independent Summation}{section.8.1}% 174
\BOOKMARK [1][-]{section.8.2}{The Standard Normal Distribution}{chapter.8}% 175
\BOOKMARK [1][-]{section.8.3}{Evaluating Normal cdfs}{chapter.8}% 176
\BOOKMARK [1][-]{section.8.4}{Example: Network Intrusion}{chapter.8}% 177
\BOOKMARK [1][-]{section.8.5}{Example: Class Enrollment Size}{chapter.8}% 178
\BOOKMARK [1][-]{section.8.6}{More on the Jill Example}{chapter.8}% 179
\BOOKMARK [1][-]{section.8.7}{Example: River Levels}{chapter.8}% 180
\BOOKMARK [1][-]{section.8.8}{Example: Upper Tail of a Light Bulb Distribution}{chapter.8}% 181
\BOOKMARK [1][-]{section.8.9}{The Central Limit Theorem}{chapter.8}% 182
\BOOKMARK [1][-]{section.8.10}{Example: Cumulative Roundoff Error}{chapter.8}% 183
\BOOKMARK [1][-]{section.8.11}{Example: R Evaluation of a Central Limit Theorem Approximation}{chapter.8}% 184
\BOOKMARK [1][-]{section.8.12}{Example: Bug Counts}{chapter.8}% 185
\BOOKMARK [1][-]{section.8.13}{Example: Coin Tosses}{chapter.8}% 186
\BOOKMARK [1][-]{section.8.14}{Example: Normal Approximation to Gamma Family}{chapter.8}% 187
\BOOKMARK [1][-]{section.8.15}{Example: Museum Demonstration}{chapter.8}% 188
\BOOKMARK [1][-]{section.8.16}{Importance in Modeling}{chapter.8}% 189
\BOOKMARK [1][-]{section.8.17}{The Chi-Squared Family of Distributions}{chapter.8}% 190
\BOOKMARK [2][-]{subsection.8.17.1}{Density and Properties}{section.8.17}% 191
\BOOKMARK [2][-]{subsection.8.17.2}{Example: Error in Pin Placement}{section.8.17}% 192
\BOOKMARK [2][-]{subsection.8.17.3}{Example: Generating Normal Random Numbers}{section.8.17}% 193
\BOOKMARK [2][-]{subsection.8.17.4}{Importance in Modeling}{section.8.17}% 194
\BOOKMARK [2][-]{subsection.8.17.5}{Relation to Gamma Family}{section.8.17}% 195
\BOOKMARK [1][-]{section.8.18}{The Multivariate Normal Family}{chapter.8}% 196
\BOOKMARK [1][-]{section.8.19}{Optional Topic: Precise Statement of the CLT}{chapter.8}% 197
\BOOKMARK [2][-]{subsection.8.19.1}{Convergence in Distribution, and the Precisely-Stated CLT}{section.8.19}% 198
\BOOKMARK [0][-]{chapter.9}{The Exponential Distributions}{}% 199
\BOOKMARK [1][-]{section.9.1}{Connection to the Poisson Distribution Family}{chapter.9}% 200
\BOOKMARK [1][-]{section.9.2}{Memoryless Property of Exponential Distributions}{chapter.9}% 201
\BOOKMARK [2][-]{subsection.9.2.1}{Derivation and Intuition}{section.9.2}% 202
\BOOKMARK [2][-]{subsection.9.2.2}{Uniquely Memoryless}{section.9.2}% 203
\BOOKMARK [2][-]{subsection.9.2.3}{Example: ``Nonmemoryless'' Light Bulbs}{section.9.2}% 204
\BOOKMARK [1][-]{section.9.3}{Example: Minima of Independent Exponentially Distributed Random Variables}{chapter.9}% 205
\BOOKMARK [2][-]{subsection.9.3.1}{Example: Computer Worm}{section.9.3}% 206
\BOOKMARK [2][-]{subsection.9.3.2}{Example: Electronic Components}{section.9.3}% 207
\BOOKMARK [1][-]{section.9.4}{A Cautionary Tale: the Bus Paradox}{chapter.9}% 208
\BOOKMARK [2][-]{subsection.9.4.1}{Length-Biased Sampling}{section.9.4}% 209
\BOOKMARK [2][-]{subsection.9.4.2}{Probability Mass Functions and Densities in Length-Biased Sampling}{section.9.4}% 210
\BOOKMARK [0][-]{chapter.10}{Stop and Review: Probability Structures}{}% 211
\BOOKMARK [0][-]{chapter.11}{Introduction to Continuous-Time Markov Chains}{}% 212
\BOOKMARK [1][-]{section.11.1}{Continuous-Time Markov Chains}{chapter.11}% 213
\BOOKMARK [1][-]{section.11.2}{Holding-Time Distribution}{chapter.11}% 214
\BOOKMARK [2][-]{subsection.11.2.1}{The Notion of ``Rates''}{section.11.2}% 215
\BOOKMARK [1][-]{section.11.3}{Stationary Distribution}{chapter.11}% 216
\BOOKMARK [2][-]{subsection.11.3.1}{Intuitive Derivation}{section.11.3}% 217
\BOOKMARK [2][-]{subsection.11.3.2}{Computation}{section.11.3}% 218
\BOOKMARK [1][-]{section.11.4}{Example: Machine Repair}{chapter.11}% 219
\BOOKMARK [1][-]{section.11.5}{Example: Migration in a Social Network}{chapter.11}% 220
\BOOKMARK [1][-]{section.11.6}{Birth/Death Processes}{chapter.11}% 221
\BOOKMARK [1][-]{section.11.7}{Cell Communications Model}{chapter.11}% 222
\BOOKMARK [2][-]{subsection.11.7.1}{Stationary Distribution}{section.11.7}% 223
\BOOKMARK [2][-]{subsection.11.7.2}{Going Beyond Finding the }{section.11.7}% 224
\BOOKMARK [0][-]{chapter.12}{Describing ``Failure''}{}% 225
\BOOKMARK [1][-]{section.12.1}{Hazard Functions}{chapter.12}% 226
\BOOKMARK [2][-]{subsection.12.1.1}{Basic Concepts}{section.12.1}% 227
\BOOKMARK [2][-]{subsection.12.1.2}{Example: Software Reliability Models}{section.12.1}% 228
\BOOKMARK [1][-]{section.12.2}{Residual-Life Distribution}{chapter.12}% 229
\BOOKMARK [2][-]{subsection.12.2.1}{Renewal Theory}{section.12.2}% 230
\BOOKMARK [2][-]{subsection.12.2.2}{Intuitive Derivation of Residual Life for the Continuous Case}{section.12.2}% 231
\BOOKMARK [2][-]{subsection.12.2.3}{Age Distribution}{section.12.2}% 232
\BOOKMARK [2][-]{subsection.12.2.4}{Mean of the Residual and Age Distributions}{section.12.2}% 233
\BOOKMARK [2][-]{subsection.12.2.5}{Example: Estimating Web Page Modification Rates}{section.12.2}% 234
\BOOKMARK [2][-]{subsection.12.2.6}{Example: Disk File Model}{section.12.2}% 235
\BOOKMARK [2][-]{subsection.12.2.7}{Example: Memory Paging Model}{section.12.2}% 236
\BOOKMARK [0][-]{chapter.13}{Renewal Theory and Some Applications}{}% 237
\BOOKMARK [1][-]{section.13.1}{Introduction}{chapter.13}% 238
\BOOKMARK [2][-]{subsection.13.1.1}{The Light Bulb Example, Generalized}{section.13.1}% 239
\BOOKMARK [2][-]{subsection.13.1.2}{Duality Between ``Lifetime Domain'' and ``Counts Domain''}{section.13.1}% 240
\BOOKMARK [1][-]{section.13.2}{Where We Are Going}{chapter.13}% 241
\BOOKMARK [1][-]{section.13.3}{Properties of Poisson Processes}{chapter.13}% 242
\BOOKMARK [2][-]{subsection.13.3.1}{Definition}{section.13.3}% 243
\BOOKMARK [2][-]{subsection.13.3.2}{Alternate Characterizations of Poisson Processes}{section.13.3}% 244
\BOOKMARK [3][-]{subsubsection.13.3.2.1}{Exponential Interrenewal Times}{subsection.13.3.2}% 245
\BOOKMARK [3][-]{subsubsection.13.3.2.2}{Stationary, Independent Increments}{subsection.13.3.2}% 246
\BOOKMARK [2][-]{subsection.13.3.3}{Conditional Distribution of Renewal Times}{section.13.3}% 247
\BOOKMARK [3][-]{subsubsection.13.3.3.1}{Example: Message Buildup at a Broken Network Link}{subsection.13.3.3}% 248
\BOOKMARK [2][-]{subsection.13.3.4}{Decomposition and Superposition of Poisson Processes}{section.13.3}% 249
\BOOKMARK [2][-]{subsection.13.3.5}{Nonhomogeneous Poisson Processes}{section.13.3}% 250
\BOOKMARK [3][-]{subsubsection.13.3.5.1}{Example: Software Reliability}{subsection.13.3.5}% 251
\BOOKMARK [1][-]{section.13.4}{Properties of General Renewal Processes}{chapter.13}% 252
\BOOKMARK [2][-]{subsection.13.4.1}{The Regenerative Nature of Renewal Processes}{section.13.4}% 253
\BOOKMARK [2][-]{subsection.13.4.2}{Some of the Main Theorems}{section.13.4}% 254
\BOOKMARK [3][-]{subsubsection.13.4.2.1}{The Functions Fn Sum to m}{subsection.13.4.2}% 255
\BOOKMARK [3][-]{subsubsection.13.4.2.2}{The Renewal Equation}{subsection.13.4.2}% 256
\BOOKMARK [3][-]{subsubsection.13.4.2.3}{The Function m\(t\) Uniquely Determines F\(t\)}{subsection.13.4.2}% 257
\BOOKMARK [3][-]{subsubsection.13.4.2.4}{Asymptotic Behavior of m\(t\)}{subsection.13.4.2}% 258
\BOOKMARK [1][-]{section.13.5}{Alternating Renewal Processes}{chapter.13}% 259
\BOOKMARK [2][-]{subsection.13.5.1}{Definition and Main Result}{section.13.5}% 260
\BOOKMARK [2][-]{subsection.13.5.2}{Example: Inventory Problem \(difficult\)}{section.13.5}% 261
\BOOKMARK [1][-]{section.13.6}{Residual-Life Distribution}{chapter.13}% 262
\BOOKMARK [2][-]{subsection.13.6.1}{Residual-Life Distribution}{section.13.6}% 263
\BOOKMARK [2][-]{subsection.13.6.2}{Age Distribution}{section.13.6}% 264
\BOOKMARK [2][-]{subsection.13.6.3}{Mean of the Residual and Age Distributions}{section.13.6}% 265
\BOOKMARK [2][-]{subsection.13.6.4}{Example: Estimating Web Page Modification Rates}{section.13.6}% 266
\BOOKMARK [2][-]{subsection.13.6.5}{Example: The \(S,s\) Inventory Model Again}{section.13.6}% 267
\BOOKMARK [2][-]{subsection.13.6.6}{Example: Disk File Model}{section.13.6}% 268
\BOOKMARK [2][-]{subsection.13.6.7}{Example: Event Sets in Discrete Event Simulation \(difficult\)}{section.13.6}% 269
\BOOKMARK [2][-]{subsection.13.6.8}{Example: Memory Paging Model}{section.13.6}% 270
\BOOKMARK [0][-]{chapter.14}{Covariance and Random Vectors}{}% 271
\BOOKMARK [1][-]{section.14.1}{Measuring Co-variation of Random Variables}{chapter.14}% 272
\BOOKMARK [2][-]{subsection.14.1.1}{Covariance}{section.14.1}% 273
\BOOKMARK [2][-]{subsection.14.1.2}{Example: Variance of Sum of Nonindependent Variables}{section.14.1}% 274
\BOOKMARK [2][-]{subsection.14.1.3}{Example: the Committee Example Again}{section.14.1}% 275
\BOOKMARK [1][-]{section.14.2}{Correlation}{chapter.14}% 276
\BOOKMARK [2][-]{subsection.14.2.1}{Example: a Catchup Game}{section.14.2}% 277
\BOOKMARK [1][-]{section.14.3}{Sets of Independent Random Variables}{chapter.14}% 278
\BOOKMARK [2][-]{subsection.14.3.1}{Properties}{section.14.3}% 279
\BOOKMARK [3][-]{subsubsection.14.3.1.1}{Expected Values Factor}{subsection.14.3.1}% 280
\BOOKMARK [3][-]{subsubsection.14.3.1.2}{Covariance Is 0}{subsection.14.3.1}% 281
\BOOKMARK [3][-]{subsubsection.14.3.1.3}{Variances Add}{subsection.14.3.1}% 282
\BOOKMARK [2][-]{subsection.14.3.2}{Examples Involving Sets of Independent Random Variables}{section.14.3}% 283
\BOOKMARK [3][-]{subsubsection.14.3.2.1}{Example: Dice}{subsection.14.3.2}% 284
\BOOKMARK [3][-]{subsubsection.14.3.2.2}{Example: Variance of a Product}{subsection.14.3.2}% 285
\BOOKMARK [3][-]{subsubsection.14.3.2.3}{Example: Ratio of Independent Geometric Random Variables}{subsection.14.3.2}% 286
\BOOKMARK [1][-]{section.14.4}{Matrix Formulations}{chapter.14}% 287
\BOOKMARK [2][-]{subsection.14.4.1}{Properties of Mean Vectors}{section.14.4}% 288
\BOOKMARK [2][-]{subsection.14.4.2}{Covariance Matrices}{section.14.4}% 289
\BOOKMARK [2][-]{subsection.14.4.3}{Covariance Matrices Linear Combinations of Random Vectors}{section.14.4}% 290
\BOOKMARK [2][-]{subsection.14.4.4}{Example: \(X,S\) Dice Example Again}{section.14.4}% 291
\BOOKMARK [2][-]{subsection.14.4.5}{Example: Easy Sum Again}{section.14.4}% 292
\BOOKMARK [1][-]{section.14.5}{The Multivariate Normal Family of Distributions}{chapter.14}% 293
\BOOKMARK [2][-]{subsection.14.5.1}{R Functions}{section.14.5}% 294
\BOOKMARK [2][-]{subsection.14.5.2}{Special Case: New Variable Is a Single Linear Combination of a Random Vector}{section.14.5}% 295
\BOOKMARK [1][-]{section.14.6}{Indicator Random Vectors}{chapter.14}% 296
\BOOKMARK [1][-]{section.14.7}{Example: Dice Game}{chapter.14}% 297
\BOOKMARK [2][-]{subsection.14.7.1}{Correlation Matrices}{section.14.7}% 298
\BOOKMARK [2][-]{subsection.14.7.2}{Further Reading}{section.14.7}% 299
\BOOKMARK [0][-]{chapter.15}{Multivariate PMFs and Densities}{}% 300
\BOOKMARK [1][-]{section.15.1}{Multivariate Probability Mass Functions}{chapter.15}% 301
\BOOKMARK [1][-]{section.15.2}{Multivariate Densities}{chapter.15}% 302
\BOOKMARK [2][-]{subsection.15.2.1}{Motivation and Definition}{section.15.2}% 303
\BOOKMARK [2][-]{subsection.15.2.2}{Use of Multivariate Densities in Finding Probabilities and Expected Values}{section.15.2}% 304
\BOOKMARK [2][-]{subsection.15.2.3}{Example: a Triangular Distribution}{section.15.2}% 305
\BOOKMARK [2][-]{subsection.15.2.4}{Example: Train Rendezvouz}{section.15.2}% 306
\BOOKMARK [1][-]{section.15.3}{More on Sets of Independent Random Variables}{chapter.15}% 307
\BOOKMARK [2][-]{subsection.15.3.1}{Probability Mass Functions and Densities Factor in the Independent Case}{section.15.3}% 308
\BOOKMARK [2][-]{subsection.15.3.2}{Convolution}{section.15.3}% 309
\BOOKMARK [2][-]{subsection.15.3.3}{Example: Ethernet}{section.15.3}% 310
\BOOKMARK [2][-]{subsection.15.3.4}{Example: Analysis of Seek Time}{section.15.3}% 311
\BOOKMARK [2][-]{subsection.15.3.5}{Example: Backup Battery}{section.15.3}% 312
\BOOKMARK [2][-]{subsection.15.3.6}{Example: Minima of Uniformly Distributed Random Variables}{section.15.3}% 313
\BOOKMARK [2][-]{subsection.15.3.7}{Example: Ethernet Again}{section.15.3}% 314
\BOOKMARK [1][-]{section.15.4}{Example: Finding the Distribution of the Sum of Nonindependent Random Variables}{chapter.15}% 315
\BOOKMARK [1][-]{section.15.5}{Parametric Families of Multivariate Distributions}{chapter.15}% 316
\BOOKMARK [2][-]{subsection.15.5.1}{The Multinomial Family of Distributions}{section.15.5}% 317
\BOOKMARK [3][-]{subsubsection.15.5.1.1}{Probability Mass Function}{subsection.15.5.1}% 318
\BOOKMARK [3][-]{subsubsection.15.5.1.2}{Example: Component Lifetimes}{subsection.15.5.1}% 319
\BOOKMARK [3][-]{subsubsection.15.5.1.3}{Mean Vectors and Covariance Matrices in the Multinomial Family}{subsection.15.5.1}% 320
\BOOKMARK [3][-]{subsubsection.15.5.1.4}{Application: Text Mining}{subsection.15.5.1}% 321
\BOOKMARK [2][-]{subsection.15.5.2}{The Multivariate Normal Family of Distributions }{section.15.5}% 322
\BOOKMARK [3][-]{subsubsection.15.5.2.1}{Densities}{subsection.15.5.2}% 323
\BOOKMARK [3][-]{subsubsection.15.5.2.2}{Geometric Interpretation}{subsection.15.5.2}% 324
\BOOKMARK [3][-]{subsubsection.15.5.2.3}{Properties of Multivariate Normal Distributions}{subsection.15.5.2}% 325
\BOOKMARK [3][-]{subsubsection.15.5.2.4}{The Multivariate Central Limit Theorem}{subsection.15.5.2}% 326
\BOOKMARK [3][-]{subsubsection.15.5.2.5}{Example: Finishing the Loose Ends from the Dice Game}{subsection.15.5.2}% 327
\BOOKMARK [3][-]{subsubsection.15.5.2.6}{Application: Data Mining}{subsection.15.5.2}% 328
\BOOKMARK [0][-]{chapter.16}{Transform Methods}{}% 329
\BOOKMARK [1][-]{section.16.1}{Generating Functions}{chapter.16}% 330
\BOOKMARK [1][-]{section.16.2}{Moment Generating Functions}{chapter.16}% 331
\BOOKMARK [1][-]{section.16.3}{Transforms of Sums of Independent Random Variables}{chapter.16}% 332
\BOOKMARK [1][-]{section.16.4}{Example: Network Packets}{chapter.16}% 333
\BOOKMARK [2][-]{subsection.16.4.1}{Poisson Generating Function}{section.16.4}% 334
\BOOKMARK [2][-]{subsection.16.4.2}{Sums of Independent Poisson Random Variables Are Poisson Distributed}{section.16.4}% 335
\BOOKMARK [1][-]{section.16.5}{Other Uses of Transforms}{chapter.16}% 336
\BOOKMARK [0][-]{chapter.17}{Statistics: Prologue}{}% 337
\BOOKMARK [1][-]{section.17.1}{Sampling Distributions}{chapter.17}% 338
\BOOKMARK [2][-]{subsection.17.1.1}{Random Samples}{section.17.1}% 339
\BOOKMARK [1][-]{section.17.2}{The Sample Mean\204a Random Variable}{chapter.17}% 340
\BOOKMARK [2][-]{subsection.17.2.1}{Toy Population Example}{section.17.2}% 341
\BOOKMARK [2][-]{subsection.17.2.2}{Expected and Variance of X}{section.17.2}% 342
\BOOKMARK [2][-]{subsection.17.2.3}{Toy Population Example Again}{section.17.2}% 343
\BOOKMARK [2][-]{subsection.17.2.4}{Interpretation}{section.17.2}% 344
\BOOKMARK [1][-]{section.17.3}{Sample Means Are Approximately Normal\204No Matter What the Population Distribution Is}{chapter.17}% 345
\BOOKMARK [2][-]{subsection.17.3.1}{The Sample Variance\204Another Random Variable}{section.17.3}% 346
\BOOKMARK [3][-]{subsubsection.17.3.1.1}{Intuitive Estimation of 2}{subsection.17.3.1}% 347
\BOOKMARK [3][-]{subsubsection.17.3.1.2}{Easier Computation}{subsection.17.3.1}% 348
\BOOKMARK [3][-]{subsubsection.17.3.1.3}{To Divide by n or n-1?}{subsection.17.3.1}% 349
\BOOKMARK [1][-]{section.17.4}{Observational Studies}{chapter.17}% 350
\BOOKMARK [1][-]{section.17.5}{A Good Time to Stop and Review!}{chapter.17}% 351
\BOOKMARK [0][-]{chapter.18}{Introduction to Confidence Intervals}{}% 352
\BOOKMARK [1][-]{section.18.1}{The ``Margin of Error'' and Confidence Intervals}{chapter.18}% 353
\BOOKMARK [1][-]{section.18.2}{Confidence Intervals for Means}{chapter.18}% 354
\BOOKMARK [2][-]{subsection.18.2.1}{Basic Formulation}{section.18.2}% 355
\BOOKMARK [2][-]{subsection.18.2.2}{Example: Simulation Output}{section.18.2}% 356
\BOOKMARK [1][-]{section.18.3}{Meaning of Confidence Intervals}{chapter.18}% 357
\BOOKMARK [2][-]{subsection.18.3.1}{A Weight Survey in Davis}{section.18.3}% 358
\BOOKMARK [2][-]{subsection.18.3.2}{More About Interpretation}{section.18.3}% 359
\BOOKMARK [1][-]{section.18.4}{Confidence Intervals for Proportions}{chapter.18}% 360
\BOOKMARK [2][-]{subsection.18.4.1}{Derivation}{section.18.4}% 361
\BOOKMARK [2][-]{subsection.18.4.2}{That n vs. n-1 Thing Again}{section.18.4}% 362
\BOOKMARK [2][-]{subsection.18.4.3}{Simulation Example Again}{section.18.4}% 363
\BOOKMARK [2][-]{subsection.18.4.4}{Example: Davis Weights}{section.18.4}% 364
\BOOKMARK [2][-]{subsection.18.4.5}{Interpretation}{section.18.4}% 365
\BOOKMARK [2][-]{subsection.18.4.6}{\(Non-\)Effect of the Population Size}{section.18.4}% 366
\BOOKMARK [2][-]{subsection.18.4.7}{Inferring the Number Polled}{section.18.4}% 367
\BOOKMARK [2][-]{subsection.18.4.8}{Planning Ahead}{section.18.4}% 368
\BOOKMARK [1][-]{section.18.5}{General Formation of Confidence Intervals from Approximately Normal Estimators}{chapter.18}% 369
\BOOKMARK [2][-]{subsection.18.5.1}{The Notion of a Standard Error}{section.18.5}% 370
\BOOKMARK [2][-]{subsection.18.5.2}{Forming General Confidence Intervals}{section.18.5}% 371
\BOOKMARK [2][-]{subsection.18.5.3}{Standard Errors of Combined Estimators}{section.18.5}% 372
\BOOKMARK [1][-]{section.18.6}{Confidence Intervals for Differences of Means or Proportions}{chapter.18}% 373
\BOOKMARK [2][-]{subsection.18.6.1}{Independent Samples}{section.18.6}% 374
\BOOKMARK [2][-]{subsection.18.6.2}{Example: Network Security Application}{section.18.6}% 375
\BOOKMARK [2][-]{subsection.18.6.3}{Dependent Samples}{section.18.6}% 376
\BOOKMARK [2][-]{subsection.18.6.4}{Example: Machine Classification of Forest Covers}{section.18.6}% 377
\BOOKMARK [1][-]{section.18.7}{And What About the Student-t Distribution?}{chapter.18}% 378
\BOOKMARK [1][-]{section.18.8}{R Computation}{chapter.18}% 379
\BOOKMARK [1][-]{section.18.9}{Example: Pro Baseball Data}{chapter.18}% 380
\BOOKMARK [2][-]{subsection.18.9.1}{R Code}{section.18.9}% 381
\BOOKMARK [2][-]{subsection.18.9.2}{Analysis}{section.18.9}% 382
\BOOKMARK [1][-]{section.18.10}{Example: UCI Bank Marketing Dataset}{chapter.18}% 383
\BOOKMARK [1][-]{section.18.11}{Example: Amazon Links}{chapter.18}% 384
\BOOKMARK [1][-]{section.18.12}{Example: Master's Degrees in CS/EE}{chapter.18}% 385
\BOOKMARK [1][-]{section.18.13}{Other Confidence Levels}{chapter.18}% 386
\BOOKMARK [1][-]{section.18.14}{One More Time: Why Do We Use Confidence Intervals?}{chapter.18}% 387
\BOOKMARK [0][-]{chapter.19}{Introduction to Significance Tests}{}% 388
\BOOKMARK [1][-]{section.19.1}{The Basics}{chapter.19}% 389
\BOOKMARK [1][-]{section.19.2}{General Testing Based on Normally Distributed Estimators}{chapter.19}% 390
\BOOKMARK [1][-]{section.19.3}{Example: Network Security}{chapter.19}% 391
\BOOKMARK [1][-]{section.19.4}{The Notion of ``p-Values''}{chapter.19}% 392
\BOOKMARK [1][-]{section.19.5}{Example: Bank Data}{chapter.19}% 393
\BOOKMARK [1][-]{section.19.6}{One-Sided HA}{chapter.19}% 394
\BOOKMARK [1][-]{section.19.7}{Exact Tests}{chapter.19}% 395
\BOOKMARK [2][-]{subsection.19.7.1}{Example: Test for Biased Coin}{section.19.7}% 396
\BOOKMARK [2][-]{subsection.19.7.2}{Example: Improved Light Bulbs}{section.19.7}% 397
\BOOKMARK [2][-]{subsection.19.7.3}{Example: Test Based on Range Data}{section.19.7}% 398
\BOOKMARK [2][-]{subsection.19.7.4}{Exact Tests under a Normal Distribution Assumption}{section.19.7}% 399
\BOOKMARK [1][-]{section.19.8}{Don't Speak of ``the Probability That H0 Is True''}{chapter.19}% 400
\BOOKMARK [1][-]{section.19.9}{R Computation}{chapter.19}% 401
\BOOKMARK [1][-]{section.19.10}{The Power of a Test}{chapter.19}% 402
\BOOKMARK [2][-]{subsection.19.10.1}{Example: Coin Fairness}{section.19.10}% 403
\BOOKMARK [2][-]{subsection.19.10.2}{Example: Improved Light Bulbs}{section.19.10}% 404
\BOOKMARK [1][-]{section.19.11}{What's Wrong with Significance Testing\204and What to Do Instead}{chapter.19}% 405
\BOOKMARK [2][-]{subsection.19.11.1}{History of Significance Testing, and Where We Are Today}{section.19.11}% 406
\BOOKMARK [2][-]{subsection.19.11.2}{The Basic Fallacy}{section.19.11}% 407
\BOOKMARK [2][-]{subsection.19.11.3}{You Be the Judge!}{section.19.11}% 408
\BOOKMARK [2][-]{subsection.19.11.4}{What to Do Instead}{section.19.11}% 409
\BOOKMARK [2][-]{subsection.19.11.5}{Decide on the Basis of ``the Preponderance of Evidence''}{section.19.11}% 410
\BOOKMARK [2][-]{subsection.19.11.6}{Example: the Forest Cover Data}{section.19.11}% 411
\BOOKMARK [2][-]{subsection.19.11.7}{Example: Assessing Your Candidate's Chances for Election}{section.19.11}% 412
\BOOKMARK [0][-]{chapter.20}{General Statistical Estimation and Inference}{}% 413
\BOOKMARK [1][-]{section.20.1}{General Methods of Parametric Estimation}{chapter.20}% 414
\BOOKMARK [2][-]{subsection.20.1.1}{Example: Guessing the Number of Raffle Tickets Sold}{section.20.1}% 415
\BOOKMARK [2][-]{subsection.20.1.2}{Method of Moments}{section.20.1}% 416
\BOOKMARK [3][-]{subsubsection.20.1.2.1}{Example: Lottery Model}{subsection.20.1.2}% 417
\BOOKMARK [3][-]{subsubsection.20.1.2.2}{General Method}{subsection.20.1.2}% 418
\BOOKMARK [2][-]{subsection.20.1.3}{Method of Maximum Likelihood}{section.20.1}% 419
\BOOKMARK [3][-]{subsubsection.20.1.3.1}{Example: Raffle Model}{subsection.20.1.3}% 420
\BOOKMARK [3][-]{subsubsection.20.1.3.2}{General Procedure}{subsection.20.1.3}% 421
\BOOKMARK [2][-]{subsection.20.1.4}{Example: Estimation of the Parameters of a Gamma Distribution}{section.20.1}% 422
\BOOKMARK [3][-]{subsubsection.20.1.4.1}{Method of Moments}{subsection.20.1.4}% 423
\BOOKMARK [3][-]{subsubsection.20.1.4.2}{MLEs}{subsection.20.1.4}% 424
\BOOKMARK [2][-]{subsection.20.1.5}{R's mle\(\) Function}{section.20.1}% 425
\BOOKMARK [2][-]{subsection.20.1.6}{R's gmm\(\) Function}{section.20.1}% 426
\BOOKMARK [3][-]{subsubsection.20.1.6.1}{Example: Bodyfat Data}{subsection.20.1.6}% 427
\BOOKMARK [2][-]{subsection.20.1.7}{More Examples}{section.20.1}% 428
\BOOKMARK [2][-]{subsection.20.1.8}{Asymptotic Properties}{section.20.1}% 429
\BOOKMARK [3][-]{subsubsection.20.1.8.1}{Consistency}{subsection.20.1.8}% 430
\BOOKMARK [3][-]{subsubsection.20.1.8.2}{Approximate Confidence Intervals}{subsection.20.1.8}% 431
\BOOKMARK [1][-]{section.20.2}{Bias and Variance}{chapter.20}% 432
\BOOKMARK [2][-]{subsection.20.2.1}{Bias}{section.20.2}% 433
\BOOKMARK [2][-]{subsection.20.2.2}{Why Divide by n-1 in s2?}{section.20.2}% 434
\BOOKMARK [3][-]{subsubsection.20.2.2.1}{But in This Book, We Divide by n, not n-1 Anyway}{subsection.20.2.2}% 435
\BOOKMARK [2][-]{subsection.20.2.3}{Example of Bias Calculation: Max from U\(0,c\)}{section.20.2}% 436
\BOOKMARK [2][-]{subsection.20.2.4}{Example of Bias Calculation: Gamma Family}{section.20.2}% 437
\BOOKMARK [2][-]{subsection.20.2.5}{Tradeoff Between Variance and Bias}{section.20.2}% 438
\BOOKMARK [1][-]{section.20.3}{Simultaneous Inference Methods}{chapter.20}% 439
\BOOKMARK [2][-]{subsection.20.3.1}{The Bonferonni Method}{section.20.3}% 440
\BOOKMARK [2][-]{subsection.20.3.2}{Scheffe's Method}{section.20.3}% 441
\BOOKMARK [2][-]{subsection.20.3.3}{Example}{section.20.3}% 442
\BOOKMARK [2][-]{subsection.20.3.4}{Other Methods for Simultaneous Inference}{section.20.3}% 443
\BOOKMARK [1][-]{section.20.4}{Bayesian Methods}{chapter.20}% 444
\BOOKMARK [2][-]{subsection.20.4.1}{How It Works}{section.20.4}% 445
\BOOKMARK [3][-]{subsubsection.20.4.1.1}{Empirical Bayes Methods}{subsection.20.4.1}% 446
\BOOKMARK [2][-]{subsection.20.4.2}{Extent of Usage of Subjective Priors}{section.20.4}% 447
\BOOKMARK [2][-]{subsection.20.4.3}{Arguments Against Use of Subjective Priors}{section.20.4}% 448
\BOOKMARK [2][-]{subsection.20.4.4}{What Would You Do? A Possible Resolution}{section.20.4}% 449
\BOOKMARK [2][-]{subsection.20.4.5}{The Markov Chain Monte Carlo Method}{section.20.4}% 450
\BOOKMARK [2][-]{subsection.20.4.6}{Further Reading}{section.20.4}% 451
\BOOKMARK [0][-]{chapter.21}{Mixture Models}{}% 452
\BOOKMARK [1][-]{section.21.1}{The Old Trick Coin Example, Updated}{chapter.21}% 453
\BOOKMARK [1][-]{section.21.2}{General Mixture Distributions}{chapter.21}% 454
\BOOKMARK [1][-]{section.21.3}{Generating Random Variates from a Mixture Distribution}{chapter.21}% 455
\BOOKMARK [1][-]{section.21.4}{A Useful Tool: the Law of Total Expectation}{chapter.21}% 456
\BOOKMARK [2][-]{subsection.21.4.1}{Conditional Expected Value As a Random Variable}{section.21.4}% 457
\BOOKMARK [2][-]{subsection.21.4.2}{Famous Formula: Theorem of Total Expectation}{section.21.4}% 458
\BOOKMARK [2][-]{subsection.21.4.3}{Properties of Conditional Expectation and Variance}{section.21.4}% 459
\BOOKMARK [2][-]{subsection.21.4.4}{Example: More on Flipping Coins with Bonuses}{section.21.4}% 460
\BOOKMARK [2][-]{subsection.21.4.5}{Example: Trapped Miner}{section.21.4}% 461
\BOOKMARK [2][-]{subsection.21.4.6}{Example: Analysis of Hash Tables}{section.21.4}% 462
\BOOKMARK [2][-]{subsection.21.4.7}{What About the Variance?}{section.21.4}% 463
\BOOKMARK [1][-]{section.21.5}{The EM Algorithm}{chapter.21}% 464
\BOOKMARK [2][-]{subsection.21.5.1}{Overall Idea}{section.21.5}% 465
\BOOKMARK [2][-]{subsection.21.5.2}{The mixtools Package}{section.21.5}% 466
\BOOKMARK [2][-]{subsection.21.5.3}{Example: Old Faithful Geyser}{section.21.5}% 467
\BOOKMARK [1][-]{section.21.6}{Mean and Variance of Random Variables Having Mixture Distributions}{chapter.21}% 468
\BOOKMARK [1][-]{section.21.7}{Example: Two Kinds of Batteries}{chapter.21}% 469
\BOOKMARK [1][-]{section.21.8}{Example: Overdispersion Models}{chapter.21}% 470
\BOOKMARK [1][-]{section.21.9}{Example: Hidden Markov Models}{chapter.21}% 471
\BOOKMARK [1][-]{section.21.10}{Vector Space Interpretations \(for the mathematically adventurous only\)}{chapter.21}% 472
\BOOKMARK [2][-]{subsection.21.10.1}{Properties of Correlation}{section.21.10}% 473
\BOOKMARK [2][-]{subsection.21.10.2}{Conditional Expectation As a Projection}{section.21.10}% 474
\BOOKMARK [1][-]{section.21.11}{Proof of the Law of Total Expectation}{chapter.21}% 475
\BOOKMARK [0][-]{chapter.22}{Histograms and Beyond: Nonparametric Density Estimation}{}% 476
\BOOKMARK [1][-]{section.22.1}{Example: Baseball Player Data}{chapter.22}% 477
\BOOKMARK [1][-]{section.22.2}{Basic Ideas in Density Estimation}{chapter.22}% 478
\BOOKMARK [1][-]{section.22.3}{Histograms}{chapter.22}% 479
\BOOKMARK [1][-]{section.22.4}{Kernel-Based Density Estimation}{chapter.22}% 480
\BOOKMARK [1][-]{section.22.5}{Example: Baseball Player Data}{chapter.22}% 481
\BOOKMARK [1][-]{section.22.6}{More on Density Estimation in ggplot2}{chapter.22}% 482
\BOOKMARK [1][-]{section.22.7}{Bias, Variance and Aliasing}{chapter.22}% 483
\BOOKMARK [2][-]{subsection.22.7.1}{Bias vs. Variance}{section.22.7}% 484
\BOOKMARK [2][-]{subsection.22.7.2}{Aliasing}{section.22.7}% 485
\BOOKMARK [1][-]{section.22.8}{Nearest-Neighbor Methods}{chapter.22}% 486
\BOOKMARK [1][-]{section.22.9}{Estimating a cdf}{chapter.22}% 487
\BOOKMARK [1][-]{section.22.10}{Hazard Function Estimation}{chapter.22}% 488
\BOOKMARK [1][-]{section.22.11}{For Further Reading}{chapter.22}% 489
\BOOKMARK [0][-]{chapter.23}{Introduction to Model Building}{}% 490
\BOOKMARK [1][-]{section.23.1}{``Desperate for Data''}{chapter.23}% 491
\BOOKMARK [2][-]{subsection.23.1.1}{Known Distribution}{section.23.1}% 492
\BOOKMARK [2][-]{subsection.23.1.2}{Estimated Mean}{section.23.1}% 493
\BOOKMARK [2][-]{subsection.23.1.3}{The Bias/Variance Tradeoff}{section.23.1}% 494
\BOOKMARK [2][-]{subsection.23.1.4}{Implications}{section.23.1}% 495
\BOOKMARK [1][-]{section.23.2}{Assessing ``Goodness of Fit'' of a Model}{chapter.23}% 496
\BOOKMARK [2][-]{subsection.23.2.1}{The Chi-Square Goodness of Fit Test}{section.23.2}% 497
\BOOKMARK [2][-]{subsection.23.2.2}{Kolmogorov-Smirnov Confidence Bands}{section.23.2}% 498
\BOOKMARK [2][-]{subsection.23.2.3}{Less Formal Methods}{section.23.2}% 499
\BOOKMARK [1][-]{section.23.3}{Robustness}{chapter.23}% 500
\BOOKMARK [1][-]{section.23.4}{Real Populations and Conceptual Populations}{chapter.23}% 501
\BOOKMARK [0][-]{chapter.24}{Linear Regression}{}% 502
\BOOKMARK [1][-]{section.24.1}{The Goals: Prediction and Description}{chapter.24}% 503
\BOOKMARK [1][-]{section.24.2}{Example Applications: Software Engineering, Networks, Text Mining}{chapter.24}% 504
\BOOKMARK [1][-]{section.24.3}{Adjusting for Covariates}{chapter.24}% 505
\BOOKMARK [1][-]{section.24.4}{What Does ``Relationship'' Really Mean?}{chapter.24}% 506
\BOOKMARK [2][-]{subsection.24.4.1}{Precise Definition}{section.24.4}% 507
\BOOKMARK [2][-]{subsection.24.4.2}{\(Rather Artificial\) Example: Marble Problem}{section.24.4}% 508
\BOOKMARK [1][-]{section.24.5}{Estimating That Relationship from Sample Data}{chapter.24}% 509
\BOOKMARK [2][-]{subsection.24.5.1}{Parametric Models for the Regression Function m\(\)}{section.24.5}% 510
\BOOKMARK [2][-]{subsection.24.5.2}{Estimation in Parametric Regression Models}{section.24.5}% 511
\BOOKMARK [2][-]{subsection.24.5.3}{More on Parametric vs. Nonparametric Models}{section.24.5}% 512
\BOOKMARK [1][-]{section.24.6}{Example: Baseball Data}{chapter.24}% 513
\BOOKMARK [2][-]{subsection.24.6.1}{R Code}{section.24.6}% 514
\BOOKMARK [2][-]{subsection.24.6.2}{A Look through the Output}{section.24.6}% 515
\BOOKMARK [1][-]{section.24.7}{Multiple Regression: More Than One Predictor Variable}{chapter.24}% 516
\BOOKMARK [1][-]{section.24.8}{Example: Baseball Data \(cont'd.\)}{chapter.24}% 517
\BOOKMARK [1][-]{section.24.9}{Interaction Terms}{chapter.24}% 518
\BOOKMARK [1][-]{section.24.10}{Parametric Estimation of Linear Regression Functions}{chapter.24}% 519
\BOOKMARK [2][-]{subsection.24.10.1}{Meaning of ``Linear''}{section.24.10}% 520
\BOOKMARK [2][-]{subsection.24.10.2}{Random-X and Fixed-X Regression}{section.24.10}% 521
\BOOKMARK [2][-]{subsection.24.10.3}{Point Estimates and Matrix Formulation}{section.24.10}% 522
\BOOKMARK [2][-]{subsection.24.10.4}{Approximate Confidence Intervals}{section.24.10}% 523
\BOOKMARK [1][-]{section.24.11}{Example: Baseball Data \(cont'd.\)}{chapter.24}% 524
\BOOKMARK [1][-]{section.24.12}{Dummy Variables}{chapter.24}% 525
\BOOKMARK [1][-]{section.24.13}{Example: Baseball Data \(cont'd.\)}{chapter.24}% 526
\BOOKMARK [1][-]{section.24.14}{What Does It All Mean?\204Effects of Adding Predictors}{chapter.24}% 527
\BOOKMARK [1][-]{section.24.15}{Model Selection}{chapter.24}% 528
\BOOKMARK [2][-]{subsection.24.15.1}{The Overfitting Problem in Regression}{section.24.15}% 529
\BOOKMARK [2][-]{subsection.24.15.2}{Relation to the Bias-vs.-Variance Tradefoff}{section.24.15}% 530
\BOOKMARK [2][-]{subsection.24.15.3}{Multicollinearity}{section.24.15}% 531
\BOOKMARK [2][-]{subsection.24.15.4}{Methods for Predictor Variable Selection}{section.24.15}% 532
\BOOKMARK [3][-]{subsubsection.24.15.4.1}{Hypothesis Testing}{subsection.24.15.4}% 533
\BOOKMARK [3][-]{subsubsection.24.15.4.2}{Confidence Intervals}{subsection.24.15.4}% 534
\BOOKMARK [3][-]{subsubsection.24.15.4.3}{Predictive Ability Indicators}{subsection.24.15.4}% 535
\BOOKMARK [3][-]{subsubsection.24.15.4.4}{The LASSO}{subsection.24.15.4}% 536
\BOOKMARK [2][-]{subsection.24.15.5}{Rough Rules of Thumb}{section.24.15}% 537
\BOOKMARK [1][-]{section.24.16}{Prediction}{chapter.24}% 538
\BOOKMARK [2][-]{subsection.24.16.1}{Height/Weight Age Example}{section.24.16}% 539
\BOOKMARK [2][-]{subsection.24.16.2}{R's predict\(\) Function}{section.24.16}% 540
\BOOKMARK [1][-]{section.24.17}{Example: Turkish Teaching Evaluation Data}{chapter.24}% 541
\BOOKMARK [2][-]{subsection.24.17.1}{The Data}{section.24.17}% 542
\BOOKMARK [2][-]{subsection.24.17.2}{Data Prep}{section.24.17}% 543
\BOOKMARK [2][-]{subsection.24.17.3}{Analysis}{section.24.17}% 544
\BOOKMARK [1][-]{section.24.18}{What About the Assumptions?}{chapter.24}% 545
\BOOKMARK [2][-]{subsection.24.18.1}{Exact Confidence Intervals and Tests}{section.24.18}% 546
\BOOKMARK [2][-]{subsection.24.18.2}{Is the Homoscedasticity Assumption Important?}{section.24.18}% 547
\BOOKMARK [2][-]{subsection.24.18.3}{Regression Diagnostics}{section.24.18}% 548
\BOOKMARK [1][-]{section.24.19}{Case Studies}{chapter.24}% 549
\BOOKMARK [2][-]{subsection.24.19.1}{Example: Prediction of Network RTT}{section.24.19}% 550
\BOOKMARK [2][-]{subsection.24.19.2}{Transformations}{section.24.19}% 551
\BOOKMARK [2][-]{subsection.24.19.3}{Example: OOP Study}{section.24.19}% 552
\BOOKMARK [0][-]{chapter.25}{Classification}{}% 553
\BOOKMARK [1][-]{section.25.1}{Classification = Regression}{chapter.25}% 554
\BOOKMARK [2][-]{subsection.25.1.1}{What Happens with Regression in the Case Y = 0,1?}{section.25.1}% 555
\BOOKMARK [1][-]{section.25.2}{Logistic Regression: a Common Parametric Model for the Regression Function in Classification Problems}{chapter.25}% 556
\BOOKMARK [2][-]{subsection.25.2.1}{The Logistic Model: Motivations}{section.25.2}% 557
\BOOKMARK [2][-]{subsection.25.2.2}{Esimation and Inference for Logit Coefficients}{section.25.2}% 558
\BOOKMARK [1][-]{section.25.3}{Example: Forest Cover Data}{chapter.25}% 559
\BOOKMARK [2][-]{subsubsection.25.3.0.1}{R Code}{section.25.3}% 560
\BOOKMARK [2][-]{subsection.25.3.1}{Analysis of the Results}{section.25.3}% 561
\BOOKMARK [1][-]{section.25.4}{The Multiclass Case}{chapter.25}% 562
\BOOKMARK [2][-]{subsection.25.4.1}{One vs. All Approach}{section.25.4}% 563
\BOOKMARK [2][-]{subsection.25.4.2}{Issues of Data Balance}{section.25.4}% 564
\BOOKMARK [3][-]{subsubsection.25.4.2.1}{Statement of the Problem}{subsection.25.4.2}% 565
\BOOKMARK [3][-]{subsubsection.25.4.2.2}{Solutions}{subsection.25.4.2}% 566
\BOOKMARK [1][-]{section.25.5}{Model Selection in Classification}{chapter.25}% 567
\BOOKMARK [1][-]{section.25.6}{Optimality of the Regression Function for 0-1-Valued Y \(optional section\)}{chapter.25}% 568
\BOOKMARK [0][-]{chapter.26}{Nonparametric Estimation of Regression and Classification Functions}{}% 569
\BOOKMARK [1][-]{section.26.1}{Methods Based on Estimating mY;X\(t\)}{chapter.26}% 570
\BOOKMARK [2][-]{subsection.26.1.1}{Nearest-Neighbor Methods}{section.26.1}% 571
\BOOKMARK [2][-]{subsection.26.1.2}{Kernel-Based Methods}{section.26.1}% 572
\BOOKMARK [2][-]{subsection.26.1.3}{The Naive Bayes Method}{section.26.1}% 573
\BOOKMARK [1][-]{section.26.2}{Methods Based on Estimating Classification Boundaries}{chapter.26}% 574
\BOOKMARK [2][-]{subsection.26.2.1}{Support Vector Machines \(SVMs\)}{section.26.2}% 575
\BOOKMARK [2][-]{subsection.26.2.2}{CART}{section.26.2}% 576
\BOOKMARK [1][-]{section.26.3}{Comparison of Methods}{chapter.26}% 577
\BOOKMARK [0][-]{chapter.27}{Relations Among Variables}{}% 578
\BOOKMARK [1][-]{section.27.1}{Principal Components Analysis \(PCA\)}{chapter.27}% 579
\BOOKMARK [2][-]{subsection.27.1.1}{How to Calculate Them}{section.27.1}% 580
\BOOKMARK [2][-]{subsection.27.1.2}{Example: Forest Cover Data}{section.27.1}% 581
\BOOKMARK [2][-]{subsection.27.1.3}{Scaling}{section.27.1}% 582
\BOOKMARK [2][-]{subsection.27.1.4}{Scope of Application}{section.27.1}% 583
\BOOKMARK [2][-]{subsection.27.1.5}{Example: Turkish Teaching Evaluation Data}{section.27.1}% 584
\BOOKMARK [1][-]{section.27.2}{Log-Linear Models}{chapter.27}% 585
\BOOKMARK [2][-]{subsection.27.2.1}{The Setting}{section.27.2}% 586
\BOOKMARK [2][-]{subsection.27.2.2}{The Data}{section.27.2}% 587
\BOOKMARK [2][-]{subsection.27.2.3}{The Models}{section.27.2}% 588
\BOOKMARK [2][-]{subsection.27.2.4}{Interpretation of Parameters}{section.27.2}% 589
\BOOKMARK [2][-]{subsection.27.2.5}{Parameter Estimation}{section.27.2}% 590
\BOOKMARK [2][-]{subsection.27.2.6}{Example: Hair, Eye Color}{section.27.2}% 591
\BOOKMARK [3][-]{subsubsection.27.2.6.1}{The loglin\(\) Function}{subsection.27.2.6}% 592
\BOOKMARK [2][-]{subsection.27.2.7}{Hair/Eye Color Analysis}{section.27.2}% 593
\BOOKMARK [2][-]{subsection.27.2.8}{Obtaining Standard Errors}{section.27.2}% 594
\BOOKMARK [1][-]{section.27.3}{Clustering}{chapter.27}% 595
\BOOKMARK [2][-]{subsection.27.3.1}{K-Means Clustering}{section.27.3}% 596
\BOOKMARK [3][-]{subsubsection.27.3.1.1}{The Algorithm}{subsection.27.3.1}% 597
\BOOKMARK [3][-]{subsubsection.27.3.1.2}{Example: the Baseball Player Data}{subsection.27.3.1}% 598
\BOOKMARK [2][-]{subsection.27.3.2}{Mixture Models}{section.27.3}% 599
\BOOKMARK [2][-]{subsection.27.3.3}{Spectral Models}{section.27.3}% 600
\BOOKMARK [2][-]{subsection.27.3.4}{Other R Functions}{section.27.3}% 601
\BOOKMARK [2][-]{subsection.27.3.5}{Further Reading}{section.27.3}% 602
\BOOKMARK [1][-]{section.27.4}{Simpson's \(Non-\)Paradox}{chapter.27}% 603
\BOOKMARK [2][-]{subsection.27.4.1}{Example: UC Berkeley Graduate Admission Data}{section.27.4}% 604
\BOOKMARK [3][-]{subsubsection.27.4.1.1}{Overview}{subsection.27.4.1}% 605
\BOOKMARK [3][-]{subsubsection.27.4.1.2}{Log-Linear Analysis}{subsection.27.4.1}% 606
\BOOKMARK [2][-]{subsection.27.4.2}{Toward Making It Simpson's NON-Paradox}{section.27.4}% 607
\BOOKMARK [0][-]{appendix.A}{R Quick Start}{}% 608
\BOOKMARK [1][-]{section.A.1}{Correspondences}{appendix.A}% 609
\BOOKMARK [1][-]{section.A.2}{Starting R}{appendix.A}% 610
\BOOKMARK [1][-]{section.A.3}{First Sample Programming Session}{appendix.A}% 611
\BOOKMARK [1][-]{section.A.4}{Vectorization}{appendix.A}% 612
\BOOKMARK [1][-]{section.A.5}{Second Sample Programming Session}{appendix.A}% 613
\BOOKMARK [1][-]{section.A.6}{Recycling}{appendix.A}% 614
\BOOKMARK [1][-]{section.A.7}{More on Vectorization}{appendix.A}% 615
\BOOKMARK [1][-]{section.A.8}{Third Sample Programming Session}{appendix.A}% 616
\BOOKMARK [1][-]{section.A.9}{Default Argument Values}{appendix.A}% 617
\BOOKMARK [1][-]{section.A.10}{The R List Type}{appendix.A}% 618
\BOOKMARK [2][-]{subsection.A.10.1}{The Basics}{section.A.10}% 619
\BOOKMARK [2][-]{subsection.A.10.2}{The Reduce\(\) Function}{section.A.10}% 620
\BOOKMARK [2][-]{subsection.A.10.3}{S3 Classes}{section.A.10}% 621
\BOOKMARK [1][-]{section.A.11}{Some Workhorse Functions}{appendix.A}% 622
\BOOKMARK [1][-]{section.A.12}{Handy Utilities}{appendix.A}% 623
\BOOKMARK [1][-]{section.A.13}{Data Frames}{appendix.A}% 624
\BOOKMARK [1][-]{section.A.14}{Graphics}{appendix.A}% 625
\BOOKMARK [1][-]{section.A.15}{Packages}{appendix.A}% 626
\BOOKMARK [1][-]{section.A.16}{Other Sources for Learning R}{appendix.A}% 627
\BOOKMARK [1][-]{section.A.17}{Online Help}{appendix.A}% 628
\BOOKMARK [1][-]{section.A.18}{Debugging in R}{appendix.A}% 629
\BOOKMARK [1][-]{section.A.19}{Complex Numbers}{appendix.A}% 630
\BOOKMARK [1][-]{section.A.20}{Further Reading}{appendix.A}% 631
\BOOKMARK [0][-]{appendix.B}{Review of Matrix Algebra}{}% 632
\BOOKMARK [1][-]{section.B.1}{Terminology and Notation}{appendix.B}% 633
\BOOKMARK [2][-]{subsection.B.1.1}{Matrix Addition and Multiplication}{section.B.1}% 634
\BOOKMARK [1][-]{section.B.2}{Matrix Transpose}{appendix.B}% 635
\BOOKMARK [1][-]{section.B.3}{Linear Independence}{appendix.B}% 636
\BOOKMARK [1][-]{section.B.4}{Determinants}{appendix.B}% 637
\BOOKMARK [1][-]{section.B.5}{Matrix Inverse}{appendix.B}% 638
\BOOKMARK [1][-]{section.B.6}{Eigenvalues and Eigenvectors}{appendix.B}% 639
\BOOKMARK [1][-]{section.B.7}{Rank of a Matrix}{appendix.B}% 640
\BOOKMARK [1][-]{section.B.8}{Matrix Algebra in R}{appendix.B}% 641
\BOOKMARK [0][-]{appendix.C}{Introduction to the ggplot2 Graphics Package}{}% 642
\BOOKMARK [1][-]{section.C.1}{Introduction}{appendix.C}% 643
\BOOKMARK [1][-]{section.C.2}{Installation and Use}{appendix.C}% 644
\BOOKMARK [1][-]{section.C.3}{Basic Structures}{appendix.C}% 645
\BOOKMARK [1][-]{section.C.4}{Example: Simple Line Graphs}{appendix.C}% 646
\BOOKMARK [1][-]{section.C.5}{Example: Census Data}{appendix.C}% 647
\BOOKMARK [1][-]{section.C.6}{Function Plots, Density Estimates and Smoothing}{appendix.C}% 648
\BOOKMARK [1][-]{section.C.7}{What's Going on Inside}{appendix.C}% 649
\BOOKMARK [1][-]{section.C.8}{For Further Information}{appendix.C}% 650
