This is pdfTeX, Version 3.14159265-2.6-1.40.20 (TeX Live 2019/Debian) (preloaded format=pdflatex 2021.5.21)  25 OCT 2022 14:06
entering extended mode
 restricted \write18 enabled.
 %&-line parsing enabled.
**ProbStatBook256.tex
(./ProbStatBook256.tex
LaTeX2e <2020-02-02> patch level 2
L3 programming layer <2020-02-14>
(/usr/share/texlive/texmf-dist/tex/latex/base/book.cls
Document Class: book 2019/12/20 v1.4l Standard LaTeX document class
(/usr/share/texlive/texmf-dist/tex/latex/base/bk11.clo
File: bk11.clo 2019/12/20 v1.4l Standard LaTeX file (size option)
)
\c@part=\count167
\c@chapter=\count168
\c@section=\count169
\c@subsection=\count170
\c@subsubsection=\count171
\c@paragraph=\count172
\c@subparagraph=\count173
\c@figure=\count174
\c@table=\count175
\abovecaptionskip=\skip47
\belowcaptionskip=\skip48
\bibindent=\dimen134
)
\@input{Includes/Includes.aux}
\openout2 = `Includes/Includes.aux'.

(./Includes/Includes.tex
(/usr/share/texlive/texmf-dist/tex/latex/fancyvrb/fancyvrb.sty
Package: fancyvrb 2020/01/13 v3.5 verbatim text (tvz,hv)

(/usr/share/texlive/texmf-dist/tex/latex/graphics/keyval.sty
Package: keyval 2014/10/28 v1.15 key=value parser (DPC)
\KV@toks@=\toks14
)
\FV@CodeLineNo=\count176
\FV@InFile=\read2
\FV@TabBox=\box45
\c@FancyVerbLine=\count177
\FV@StepNumber=\count178
\FV@OutFile=\write3
)
(/usr/share/texlive/texmf-dist/tex/latex/relsize/relsize.sty
Package: relsize 2013/03/29 ver 4.1
)
(/usr/share/texlive/texmf-dist/tex/latex/hyperref/hyperref.sty
Package: hyperref 2020/01/14 v7.00d Hypertext links for LaTeX

(/usr/share/texlive/texmf-dist/tex/generic/ltxcmds/ltxcmds.sty
Package: ltxcmds 2019/12/15 v1.24 LaTeX kernel commands for general use (HO)
)
(/usr/share/texlive/texmf-dist/tex/generic/iftex/iftex.sty
Package: iftex 2019/11/07 v1.0c TeX engine tests
)
(/usr/share/texlive/texmf-dist/tex/latex/pdftexcmds/pdftexcmds.sty
Package: pdftexcmds 2019/11/24 v0.31 Utility functions of pdfTeX for LuaTeX (HO
)

(/usr/share/texlive/texmf-dist/tex/generic/infwarerr/infwarerr.sty
Package: infwarerr 2019/12/03 v1.5 Providing info/warning/error messages (HO)
)
Package pdftexcmds Info: \pdf@primitive is available.
Package pdftexcmds Info: \pdf@ifprimitive is available.
Package pdftexcmds Info: \pdfdraftmode found.
)
(/usr/share/texlive/texmf-dist/tex/generic/kvsetkeys/kvsetkeys.sty
Package: kvsetkeys 2019/12/15 v1.18 Key value parser (HO)
)
(/usr/share/texlive/texmf-dist/tex/generic/kvdefinekeys/kvdefinekeys.sty
Package: kvdefinekeys 2019-12-19 v1.6 Define keys (HO)
)
(/usr/share/texlive/texmf-dist/tex/generic/pdfescape/pdfescape.sty
Package: pdfescape 2019/12/09 v1.15 Implements pdfTeX's escape features (HO)
)
(/usr/share/texlive/texmf-dist/tex/latex/hycolor/hycolor.sty
Package: hycolor 2020-01-27 v1.10 Color options for hyperref/bookmark (HO)
)
(/usr/share/texlive/texmf-dist/tex/latex/letltxmacro/letltxmacro.sty
Package: letltxmacro 2019/12/03 v1.6 Let assignment for LaTeX macros (HO)
)
(/usr/share/texlive/texmf-dist/tex/latex/auxhook/auxhook.sty
Package: auxhook 2019-12-17 v1.6 Hooks for auxiliary files (HO)
)
(/usr/share/texlive/texmf-dist/tex/latex/kvoptions/kvoptions.sty
Package: kvoptions 2019/11/29 v3.13 Key value format for package options (HO)
)
\@linkdim=\dimen135
\Hy@linkcounter=\count179
\Hy@pagecounter=\count180

(/usr/share/texlive/texmf-dist/tex/latex/hyperref/pd1enc.def
File: pd1enc.def 2020/01/14 v7.00d Hyperref: PDFDocEncoding definition (HO)
Now handling font encoding PD1 ...
... no UTF-8 mapping file for font encoding PD1
)
(/usr/share/texlive/texmf-dist/tex/generic/intcalc/intcalc.sty
Package: intcalc 2019/12/15 v1.3 Expandable calculations with integers (HO)
)
(/usr/share/texlive/texmf-dist/tex/generic/etexcmds/etexcmds.sty
Package: etexcmds 2019/12/15 v1.7 Avoid name clashes with e-TeX commands (HO)
)
\Hy@SavedSpaceFactor=\count181
\pdfmajorversion=\count182
Package hyperref Info: Hyper figures OFF on input line 4547.
Package hyperref Info: Link nesting OFF on input line 4552.
Package hyperref Info: Hyper index ON on input line 4555.
Package hyperref Info: Plain pages OFF on input line 4562.
Package hyperref Info: Backreferencing OFF on input line 4567.
Package hyperref Info: Implicit mode ON; LaTeX internals redefined.
Package hyperref Info: Bookmarks ON on input line 4800.
\c@Hy@tempcnt=\count183

(/usr/share/texlive/texmf-dist/tex/latex/url/url.sty
\Urlmuskip=\muskip16
Package: url 2013/09/16  ver 3.4  Verb mode for urls, etc.
)
LaTeX Info: Redefining \url on input line 5159.
\XeTeXLinkMargin=\dimen136

(/usr/share/texlive/texmf-dist/tex/generic/bitset/bitset.sty
Package: bitset 2019/12/09 v1.3 Handle bit-vector datatype (HO)

(/usr/share/texlive/texmf-dist/tex/generic/bigintcalc/bigintcalc.sty
Package: bigintcalc 2019/12/15 v1.5 Expandable calculations on big integers (HO
)
))
\Fld@menulength=\count184
\Field@Width=\dimen137
\Fld@charsize=\dimen138
Package hyperref Info: Hyper figures OFF on input line 6430.
Package hyperref Info: Link nesting OFF on input line 6435.
Package hyperref Info: Hyper index ON on input line 6438.
Package hyperref Info: backreferencing OFF on input line 6445.
Package hyperref Info: Link coloring OFF on input line 6450.
Package hyperref Info: Link coloring with OCG OFF on input line 6455.
Package hyperref Info: PDF/A mode OFF on input line 6460.
LaTeX Info: Redefining \ref on input line 6500.
LaTeX Info: Redefining \pageref on input line 6504.

(/usr/share/texlive/texmf-dist/tex/generic/atbegshi/atbegshi.sty
Package: atbegshi 2019/12/05 v1.19 At begin shipout hook (HO)
)
\Hy@abspage=\count185
\c@Item=\count186
\c@Hfootnote=\count187
)
Package hyperref Info: Driver (autodetected): hpdftex.

(/usr/share/texlive/texmf-dist/tex/latex/hyperref/hpdftex.def
File: hpdftex.def 2020/01/14 v7.00d Hyperref driver for pdfTeX

(/usr/share/texlive/texmf-dist/tex/latex/atveryend/atveryend.sty
Package: atveryend 2019-12-11 v1.11 Hooks at the very end of document (HO)
Package atveryend Info: \enddocument detected (standard20110627).
)
\Fld@listcount=\count188
\c@bookmark@seq@number=\count189

(/usr/share/texlive/texmf-dist/tex/latex/rerunfilecheck/rerunfilecheck.sty
Package: rerunfilecheck 2019/12/05 v1.9 Rerun checks for auxiliary files (HO)

(/usr/share/texlive/texmf-dist/tex/generic/uniquecounter/uniquecounter.sty
Package: uniquecounter 2019/12/15 v1.4 Provide unlimited unique counter (HO)
)
Package uniquecounter Info: New unique counter `rerunfilecheck' on input line 2
86.
)
\Hy@SectionHShift=\skip49
)
(/usr/share/texlive/texmf-dist/tex/latex/graphics/graphicx.sty
Package: graphicx 2019/11/30 v1.2a Enhanced LaTeX Graphics (DPC,SPQR)

(/usr/share/texlive/texmf-dist/tex/latex/graphics/graphics.sty
Package: graphics 2019/11/30 v1.4a Standard LaTeX Graphics (DPC,SPQR)

(/usr/share/texlive/texmf-dist/tex/latex/graphics/trig.sty
Package: trig 2016/01/03 v1.10 sin cos tan (DPC)
)
(/usr/share/texlive/texmf-dist/tex/latex/graphics-cfg/graphics.cfg
File: graphics.cfg 2016/06/04 v1.11 sample graphics configuration
)
Package graphics Info: Driver file: pdftex.def on input line 105.

(/usr/share/texlive/texmf-dist/tex/latex/graphics-def/pdftex.def
File: pdftex.def 2018/01/08 v1.0l Graphics/color driver for pdftex
))
\Gin@req@height=\dimen139
\Gin@req@width=\dimen140
)
(/usr/share/texlive/texmf-dist/tex/latex/graphics/color.sty
Package: color 2019/11/23 v1.2a Standard LaTeX Color (DPC)

(/usr/share/texlive/texmf-dist/tex/latex/graphics-cfg/color.cfg
File: color.cfg 2016/01/02 v1.6 sample color configuration
)
Package color Info: Driver file: pdftex.def on input line 147.
)
(/usr/share/texlive/texmf-dist/tex/latex/listings/listings.sty
\lst@mode=\count190
\lst@gtempboxa=\box46
\lst@token=\toks15
\lst@length=\count191
\lst@currlwidth=\dimen141
\lst@column=\count192
\lst@pos=\count193
\lst@lostspace=\dimen142
\lst@width=\dimen143
\lst@newlines=\count194
\lst@lineno=\count195
\lst@maxwidth=\dimen144

(/usr/share/texlive/texmf-dist/tex/latex/listings/lstmisc.sty
File: lstmisc.sty 2019/09/10 1.8c (Carsten Heinz)
\c@lstnumber=\count196
\lst@skipnumbers=\count197
\lst@framebox=\box47
)
(/usr/share/texlive/texmf-dist/tex/latex/listings/listings.cfg
File: listings.cfg 2019/09/10 1.8c listings configuration
))
Package: listings 2019/09/10 1.8c (Carsten Heinz)

(/usr/share/texlive/texmf-dist/tex/latex/amsmath/amsmath.sty
Package: amsmath 2020/01/20 v2.17e AMS math features
\@mathmargin=\skip50

For additional information on amsmath, use the `?' option.
(/usr/share/texlive/texmf-dist/tex/latex/amsmath/amstext.sty
Package: amstext 2000/06/29 v2.01 AMS text

(/usr/share/texlive/texmf-dist/tex/latex/amsmath/amsgen.sty
File: amsgen.sty 1999/11/30 v2.0 generic functions
\@emptytoks=\toks16
\ex@=\dimen145
))
(/usr/share/texlive/texmf-dist/tex/latex/amsmath/amsbsy.sty
Package: amsbsy 1999/11/29 v1.2d Bold Symbols
\pmbraise@=\dimen146
)
(/usr/share/texlive/texmf-dist/tex/latex/amsmath/amsopn.sty
Package: amsopn 2016/03/08 v2.02 operator names
)
\inf@bad=\count198
LaTeX Info: Redefining \frac on input line 227.
\uproot@=\count199
\leftroot@=\count266
LaTeX Info: Redefining \overline on input line 389.
\classnum@=\count267
\DOTSCASE@=\count268
LaTeX Info: Redefining \ldots on input line 486.
LaTeX Info: Redefining \dots on input line 489.
LaTeX Info: Redefining \cdots on input line 610.
\Mathstrutbox@=\box48
\strutbox@=\box49
\big@size=\dimen147
LaTeX Font Info:    Redeclaring font encoding OML on input line 733.
LaTeX Font Info:    Redeclaring font encoding OMS on input line 734.
\macc@depth=\count269
\c@MaxMatrixCols=\count270
\dotsspace@=\muskip17
\c@parentequation=\count271
\dspbrk@lvl=\count272
\tag@help=\toks17
\row@=\count273
\column@=\count274
\maxfields@=\count275
\andhelp@=\toks18
\eqnshift@=\dimen148
\alignsep@=\dimen149
\tagshift@=\dimen150
\tagwidth@=\dimen151
\totwidth@=\dimen152
\lineht@=\dimen153
\@envbody=\toks19
\multlinegap=\skip51
\multlinetaggap=\skip52
\mathdisplay@stack=\toks20
LaTeX Info: Redefining \[ on input line 2859.
LaTeX Info: Redefining \] on input line 2860.
)
\c@theorem=\count276
\c@problemnum=\count277

(/usr/share/texlive/texmf-dist/tex/latex/listings/lstlang1.sty
File: lstlang1.sty 2019/09/10 1.8c listings language file
)
(/usr/share/texlive/texmf-dist/tex/latex/listings/lstlang2.sty
File: lstlang2.sty 2019/09/10 1.8c listings language file
)
(/usr/share/texlive/texmf-dist/tex/latex/listings/lstlang3.sty
File: lstlang3.sty 2019/09/10 1.8c listings language file
))
(/usr/share/texlive/texmf-dist/tex/latex/l3backend/l3backend-pdfmode.def
File: l3backend-pdfmode.def 2020-02-03 L3 backend support: PDF mode
\l__kernel_color_stack_int=\count278
\l__pdf_internal_box=\box50
)
(./ProbStatBook256.aux (./Preface.aux)

LaTeX Warning: Label `state1' multiply defined.


LaTeX Warning: Label `stateng' multiply defined.


LaTeX Warning: Label `equivdoms' multiply defined.


LaTeX Warning: Label `reslife' multiply defined.


LaTeX Warning: Label `resid' multiply defined.


LaTeX Warning: Label `agedistribution' multiply defined.


LaTeX Warning: Label `age' multiply defined.


LaTeX Warning: Label `rc' multiply defined.


LaTeX Warning: Label `telescope' multiply defined.


LaTeX Warning: Label `piage' multiply defined.


LaTeX Warning: Label `variancecounts' multiply defined.


LaTeX Warning: Label `mem' multiply defined.


LaTeX Warning: Label `bonf' multiply defined.


LaTeX Warning: Label `scheffe' multiply defined.


LaTeX Warning: Label `lincomb' multiply defined.


LaTeX Warning: Label `radius' multiply defined.


LaTeX Warning: Label `thislast' multiply defined.

)
\openout1 = `ProbStatBook256.aux'.

LaTeX Font Info:    Checking defaults for OML/cmm/m/it on input line 5.
LaTeX Font Info:    ... okay on input line 5.
LaTeX Font Info:    Checking defaults for OMS/cmsy/m/n on input line 5.
LaTeX Font Info:    ... okay on input line 5.
LaTeX Font Info:    Checking defaults for OT1/cmr/m/n on input line 5.
LaTeX Font Info:    ... okay on input line 5.
LaTeX Font Info:    Checking defaults for T1/cmr/m/n on input line 5.
LaTeX Font Info:    ... okay on input line 5.
LaTeX Font Info:    Checking defaults for TS1/cmr/m/n on input line 5.
LaTeX Font Info:    ... okay on input line 5.
LaTeX Font Info:    Checking defaults for OMX/cmex/m/n on input line 5.
LaTeX Font Info:    ... okay on input line 5.
LaTeX Font Info:    Checking defaults for U/cmr/m/n on input line 5.
LaTeX Font Info:    ... okay on input line 5.
LaTeX Font Info:    Checking defaults for PD1/pdf/m/n on input line 5.
LaTeX Font Info:    ... okay on input line 5.
\AtBeginShipoutBox=\box51
Package hyperref Info: Link coloring OFF on input line 5.
 (/usr/share/texlive/texmf-dist/tex/latex/hyperref/nameref.sty
Package: nameref 2019/09/16 v2.46 Cross-referencing by name of section

(/usr/share/texlive/texmf-dist/tex/latex/refcount/refcount.sty
Package: refcount 2019/12/15 v3.6 Data extraction from label references (HO)
)
(/usr/share/texlive/texmf-dist/tex/generic/gettitlestring/gettitlestring.sty
Package: gettitlestring 2019/12/15 v1.6 Cleanup title references (HO)
)
\c@section@level=\count279
)
LaTeX Info: Redefining \ref on input line 5.
LaTeX Info: Redefining \pageref on input line 5.
LaTeX Info: Redefining \nameref on input line 5.

(./ProbStatBook256.out) (./ProbStatBook256.out)
\@outlinefile=\write4
\openout4 = `ProbStatBook256.out'.


(/usr/share/texlive/texmf-dist/tex/context/base/mkii/supp-pdf.mkii
[Loading MPS to PDF converter (version 2006.09.02).]
\scratchcounter=\count280
\scratchdimen=\dimen154
\scratchbox=\box52
\nofMPsegments=\count281
\nofMParguments=\count282
\everyMPshowfont=\toks21
\MPscratchCnt=\count283
\MPscratchDim=\dimen155
\MPnumerator=\count284
\makeMPintoPDFobject=\count285
\everyMPtoPDFconversion=\toks22
) (/usr/share/texlive/texmf-dist/tex/latex/epstopdf-pkg/epstopdf-base.sty
Package: epstopdf-base 2020-01-24 v2.11 Base part for package epstopdf
Package epstopdf-base Info: Redefining graphics rule for `.eps' on input line 4
85.

(/usr/share/texlive/texmf-dist/tex/latex/latexconfig/epstopdf-sys.cfg
File: epstopdf-sys.cfg 2010/07/13 v1.3 Configuration of (r)epstopdf for TeX Liv
e
))
\c@lstlisting=\count286

(./Cover.tex
\GPT@outputbox=\box53
LaTeX Font Info:    Font shape `OT1/cmtt/bx/n' in size <12> not available
(Font)              Font shape `OT1/cmtt/m/n' tried instead on input line 36.

Overfull \hbox (73.16452pt too wide) in paragraph at lines 27--42
[][]   [] 
 []

<Bell.pdf, id=2785, 433.62pt x 433.62pt>
File: Bell.pdf Graphic file (type pdf)
<use Bell.pdf>
Package pdftex.def Info: Bell.pdf  used on input line 47.
(pdftex.def)             Requested size: 346.89621pt x 346.91632pt.
) [1



{/var/lib/texmf/fonts/map/pdftex/updmap/pdftex.map} <./Bell.pdf>] [2

]
(./ProbStatBook256.toc
Underfull \vbox (badness 4144) has occurred while \output is active []

 [1

]
[2]
Underfull \vbox (badness 7759) has occurred while \output is active []

 [3]
[4]
Underfull \vbox (badness 3168) has occurred while \output is active []

 [5]
[6] [7] [8] [9] [10] [11]
Underfull \vbox (badness 3168) has occurred while \output is active []

 [12]
[13]
Underfull \vbox (badness 7759) has occurred while \output is active []

 [14]
[15] [16] [17] [18] [19] [20] [21]
Underfull \vbox (badness 3168) has occurred while \output is active []

 [22]
[23]
Underfull \vbox (badness 3108) has occurred while \output is active []

 [24]
Underfull \vbox (badness 3168) has occurred while \output is active []

 [25]
[26])
\tf@toc=\write5
\openout5 = `ProbStatBook256.toc'.

 [27]
\openout2 = `Preface.aux'.

 (./Preface.tex [28


]
Underfull \vbox (badness 10000) has occurred while \output is active []

 [29])
[30] (./Intro.tex
Chapter 1.
pdfTeX warning (ext4): destination with the same identifier (name{page.1}) has 
been already used, duplicate ignored
<to be read again> 
                   \relax 
l.45 \item W
            ittingly or unconsciously, you are using probability every time
[1



]) (./ProbCalc.texpdfTeX warning (ext4): destination with the same identifier (
name{page.2}) has been already used, duplicate ignored
<to be read again> 
                   \relax 
l.1 \chapter
            {Basic Probability Models} [2]
Chapter 2.
[3

] [4] [5] [6]
LaTeX Font Info:    Trying to load font information for OMS+cmr on input line 2
65.
 (/usr/share/texlive/texmf-dist/tex/latex/base/omscmr.fd
File: omscmr.fd 2019/12/16 v2.5j Standard LaTeX font definitions
)
LaTeX Font Info:    Font shape `OMS/cmr/m/n' in size <10.95> not available
(Font)              Font shape `OMS/cmsy/m/n' tried instead on input line 265.

[7] [8] [9] [10] [11] [12]
Underfull \vbox (badness 1264) has occurred while \output is active []

 [13]
[14] [15] [16] [17] [18] [19] [20] [21] [22] [23] [24] [25] [26]
Underfull \hbox (badness 10000) in paragraph at lines 1437--1437
[][][]\OT1/cmr/m/n/9 You can mea-sure times us-ing R's \OT1/cmr/bx/n/9 sys-tem.
time() \OT1/cmr/m/n/9 func-tion, e.g. via the call \OT1/cmr/bx/n/9 sys-
 []

LaTeX Font Info:    Trying to load font information for OML+cmr on input line 1
449.
(/usr/share/texlive/texmf-dist/tex/latex/base/omlcmr.fd
File: omlcmr.fd 2019/12/16 v2.5j Standard LaTeX font definitions
)
LaTeX Font Info:    Font shape `OML/cmr/bx/n' in size <10.95> not available
(Font)              Font shape `OML/cmm/b/it' tried instead on input line 1449.

 [27]
LaTeX Font Info:    Font shape `OML/cmr/m/n' in size <10.95> not available
(Font)              Font shape `OML/cmm/m/it' tried instead on input line 1454.

 [28] [29]
Overfull \hbox (3.28993pt too wide) in paragraph at lines 1614--1615
[][][][][][][][][][][][][][][][][][][][][][][][][][] 
 []

[30] [31] [32]
Underfull \vbox (badness 2608) has occurred while \output is active []

 [33]
Underfull \vbox (badness 10000) has occurred while \output is active []

 [34]
[35] [36] [37] [38]) (./DiscreteProb.tex [39] [40

]
Chapter 3.
LaTeX Font Info:    Font shape `OMS/cmr/m/n' in size <9> not available
(Font)              Font shape `OMS/cmsy/m/n' tried instead on input line 36.
[41] [42] [43]

Package hyperref Warning: Token not allowed in a PDF string (PDFDocEncoding):
(hyperref)                removing `math shift' on input line 170.


Package hyperref Warning: Token not allowed in a PDF string (PDFDocEncoding):
(hyperref)                removing `\@@underline' on input line 170.


Package hyperref Warning: Token not allowed in a PDF string (PDFDocEncoding):
(hyperref)                removing `\hbox' on input line 170.


Package hyperref Warning: Token not allowed in a PDF string (PDFDocEncoding):
(hyperref)                removing `\mathsurround' on input line 170.


Package hyperref Warning: Token not allowed in a PDF string (PDFDocEncoding):
(hyperref)                removing `\z@' on input line 170.


Package hyperref Warning: Token not allowed in a PDF string (PDFDocEncoding):
(hyperref)                removing `math shift' on input line 170.


Underfull \vbox (badness 1895) has occurred while \output is active []

 [44]
[45] [46] [47] [48] [49] [50]
Underfull \vbox (badness 1237) has occurred while \output is active []

 [51]
Underfull \vbox (badness 10000) has occurred while \output is active []

 [52]
[53] [54] [55] [56] [57]

LaTeX Warning: Reference `linreg' on page 58 undefined on input line 962.

[58] [59]

LaTeX Warning: Reference `chap:randvec' on page 60 undefined on input line 1068
.

[60] [61] [62] [63] [64] [65] [66] [67] [68] [69]
Underfull \vbox (badness 5331) has occurred while \output is active []

 [70]
[71]) (./DiscreteParFams.tex [72]
Chapter 4.
<Parabs.pdf, id=4400, 505.89pt x 505.89pt>
File: Parabs.pdf Graphic file (type pdf)
<use Parabs.pdf>
Package pdftex.def Info: Parabs.pdf  used on input line 21.
(pdftex.def)             Requested size: 252.94499pt x 252.94437pt.

Underfull \vbox (badness 10000) has occurred while \output is active []

 [73

 <./Parabs.pdf>]

LaTeX Font Warning: Command \large invalid in math mode on input line 55.


LaTeX Font Warning: Command \large invalid in math mode on input line 55.

LaTeX Font Info:    Calculating math sizes for size <> on input line 56.

LaTeX Font Warning: Font shape `OT1/cmr/m/n' in size <> not available
(Font)              size <5> substituted on input line 56.


LaTeX Font Warning: Font shape `OT1/cmr/m/n' in size <0.7> not available
(Font)              size <5> substituted on input line 56.


LaTeX Font Warning: Font shape `OT1/cmr/m/n' in size <0.5> not available
(Font)              size <5> substituted on input line 56.


LaTeX Font Warning: Font shape `OML/cmm/m/it' in size <> not available
(Font)              size <5> substituted on input line 56.


LaTeX Font Warning: Font shape `OML/cmm/m/it' in size <0.7> not available
(Font)              size <5> substituted on input line 56.


LaTeX Font Warning: Font shape `OML/cmm/m/it' in size <0.5> not available
(Font)              size <5> substituted on input line 56.


LaTeX Font Warning: Font shape `OMS/cmsy/m/n' in size <> not available
(Font)              size <5> substituted on input line 56.


LaTeX Font Warning: Font shape `OMS/cmsy/m/n' in size <0.7> not available
(Font)              size <5> substituted on input line 56.


LaTeX Font Warning: Font shape `OMS/cmsy/m/n' in size <0.5> not available
(Font)              size <5> substituted on input line 56.

[74] [75] [76] [77] [78] [79] [80] [81] [82] [83] [84]
Underfull \vbox (badness 1742) has occurred while \output is active []

 [85]
Underfull \vbox (badness 1377) has occurred while \output is active []

 [86]
[87] [88] [89] [90] [91] [92]
Underfull \vbox (badness 4120) has occurred while \output is active []

 [93]
[94] [95] [96] [97] [98] [99] [100]) (./PauseToReflect.tex [101] [102

]
Chapter 5.
[103] [104]

LaTeX Warning: Reference `totvar' on page 105 undefined on input line 184.

[105] [106] [107] [108] [109] [110]) (./DisMarkovIntro.tex [111] [112

]
Chapter 6.

LaTeX Warning: Reference `chap:matrixreview' on page 113 undefined on input lin
e 6.

[113] [114]
Underfull \vbox (badness 10000) has occurred while \output is active []

 [115]
[116]

Package hyperref Warning: Token not allowed in a PDF string (PDFDocEncoding):
(hyperref)                removing `math shift' on input line 218.


Package hyperref Warning: Token not allowed in a PDF string (PDFDocEncoding):
(hyperref)                removing `\pi' on input line 218.


Package hyperref Warning: Token not allowed in a PDF string (PDFDocEncoding):
(hyperref)                removing `math shift' on input line 218.

[117]

Package hyperref Warning: Token not allowed in a PDF string (PDFDocEncoding):
(hyperref)                removing `math shift' on input line 288.


Package hyperref Warning: Token not allowed in a PDF string (PDFDocEncoding):
(hyperref)                removing `\pi' on input line 288.


Package hyperref Warning: Token not allowed in a PDF string (PDFDocEncoding):
(hyperref)                removing `math shift' on input line 288.


Package hyperref Warning: Token not allowed in a PDF string (PDFDocEncoding):
(hyperref)                removing `math shift' on input line 296.


Package hyperref Warning: Token not allowed in a PDF string (PDFDocEncoding):
(hyperref)                removing `\pi' on input line 296.


Package hyperref Warning: Token not allowed in a PDF string (PDFDocEncoding):
(hyperref)                removing `math shift' on input line 296.

[118] [119] [120] [121] [122]
Overfull \hbox (1.68352pt too wide) in paragraph at lines 545--548
[]\OT1/cmr/m/n/10.95 The cen-tral point here is that the past his-tory of the s
ystem---i.e. the val-ues of $\OML/cmm/m/it/10.95 X[]; X[]; X[]; []X[]$\OT1/cmr/
m/n/10.95 ---
 []

[123] [124] [125] [126]
Underfull \vbox (badness 1675) has occurred while \output is active []

 [127])
(./ContinProb.tex [128]
Chapter 7.

Underfull \vbox (badness 10000) has occurred while \output is active []

 [129

]
[130]
<FD.pdf, id=5037, 433.62pt x 433.62pt>
File: FD.pdf Graphic file (type pdf)
<use FD.pdf>
Package pdftex.def Info: FD.pdf  used on input line 151.
(pdftex.def)             Requested size: 252.94499pt x 252.94879pt.
 [131]
<FZ.pdf, id=5052, 433.62pt x 433.62pt>
File: FZ.pdf Graphic file (type pdf)
<use FZ.pdf>
Package pdftex.def Info: FZ.pdf  used on input line 187.
(pdftex.def)             Requested size: 289.07999pt x 289.09473pt.
 [132 <./FD.pdf>]
Overfull \hbox (6.79999pt too wide) in paragraph at lines 220--221
[] 
 []


Underfull \vbox (badness 1062) has occurred while \output is active []

 [133 <./FZ.pdf>] [134] [135]
<PlusMinusC.pdf, id=5096, 433.62pt x 433.62pt>
File: PlusMinusC.pdf Graphic file (type pdf)
<use PlusMinusC.pdf>
Package pdftex.def Info: PlusMinusC.pdf  used on input line 359.
(pdftex.def)             Requested size: 289.07999pt x 289.09473pt.
 [136] [137 <./PlusMinusC.pdf>] [138] [139] [140] [141]
[142] [143] [144] [145]
<Gamma.pdf, id=5213, 433.62pt x 433.62pt>
File: Gamma.pdf Graphic file (type pdf)
<use Gamma.pdf>
Package pdftex.def Info: Gamma.pdf  used on input line 872.
(pdftex.def)             Requested size: 361.34999pt x 361.36676pt.
 [146] [147 <./Gamma.pdf>]
<Beta0202.pdf, id=5245, 505.89pt x 505.89pt>
File: Beta0202.pdf Graphic file (type pdf)
<use Beta0202.pdf>
Package pdftex.def Info: Beta0202.pdf  used on input line 913.
(pdftex.def)             Requested size: 289.07999pt x 289.08589pt.
<Beta2030.pdf, id=5246, 505.89pt x 505.89pt>
File: Beta2030.pdf Graphic file (type pdf)
<use Beta2030.pdf>
Package pdftex.def Info: Beta2030.pdf  used on input line 921.
(pdftex.def)             Requested size: 289.07999pt x 289.08589pt.
 [148 <./Beta0202.pdf>]
[149 <./Beta2030.pdf>]
Overfull \hbox (3.28993pt too wide) in paragraph at lines 960--961
[][][][][][][][][][][][][][][][][][][][][][][][][][][][][][][][][][][][][][] 
 []


Overfull \hbox (3.28993pt too wide) in paragraph at lines 961--962
[][][][][][][][][][][][][][][][][][][][][][][][][][][][][][][][][][][][][][] 
 []

[150] [151] [152] [153] [154] [155] [156] [157]
Overfull \hbox (68.78073pt too wide) in paragraph at lines 1439--1444
[]\OT1/cmr/bx/n/10.95 9\OT1/cmr/m/n/10.95 . Fill in the blank: Den-sity func-ti
ons for con-tin-u-ous ran-dom vari-ables are analogs of the [][][][][][][][][][
][][][][][][][][][][][][][][][][][][][][][]
 []

) (./NormalFamily.tex [158]
Chapter 8.
[159

] [160] [161] [162] [163] [164] [165] [166] [167] [168] [169]
Overfull \hbox (3.61862pt too wide) in paragraph at lines 651--655
[]\OT1/cmr/m/n/10.95 There are many on-line sim-u-la-tions of this mu-seum demo
n-stra-tion, such as []$\OT1/cmtt/m/n/10.95 http : / / www . mathsisfun .
 []


Underfull \vbox (badness 2334) has occurred while \output is active []

 [170]
[171] [172] [173] [174] [175] [176]) (./ExponDistr.tex [177] [178

]
Chapter 9.
[179]
Underfull \hbox (badness 10000) in paragraph at lines 97--98

 []

[180] [181] [182] [183] [184]
Underfull \hbox (badness 10000) in paragraph at lines 332--333

 []


Overfull \hbox (79.00575pt too wide) has occurred while \output is active
\OT1/cmr/m/sl/10.95 9.3.  EXAMPLE: MINIMA OF INDEPENDENT EXPONENTIALLY DISTRIBU
TED RANDOM VARIABLES \OT1/cmr/m/n/10.95 185
 []

[185]
Underfull \hbox (badness 10000) in paragraph at lines 388--389

 []

[186] [187]
Underfull \vbox (badness 1107) has occurred while \output is active []

 [188]
[189]) (./StopAndReview.tex [190]
Chapter 10.
[191

] [192] [193] [194]) (./ConMarkovIntro.tex [195] [196

]
Chapter 11.
[197]
Underfull \vbox (badness 1342) has occurred while \output is active []

 [198]
[199] [200] [201] [202]

LaTeX Warning: Reference `newbalance' on page 203 undefined on input line 382.

[203] [204] [205]

Package hyperref Warning: Token not allowed in a PDF string (PDFDocEncoding):
(hyperref)                removing `math shift' on input line 530.


Package hyperref Warning: Token not allowed in a PDF string (PDFDocEncoding):
(hyperref)                removing `\pi' on input line 530.


Package hyperref Warning: Token not allowed in a PDF string (PDFDocEncoding):
(hyperref)                removing `math shift' on input line 530.

) (./AdvMarkov.tex [206]
Chapter 12.

Underfull \vbox (badness 1028) has occurred while \output is active []

 [207

]

LaTeX Warning: Reference `continmc' on page 208 undefined on input line 57.

[208] [209] [210]
Underfull \vbox (badness 10000) has occurred while \output is active []

 [211]
[212] [213] [214]

Package hyperref Warning: Token not allowed in a PDF string (PDFDocEncoding):
(hyperref)                removing `math shift' on input line 428.


Package hyperref Warning: Token not allowed in a PDF string (PDFDocEncoding):
(hyperref)                removing `\pi' on input line 428.


Package hyperref Warning: Token not allowed in a PDF string (PDFDocEncoding):
(hyperref)                removing `math shift' on input line 428.

[215] [216] [217]
Underfull \vbox (badness 2189) has occurred while \output is active []

 [218]

Package hyperref Warning: Token not allowed in a PDF string (PDFDocEncoding):
(hyperref)                removing `math shift' on input line 642.


Package hyperref Warning: Token not allowed in a PDF string (PDFDocEncoding):
(hyperref)                removing `\pi' on input line 642.


Package hyperref Warning: Token not allowed in a PDF string (PDFDocEncoding):
(hyperref)                removing `math shift' on input line 642.


Overfull \hbox (27.87364pt too wide) in alignment at lines 654--660
 [][][] []
 []

[219] [220]

Package hyperref Warning: Token not allowed in a PDF string (PDFDocEncoding):
(hyperref)                removing `math shift' on input line 810.


Package hyperref Warning: Token not allowed in a PDF string (PDFDocEncoding):
(hyperref)                removing `\pi' on input line 810.


Package hyperref Warning: Token not allowed in a PDF string (PDFDocEncoding):
(hyperref)                removing `math shift' on input line 810.

[221] [222] [223] [224] [225] [226] [227] [228] [229] [230] [231]
Underfull \vbox (badness 2088) has occurred while \output is active []

 [232]
[233]

LaTeX Warning: Reference `hitting' on page 234 undefined on input line 1668.

[234]) (./Queues.tex [235] [236

]
Chapter 13.
[237] [238] [239] [240] [241] [242] [243] [244] [245]

Package hyperref Warning: Token not allowed in a PDF string (PDFDocEncoding):
(hyperref)                removing `math shift' on input line 562.


Package hyperref Warning: Token not allowed in a PDF string (PDFDocEncoding):
(hyperref)                removing `\pi' on input line 562.


Package hyperref Warning: Token not allowed in a PDF string (PDFDocEncoding):
(hyperref)                removing `math shift' on input line 562.

[246] [247] [248] [249] [250]
Overfull \hbox (6.20573pt too wide) in paragraph at lines 834--836
[]\OT1/cmr/m/n/10.95 Suppose U(t) and V(t) are re-versible Markov chains, and d
e-fine W(t) to be the tu-ple [U(t),V(t)].
 []

[251] [252]

Package hyperref Warning: Token not allowed in a PDF string (PDFDocEncoding):
(hyperref)                removing `math shift' on input line 917.


Package hyperref Warning: Token not allowed in a PDF string (PDFDocEncoding):
(hyperref)                removing `\pi' on input line 917.


Package hyperref Warning: Token not allowed in a PDF string (PDFDocEncoding):
(hyperref)                removing `math shift' on input line 917.

[253]
Overfull \hbox (1.17159pt too wide) in paragraph at lines 1002--1005
[]\OT1/cmr/m/n/10.95 Given t, the de-par-ture pro-cess be-fore time t is sta-ti
s-ti-cally in-de-pen-dent of the states $\OMS/cmsy/m/n/10.95 f\OML/cmm/m/it/10.
95 X\OT1/cmr/m/n/10.95 (\OML/cmm/m/it/10.95 s\OT1/cmr/m/n/10.95 )\OML/cmm/m/it/
10.95 ; s \OMS/cmsy/m/n/10.95 ^^U
 []

[254] [255] [256] [257]) (./Hazard.tex [258]
Chapter 14.
[259

] [260] [261] [262] [263] [264] [265] [266] [267] [268]) (./Renewal.tex
[269] [270

]
Chapter 15.
[271]
Underfull \vbox (badness 1057) has occurred while \output is active []

 [272]
Underfull \hbox (badness 10000) in paragraph at lines 109--110

 []

[273]
Underfull \hbox (badness 10000) in paragraph at lines 149--150

 []

[274]
Underfull \hbox (badness 10000) in paragraph at lines 281--282

 []

[275] [276] [277]

Package hyperref Warning: Token not allowed in a PDF string (PDFDocEncoding):
(hyperref)                removing `math shift' on input line 417.


Package hyperref Warning: Token not allowed in a PDF string (PDFDocEncoding):
(hyperref)                removing `subscript' on input line 417.


Package hyperref Warning: Token not allowed in a PDF string (PDFDocEncoding):
(hyperref)                removing `math shift' on input line 417.


Underfull \vbox (badness 1546) has occurred while \output is active []

 [278]
Underfull \hbox (badness 10000) in paragraph at lines 456--457

 []


Underfull \hbox (badness 10000) in paragraph at lines 479--480

 []

[279]
Underfull \hbox (badness 10000) in paragraph at lines 524--525

 []

[280]
Underfull \hbox (badness 10000) in paragraph at lines 591--592

 []

[281] [282] [283] [284]
<ResidLife.pdf, id=6631, 504.88625pt x 288.07625pt>
File: ResidLife.pdf Graphic file (type pdf)
<use ResidLife.pdf>
Package pdftex.def Info: ResidLife.pdf  used on input line 817.
(pdftex.def)             Requested size: 361.353pt x 216.8171pt.
 [285] [286 <./ResidLife.pdf>] [287] [288] [289]
[290] [291] [292] [293]) (./RandVecs.tex [294]
Chapter 16.

Underfull \vbox (badness 1024) has occurred while \output is active []

 [295

]
[296] [297] [298]
LaTeX Font Info:    Font shape `OMS/cmr/m/it' in size <10.95> not available
(Font)              Font shape `OMS/cmsy/m/n' tried instead on input line 269.
 [299] [300] [301] [302]

LaTeX Warning: Reference `chap:matrixreview' on page 303 undefined on input lin
e 440.

[303] [304] [305] [306] [307] [308] [309] [310] [311] [312] [313])
(./MultVarDistr.tex [314]
Chapter 17.
[315

] [316] [317]

LaTeX Warning: Reference `mixed' on page 318 undefined on input line 200.

[318]
<DoubleInt.pdf, id=7025, 433.62pt x 433.62pt>
File: DoubleInt.pdf Graphic file (type pdf)
<use DoubleInt.pdf>
Package pdftex.def Info: DoubleInt.pdf  used on input line 272.
(pdftex.def)             Requested size: 289.07999pt x 289.09473pt.
 [319] [320 <./DoubleInt.pdf>] [321] [322]
Underfull \vbox (badness 1584) has occurred while \output is active []

 [323]
[324] [325]
Underfull \vbox (badness 2753) has occurred while \output is active []

 [326]
[327] [328]
Overfull \hbox (2.23436pt too wide) detected at line 746
\OML/cmm/m/it/10.95 P\OT1/cmr/m/n/10.95 ([]) = [] [][] [][] [][] [][] [][] [][]

 []

[329] [330] [331] [332] [333] [334]
<Rho2.pdf, id=7220, 433.62pt x 433.62pt>
File: Rho2.pdf Graphic file (type pdf)
<use Rho2.pdf>
Package pdftex.def Info: Rho2.pdf  used on input line 1219.
(pdftex.def)             Requested size: 289.07999pt x 289.09473pt.
<Rho8.pdf, id=7222, 433.62pt x 433.62pt>
File: Rho8.pdf Graphic file (type pdf)
<use Rho8.pdf>
Package pdftex.def Info: Rho8.pdf  used on input line 1238.
(pdftex.def)             Requested size: 289.07999pt x 289.09473pt.
 [335] [336 <./Rho2.pdf>]
Underfull \vbox (badness 10000) has occurred while \output is active []

 [337 <./Rho8.pdf>] [338] [339] [340] [341] [342] [343] [344]) (./Transform.tex
 [345]
[346

]
Chapter 18.
[347] [348] [349]
Overfull \hbox (0.4854pt too wide) in paragraph at lines 165--165
[]\OT1/cmr/bx/n/12 Sums of In-de-pen-dent Pois-son Ran-dom Vari-ables Are Pois-
son Dis-tributed 
 []

[350] [351]) (./StatPrologue.tex [352]
Chapter 19.
[353

] [354] [355]

Package hyperref Warning: Token not allowed in a PDF string (PDFDocEncoding):
(hyperref)                removing `math shift' on input line 252.


Package hyperref Warning: Token not allowed in a PDF string (PDFDocEncoding):
(hyperref)                removing `\@@overline' on input line 252.


Package hyperref Warning: Token not allowed in a PDF string (PDFDocEncoding):
(hyperref)                removing `math shift' on input line 252.


Underfull \vbox (badness 10000) has occurred while \output is active []

 [356]
[357]
Overfull \hbox (6.02626pt too wide) in paragraph at lines 375--375
[]\OT1/cmr/bx/n/14.4 Sample Means Are Ap-prox-i-mately Normal---No Mat-ter What

 []

[358]

Package hyperref Warning: Token not allowed in a PDF string (PDFDocEncoding):
(hyperref)                removing `math shift' on input line 427.


Package hyperref Warning: Token not allowed in a PDF string (PDFDocEncoding):
(hyperref)                removing `\sigma' on input line 427.


Package hyperref Warning: Token not allowed in a PDF string (PDFDocEncoding):
(hyperref)                removing `superscript' on input line 427.


Package hyperref Warning: Token not allowed in a PDF string (PDFDocEncoding):
(hyperref)                removing `math shift' on input line 427.


Overfull \hbox (160.06139pt too wide) has occurred while \output is active
\OT1/cmr/m/sl/10.95 19.3.  SAMPLE MEANS ARE APPROXIMATELY NORMAL---NO MATTER WH
AT THE POPULATION DISTRIBUTION IS \OT1/cmr/m/n/10.95 359
 []

[359] [360] [361]) (./ConfInts.tex [362]
Chapter 20.
[363

] [364] [365] [366] [367] [368] [369] [370]
Underfull \vbox (badness 8038) has occurred while \output is active []

 [371]
[372]
Overfull \hbox (127.7461pt too wide) has occurred while \output is active
\OT1/cmr/m/sl/10.95 20.5.  GENERAL FORMATION OF CONFIDENCE INTERVALS FROM APPRO
XIMATELY NORMAL ESTIMATORS \OT1/cmr/m/n/10.95 373
 []

[373] [374]
Overfull \hbox (127.7461pt too wide) has occurred while \output is active
\OT1/cmr/m/sl/10.95 20.5.  GENERAL FORMATION OF CONFIDENCE INTERVALS FROM APPRO
XIMATELY NORMAL ESTIMATORS \OT1/cmr/m/n/10.95 375
 []

[375] [376] [377] [378] [379] [380] [381]
Overfull \hbox (21.89581pt too wide) in paragraph at lines 1269--1275
\OT1/cmr/m/n/10.95 base-ball play-ers, at []$\OT1/cmtt/m/n/10.95 http : / / wik
i . stat . ucla . edu / socr / index . php / SOCR _ Data _ MLB _ HeightsWeights
$[]\OT1/cmr/m/n/10.95 .
 []


Overfull \hbox (29.5702pt too wide) in paragraph at lines 1282--1283
[][][][][][][][][][][][][][][][][][][][][][][][][][][][][][][][][][][][][][][]
 []

[382] [383] [384] [385] [386] [387] [388] [389]) (./SigTests.tex [390]
Chapter 21.
[391

] [392] [393] [394]

Package hyperref Warning: Token not allowed in a PDF string (PDFDocEncoding):
(hyperref)                removing `math shift' on input line 287.


Package hyperref Warning: Token not allowed in a PDF string (PDFDocEncoding):
(hyperref)                removing `subscript' on input line 287.


Package hyperref Warning: Token not allowed in a PDF string (PDFDocEncoding):
(hyperref)                removing `math shift' on input line 287.


Underfull \vbox (badness 10000) has occurred while \output is active []

 [395]
[396] [397] [398]

Package hyperref Warning: Token not allowed in a PDF string (PDFDocEncoding):
(hyperref)                removing `math shift' on input line 508.


Package hyperref Warning: Token not allowed in a PDF string (PDFDocEncoding):
(hyperref)                removing `subscript' on input line 508.


Package hyperref Warning: Token not allowed in a PDF string (PDFDocEncoding):
(hyperref)                removing `math shift' on input line 508.


Overfull \hbox (30.63434pt too wide) in alignment at lines 520--537
 [][][] []
 []


Underfull \vbox (badness 10000) has occurred while \output is active []

 [399]
Overfull \hbox (55.54778pt too wide) in paragraph at lines 539--545
[]\OT1/cmr/m/n/10.95 Through our mod-el-ing pro-cess, e.g. the dis-cus-sion sur
-round-ing ([]21.4[]), we can cal-cu-late $\OML/cmm/m/it/10.95 P\OT1/cmr/m/n/10
.95 ([] []\OMS/cmsy/m/n/10.95 j []\OML/cmm/m/it/10.95 H[][]\OT1/cmr/m/n/10.95 )
$.
 []

[400]
Overfull \hbox (6.07927pt too wide) has occurred while \output is active
\OT1/cmr/m/sl/10.95 21.11.  WHAT'S WRONG WITH SIGNIFICANCE TESTING---AND WHAT T
O DO INSTEAD \OT1/cmr/m/n/10.95 401
 []

[401] [402]
Overfull \hbox (6.07927pt too wide) has occurred while \output is active
\OT1/cmr/m/sl/10.95 21.11.  WHAT'S WRONG WITH SIGNIFICANCE TESTING---AND WHAT T
O DO INSTEAD \OT1/cmr/m/n/10.95 403
 []

[403] [404]
Underfull \vbox (badness 7869) has occurred while \output is active []


Overfull \hbox (6.07927pt too wide) has occurred while \output is active
\OT1/cmr/m/sl/10.95 21.11.  WHAT'S WRONG WITH SIGNIFICANCE TESTING---AND WHAT T
O DO INSTEAD \OT1/cmr/m/n/10.95 405
 []

[405]) (./Est.tex [406]
Chapter 22.
[407

] [408] [409] [410] [411] [412] [413]
Underfull \vbox (badness 4967) has occurred while \output is active []

 [414]
[415]
<Bodyfat.jpg, id=8131, 481.8pt x 481.8pt>
File: Bodyfat.jpg Graphic file (type jpg)
<use Bodyfat.jpg>
Package pdftex.def Info: Bodyfat.jpg  used on input line 500.
(pdftex.def)             Requested size: 361.34999pt x 361.35646pt.

Underfull \vbox (badness 10000) has occurred while \output is active []

 [416 <./Bodyfat.jpg>] [417] [418] [419] [420] [421]

Package hyperref Warning: Token not allowed in a PDF string (PDFDocEncoding):
(hyperref)                removing `math shift' on input line 781.


Package hyperref Warning: Token not allowed in a PDF string (PDFDocEncoding):
(hyperref)                removing `superscript' on input line 781.


Package hyperref Warning: Token not allowed in a PDF string (PDFDocEncoding):
(hyperref)                removing `math shift' on input line 781.


Underfull \vbox (badness 10000) has occurred while \output is active []

 [422]
[423] [424] [425] [426] [427]
Underfull \vbox (badness 2913) has occurred while \output is active []

 [428]
[429] [430] [431]
Underfull \vbox (badness 10000) has occurred while \output is active []

 [432]
[433]
Overfull \hbox (14.08356pt too wide) in paragraph at lines 1658--1661
\OT1/cmr/m/n/10.95 Though many statis-ti-cians, es-pe-cially aca-demics, are st
aunch, of-ten mil-i-tantly pros-e-ly-tiz-ing, Bayesians,
 []

[434] [435]
Underfull \vbox (badness 1194) has occurred while \output is active []

 [436]
[437] [438]) (./SimultanInfer.tex [439] [440

]
Chapter 23.

Underfull \vbox (badness 10000) has occurred while \output is active []

 [441]
[442] [443] [444]) (./Mixture.tex [445] [446

]
Chapter 24.
[447]
<Faithful.jpg, id=8439, 481.8pt x 481.8pt>
File: Faithful.jpg Graphic file (type jpg)
<use Faithful.jpg>
Package pdftex.def Info: Faithful.jpg  used on input line 57.
(pdftex.def)             Requested size: 216.81pt x 216.80798pt.
 [448 <./Faithful.jpg>] [449] [450]
Overfull \hbox (16.74275pt too wide) in paragraph at lines 258--258
[]\OT1/cmr/bx/n/14.4 Estimation by Method of Max-i-mum Like-li-hood and the Met
hod
 []

[451] [452] [453]
Overfull \hbox (36.14027pt too wide) in paragraph at lines 441--442
[][][][][][][][][][][][][][][][][][][][][][][][][] 
 []


Overfull \hbox (3.28993pt too wide) in paragraph at lines 450--451
[][][][][][][][][][][][][][][][][][][][][][][][][][][][][][][][][] 
 []

[454]
Overfull \hbox (30.86893pt too wide) has occurred while \output is active
\OT1/cmr/m/sl/10.95 24.8.  MEAN AND VARIANCE OF RANDOM VARIABLES HAVING MIXTURE
 DISTRIBUTIONS \OT1/cmr/m/n/10.95 455
 []

[455]
Underfull \vbox (badness 10000) has occurred while \output is active []

 [456]
[457] [458] [459] [460]
Overfull \hbox (70.48772pt too wide) has occurred while \output is active
\OT1/cmr/m/sl/10.95 24.12.  VECTOR SPACE INTERPRETATIONS (FOR THE MATHEMATICALL
Y ADVENTUROUS ONLY) \OT1/cmr/m/n/10.95 461
 []

[461] [462]

LaTeX Warning: Reference `trappedminer' on page 463 undefined on input line 941
.

[463] [464]) (./NonparDens.tex [465] [466

]
Chapter 25.
[467]
Overfull \hbox (12.16745pt too wide) has occurred while \output is active
\OT1/cmr/m/n/10.95 468 \OT1/cmr/m/sl/10.95 CHAPTER 25.  HISTOGRAMS AND BEYOND: 
NONPARAMETRIC DENSITY ESTIMATION
 []

[468] [469]
Overfull \hbox (12.16745pt too wide) has occurred while \output is active
\OT1/cmr/m/n/10.95 470 \OT1/cmr/m/sl/10.95 CHAPTER 25.  HISTOGRAMS AND BEYOND: 
NONPARAMETRIC DENSITY ESTIMATION
 []

[470]
Overfull \hbox (37.23506pt too wide) in paragraph at lines 328--329
[][][][][][][][][][][][][][][][][][][][][][][][][][][] 
 []

<BaseballWtBWDefault.jpg, id=8682, 481.8pt x 481.8pt>
File: BaseballWtBWDefault.jpg Graphic file (type jpg)
<use BaseballWtBWDefault.jpg>
Package pdftex.def Info: BaseballWtBWDefault.jpg  used on input line 358.
(pdftex.def)             Requested size: 289.07999pt x 289.08957pt.
<BaseballWtBW10.jpg, id=8683, 481.8pt x 481.8pt>
File: BaseballWtBW10.jpg Graphic file (type jpg)
<use BaseballWtBW10.jpg>
Package pdftex.def Info: BaseballWtBW10.jpg  used on input line 366.
(pdftex.def)             Requested size: 289.07999pt x 289.08957pt.
<BaseballWtAll.jpg, id=8684, 481.8pt x 481.8pt>
File: BaseballWtAll.jpg Graphic file (type jpg)
<use BaseballWtAll.jpg>
Package pdftex.def Info: BaseballWtAll.jpg  used on input line 374.
(pdftex.def)             Requested size: 289.07999pt x 289.08957pt.
<BaseballWtAllPlusCatchers.jpg, id=8685, 481.8pt x 481.8pt>
File: BaseballWtAllPlusCatchers.jpg Graphic file (type jpg)
<use BaseballWtAllPlusCatchers.jpg>
Package pdftex.def Info: BaseballWtAllPlusCatchers.jpg  used on input line 383.

(pdftex.def)             Requested size: 289.07999pt x 289.08957pt.
[471]
Overfull \hbox (12.16745pt too wide) has occurred while \output is active
\OT1/cmr/m/n/10.95 472 \OT1/cmr/m/sl/10.95 CHAPTER 25.  HISTOGRAMS AND BEYOND: 
NONPARAMETRIC DENSITY ESTIMATION
 []

[472 <./BaseballWtBWDefault.jpg>] [473 <./BaseballWtBW10.jpg>]
Overfull \hbox (12.16745pt too wide) has occurred while \output is active
\OT1/cmr/m/n/10.95 474 \OT1/cmr/m/sl/10.95 CHAPTER 25.  HISTOGRAMS AND BEYOND: 
NONPARAMETRIC DENSITY ESTIMATION
 []

[474 <./BaseballWtAll.jpg>] [475 <./BaseballWtAllPlusCatchers.jpg>]
<Alias.jpg, id=8746, 481.8pt x 481.8pt>
File: Alias.jpg Graphic file (type jpg)
<use Alias.jpg>
Package pdftex.def Info: Alias.jpg  used on input line 514.
(pdftex.def)             Requested size: 216.81pt x 216.80798pt.

Underfull \vbox (badness 3333) has occurred while \output is active []


Overfull \hbox (12.16745pt too wide) has occurred while \output is active
\OT1/cmr/m/n/10.95 476 \OT1/cmr/m/sl/10.95 CHAPTER 25.  HISTOGRAMS AND BEYOND: 
NONPARAMETRIC DENSITY ESTIMATION
 []

[476 <./Alias.jpg>]
<EmpCDF.pdf, id=8758, 433.62pt x 433.62pt>
File: EmpCDF.pdf Graphic file (type pdf)
<use EmpCDF.pdf>
Package pdftex.def Info: EmpCDF.pdf  used on input line 563.
(pdftex.def)             Requested size: 216.81pt x 216.80946pt.
 [477 <./EmpCDF.pdf>]) (./ModelBuilding.tex
Overfull \hbox (12.16745pt too wide) has occurred while \output is active
\OT1/cmr/m/n/10.95 478 \OT1/cmr/m/sl/10.95 CHAPTER 25.  HISTOGRAMS AND BEYOND: 
NONPARAMETRIC DENSITY ESTIMATION
 []

[478]
Chapter 26.
[479

] [480] [481] [482] [483] [484] [485] [486]
<BaseballAge.jpg, id=8869, 481.8pt x 481.8pt>
File: BaseballAge.jpg Graphic file (type jpg)
<use BaseballAge.jpg>
Package pdftex.def Info: BaseballAge.jpg  used on input line 509.
(pdftex.def)             Requested size: 325.215pt x 325.223pt.
 [487]
Underfull \vbox (badness 10000) has occurred while \output is active []

 [488 <./BaseballAge.jpg>] [489]) (./LinReg.tex [490]
Chapter 27.
[491

]
Overfull \hbox (4.45274pt too wide) in paragraph at lines 81--81
[]\OT1/cmr/bx/n/14.4 Example Ap-pli-ca-tions: Soft-ware En-gi-neer-ing, Net-wor
ks, Text
 []

[492] [493] [494]
Underfull \vbox (badness 5446) has occurred while \output is active []

 [495]
[496] [497] [498] [499] [500] [501] [502] [503] [504]

LaTeX Warning: Reference `genlinmodel' on page 505 undefined on input line 978.


[505] [506] [507]

LaTeX Warning: Reference `genlinmodel' on page 508 undefined on input line 1148
.

[508] [509]
Underfull \vbox (badness 1092) has occurred while \output is active []

 [510]
Underfull \vbox (badness 1147) has occurred while \output is active []

 [511]
[512]
Overfull \hbox (36.14027pt too wide) in paragraph at lines 1728--1729
[][][][][][][][][][][][][][][][][][][][][][][][][][] 
 []


Overfull \hbox (29.5702pt too wide) in paragraph at lines 1736--1737
[][][][][][][][][][][][][][][][][][][][][][][][][][][][][][] 
 []

[513] [514] [515]
Overfull \hbox (0.93039pt too wide) in paragraph at lines 1914--1915
[][]$\OT1/cmtt/m/n/10.95 http : / / statsinthewild . wordpress . com / 2012 / 0
8 / 23 / mere-[]mortals-[]retract-[]this-[]article/$[]\OT1/cmr/m/n/10.95 . 
 []

[516] [517]
Overfull \hbox (4.55289pt too wide) in paragraph at lines 2154--2158
\OT1/cmr/m/n/10.95 So, we typ-i-cally must dis-card some, maybe many, of our pr
e-dic-tor vari-ables. In the weight/height/age
 []


Underfull \vbox (badness 10000) has occurred while \output is active []

 [518]
[519] [520]
Underfull \vbox (badness 1472) has occurred while \output is active []

 [521]
[522] [523]
Overfull \hbox (36.14027pt too wide) in paragraph at lines 2440--2441
[][][][][][][][][][][][][][][][][][][][][][][][][][][][][] 
 []


Overfull \hbox (3.28993pt too wide) in paragraph at lines 2457--2458
[][][][][][][][][][][][][][][][][][][][][][][][][][][][][][][][][][][][][][][][
][][][] 
 []


Overfull \hbox (3.28993pt too wide) in paragraph at lines 2459--2460
[][][][][][][][][][][][][][][][][][][][][][][][][][][][][][][][][][][][][][][][
][][][][][][][][][][][][][][][][][][][][][][][][][][][][][][][][][][][][][][][]
[][][][][] 
 []


Overfull \hbox (3.28993pt too wide) in paragraph at lines 2461--2462
[][][][][][][][][][][][][][][][][][][][][][][][][][][][][][][][][][][][][][][][
][][][][][][][][][][][][][][][][][][][][][][][][][][][][][][][][][][][][][][][]
[][][][][] 
 []


Overfull \hbox (3.28993pt too wide) in paragraph at lines 2463--2464
[][][][][][][][][][][][][][][][][][][][][][][][][][][][][][][][][][][][][][][][
][][][][][][][][][][][][][][][][][][][][][][][][][][][][][][][][][][][][][][][]
[][][][][] 
 []


Overfull \hbox (3.28993pt too wide) in paragraph at lines 2465--2466
[][][][][][][][][][][][][][][][][][][][][][][][][][][][][][][][][][][][][][][][
][][][][][][][][][][][][][][][][][][][][][][][][][][][][][][][][][][][][][][][]
[][][][][] 
 []


Overfull \hbox (3.28993pt too wide) in paragraph at lines 2467--2468
[][][][][][][][][][][][][][][][][][][][][][][][][][][][][][][][][][][][][][][][
][][][][][][][][][][][][][][][][][][][][][][][][][][][][][][][][][][][][][][][]
[][][][][] 
 []


Overfull \hbox (3.28993pt too wide) in paragraph at lines 2469--2470
[][][][][][][][][][][][][][][][][][][][][][][][][][][][][][][][][][][][][][][][
][][][][][][][][][][][][][][][][][][][][][][][][][][][][][][][][][][][][][][][]
[][][][][] 
 []

[524] [525] [526] [527] [528]
Underfull \vbox (badness 10000) has occurred while \output is active []

 [529]
[530] [531] [532]
Overfull \hbox (23.92094pt too wide) in paragraph at lines 2963--2966
[]\OT1/cmr/m/n/10.95 The two null hy-pothe-ses be-ing tested here are $\OML/cmm
/m/it/10.95 H[] \OT1/cmr/m/n/10.95 :$ [][][][][][][][][][][][][][][][][][][][][
][][] and $\OML/cmm/m/it/10.95 H[] \OT1/cmr/m/n/10.95 :$ [][][][][][][][][][][]
[][][][][][][][][][][][]. 
 []

) (./Class.tex [533] [534

]
Chapter 28.
[535] [536]
Underfull \vbox (badness 10000) has occurred while \output is active []


Overfull \hbox (261.11981pt too wide) has occurred while \output is active
\OT1/cmr/m/sl/10.95 28.2.  LOGISTIC REGRESSION: A COMMON PARAMETRIC MODEL FOR T
HE REGRESSION FUNCTION IN CLASSIFICATION PROBLEMS \OT1/cmr/m/n/10.95 537
 []

[537] [538]
Underfull \vbox (badness 7451) has occurred while \output is active []


Overfull \hbox (261.11981pt too wide) has occurred while \output is active
\OT1/cmr/m/sl/10.95 28.2.  LOGISTIC REGRESSION: A COMMON PARAMETRIC MODEL FOR T
HE REGRESSION FUNCTION IN CLASSIFICATION PROBLEMS \OT1/cmr/m/n/10.95 539
 []

[539]

Package hyperref Warning: Difference (2) between bookmark levels is greater 
(hyperref)                than one, level fixed on input line 299.

[540] [541]
Underfull \vbox (badness 10000) has occurred while \output is active []

 [542]
[543] [544]
Overfull \hbox (7.35162pt too wide) in paragraph at lines 581--591
\OT1/cmtt/m/n/10.95 letter-[]frequencies-[]various-[]languages / english-[]lett
er-[]frequencies/$[]\OT1/cmr/m/n/10.95 ). They find that $\OML/cmm/m/it/10.95 ^
^Y[] \OT1/cmr/m/n/10.95 =
 []

[545] [546]
Overfull \hbox (56.87405pt too wide) has occurred while \output is active
\OT1/cmr/m/sl/10.95 28.6.  OPTIMALITY OF THE REGRESSION FUNCTION FOR 0-1-VALUED
 Y (OPTIONAL SECTION) \OT1/cmr/m/n/10.95 547
 []

[547]) (./NonparRegClass.tex [548]
Chapter 29.

Package hyperref Warning: Token not allowed in a PDF string (PDFDocEncoding):
(hyperref)                removing `math shift' on input line 13.


Package hyperref Warning: Token not allowed in a PDF string (PDFDocEncoding):
(hyperref)                removing `subscript' on input line 13.


Package hyperref Warning: Token not allowed in a PDF string (PDFDocEncoding):
(hyperref)                removing `math shift' on input line 13.

[549

]

LaTeX Warning: Reference `nonpardens' on page 550 undefined on input line 43.


Overfull \hbox (3.28993pt too wide) in paragraph at lines 63--64
[][][][][][][][][][][][][][][][][][][][][][][][][][][][][][][][][][][] 
 []


Overfull \hbox (16.43007pt too wide) in paragraph at lines 75--76
[][][][][][][][][][][][][][][][][][][][][][][][][][][][][][][][] 
 []


Overfull \hbox (9.86pt too wide) in paragraph at lines 78--79
[][][][][][][][][][][][][][][][][][][][][][][][][][][][][][][][][][] 
 []


Overfull \hbox (85.46928pt too wide) has occurred while \output is active
\OT1/cmr/m/n/10.95 550 \OT1/cmr/m/sl/10.95 CHAPTER 29.  NONPARAMETRIC ESTIMATIO
N OF REGRESSION AND CLASSIFICATION FUNCTIONS
 []

[550]
Overfull \hbox (9.86pt too wide) in paragraph at lines 89--90
[][][][][][][][][][][][][][][][][][][][][][][][][][][][][][][][][][][] 
 []


Overfull \hbox (29.5702pt too wide) in paragraph at lines 92--93
[][][][][][][][][][][][][][][][][][][][][][][][][][][][][][][][][][][][][][][] 

 []


Overfull \hbox (16.43007pt too wide) in paragraph at lines 93--94
[][][][][][][][][][][][][][][][][][][][][][][][][][] 
 []


Overfull \hbox (3.28993pt too wide) in paragraph at lines 108--109
[][][][][][][][][][][][][][][][][][][][][][][][][][][][][][][][][][][][] 
 []


Underfull \vbox (badness 10000) has occurred while \output is active []

 [551]
Overfull \hbox (85.46928pt too wide) has occurred while \output is active
\OT1/cmr/m/n/10.95 552 \OT1/cmr/m/sl/10.95 CHAPTER 29.  NONPARAMETRIC ESTIMATIO
N OF REGRESSION AND CLASSIFICATION FUNCTIONS
 []

[552]
Underfull \vbox (badness 1454) has occurred while \output is active []

 [553]
Overfull \hbox (85.46928pt too wide) has occurred while \output is active
\OT1/cmr/m/n/10.95 554 \OT1/cmr/m/sl/10.95 CHAPTER 29.  NONPARAMETRIC ESTIMATIO
N OF REGRESSION AND CLASSIFICATION FUNCTIONS
 []

[554] [555]
<RPart.jpg, id=9694, 514.5624pt x 222.5916pt>
File: RPart.jpg Graphic file (type jpg)
<use RPart.jpg>
Package pdftex.def Info: RPart.jpg  used on input line 355.
(pdftex.def)             Requested size: 505.89pt x 218.85153pt.

Overfull \hbox (36.13501pt too wide) in paragraph at lines 355--356
[][] 
 []

<CARTBound.pdf, id=9695, 505.89pt x 505.89pt>
File: CARTBound.pdf Graphic file (type pdf)
<use CARTBound.pdf>
Package pdftex.def Info: CARTBound.pdf  used on input line 365.
(pdftex.def)             Requested size: 361.34999pt x 361.35352pt.

Underfull \vbox (badness 10000) has occurred while \output is active []


Overfull \hbox (85.46928pt too wide) has occurred while \output is active
\OT1/cmr/m/n/10.95 556 \OT1/cmr/m/sl/10.95 CHAPTER 29.  NONPARAMETRIC ESTIMATIO
N OF REGRESSION AND CLASSIFICATION FUNCTIONS
 []

[556 <./RPart.jpg>] [557 <./CARTBound.pdf>]) (./Among.tex
Overfull \hbox (85.46928pt too wide) has occurred while \output is active
\OT1/cmr/m/n/10.95 558 \OT1/cmr/m/sl/10.95 CHAPTER 29.  NONPARAMETRIC ESTIMATIO
N OF REGRESSION AND CLASSIFICATION FUNCTIONS
 []

[558]
Chapter 30.

Package hyperref Warning: Token not allowed in a PDF string (PDFDocEncoding):
(hyperref)                removing `math shift' on input line 1.


Package hyperref Warning: Token not allowed in a PDF string (PDFDocEncoding):
(hyperref)                removing `\@@underline' on input line 1.


Package hyperref Warning: Token not allowed in a PDF string (PDFDocEncoding):
(hyperref)                removing `\hbox' on input line 1.


Package hyperref Warning: Token not allowed in a PDF string (PDFDocEncoding):
(hyperref)                removing `\mathsurround' on input line 1.


Package hyperref Warning: Token not allowed in a PDF string (PDFDocEncoding):
(hyperref)                removing `\z@' on input line 1.


Package hyperref Warning: Token not allowed in a PDF string (PDFDocEncoding):
(hyperref)                removing `math shift' on input line 1.

[559

] [560] [561] [562]
Overfull \hbox (29.5702pt too wide) in paragraph at lines 236--237
[][][][][][][][][][][][][][][][][][][][][][] 
 []


Overfull \hbox (29.5702pt too wide) in paragraph at lines 237--238
[][][][][][][][][][][][][][][][][][][][][][] 
 []


Overfull \hbox (29.5702pt too wide) in paragraph at lines 238--239
[][][][][][][][][][][][][][][][][][][][][][] 
 []


Overfull \hbox (36.14027pt too wide) in paragraph at lines 241--242
[][][][][][][][][][][][][][][][][][][][][][] 
 []


Overfull \hbox (36.14027pt too wide) in paragraph at lines 242--243
[][][][][][][][][][][][][][][][][][][][][][] 
 []


Overfull \hbox (36.14027pt too wide) in paragraph at lines 243--244
[][][][][][][][][][][][][][][][][][][][][][] 
 []


Overfull \hbox (36.14027pt too wide) in paragraph at lines 246--247
[][][][][][][][][][][][][][][][][][][][][][] 
 []


Overfull \hbox (36.14027pt too wide) in paragraph at lines 247--248
[][][][][][][][][][][][][][][][][][][][][][] 
 []


Overfull \hbox (36.14027pt too wide) in paragraph at lines 248--249
[][][][][][][][][][][][][][][][][][][][][][] 
 []


Overfull \hbox (42.71034pt too wide) in paragraph at lines 251--252
[][][][][][][][][][][][][][][][][][][][][][] 
 []


Overfull \hbox (42.71034pt too wide) in paragraph at lines 252--253
[][][][][][][][][][][][][][][][][][][][][][] 
 []


Overfull \hbox (42.71034pt too wide) in paragraph at lines 253--254
[][][][][][][][][][][][][][][][][][][][][][] 
 []

[563]
Underfull \vbox (badness 4036) has occurred while \output is active []

 [564]
[565] [566] [567] [568] [569] [570] [571]
Underfull \vbox (badness 2221) has occurred while \output is active []

 [572]
[573] [574] [575] [576] [577] [578] [579]
Overfull \hbox (36.14027pt too wide) in paragraph at lines 1135--1136
[][][][][][][][][][][][][][][][][][][][][][][] 
 []


Overfull \hbox (36.14027pt too wide) in paragraph at lines 1136--1138
[][][][][][][][][][][][][][][][][][][][][][][] 
 []


Overfull \hbox (3.28993pt too wide) in paragraph at lines 1140--1141
[][][][][][][][][][][][][][][][][][][][][][][][][][][][] 
 []


Overfull \hbox (9.86pt too wide) in paragraph at lines 1141--1142
[][][][][][][][][][][][][][][][][][][][][] 
 []


Overfull \hbox (9.86pt too wide) in paragraph at lines 1142--1143
[][][][][][][][][][][][][][][][][][][][][][][][][] 
 []

[580]) (./HazardEst.tex [581] [582

]
Chapter 31.
) (./AdvEst.tex [583] [584

]
Chapter 32.
[585]
Overfull \hbox (2.48358pt too wide) in paragraph at lines 47--51
[]\OT1/cmr/bx/n/10.95 Slutsky's The-o-rem \OT1/cmr/m/it/10.95 (abridged ver-sio
n): Con-sider ran-dom vari-ables $\OML/cmm/m/it/10.95 X[]; Y[]; []X$\OT1/cmr/m/
it/10.95 ,
 []


Package hyperref Warning: Token not allowed in a PDF string (PDFDocEncoding):
(hyperref)                removing `math shift' on input line 64.


Package hyperref Warning: Token not allowed in a PDF string (PDFDocEncoding):
(hyperref)                removing `math shift' on input line 64.


Package hyperref Warning: Token not allowed in a PDF string (PDFDocEncoding):
(hyperref)                removing `math shift' on input line 64.


Package hyperref Warning: Token not allowed in a PDF string (PDFDocEncoding):
(hyperref)                removing `\sigma' on input line 64.


Package hyperref Warning: Token not allowed in a PDF string (PDFDocEncoding):
(hyperref)                removing `math shift' on input line 64.

[586]
Overfull \hbox (152.68541pt too wide) has occurred while \output is active
\OT1/cmr/m/sl/10.95 32.2.  THE DELTA METHOD: CONFIDENCE INTERVALS FOR GENERAL F
UNCTIONS OF MEANS OR PROPORTIONS \OT1/cmr/m/n/10.95 587
 []

[587] [588]
Overfull \hbox (152.68541pt too wide) has occurred while \output is active
\OT1/cmr/m/sl/10.95 32.2.  THE DELTA METHOD: CONFIDENCE INTERVALS FOR GENERAL F
UNCTIONS OF MEANS OR PROPORTIONS \OT1/cmr/m/n/10.95 589
 []

[589]
Underfull \hbox (badness 10000) in paragraph at lines 287--288

 []

[590]

Package hyperref Warning: Token not allowed in a PDF string (PDFDocEncoding):
(hyperref)                removing `math shift' on input line 360.


Package hyperref Warning: Token not allowed in a PDF string (PDFDocEncoding):
(hyperref)                removing `\sigma' on input line 360.


Package hyperref Warning: Token not allowed in a PDF string (PDFDocEncoding):
(hyperref)                removing `superscript' on input line 360.


Package hyperref Warning: Token not allowed in a PDF string (PDFDocEncoding):
(hyperref)                removing `math shift' on input line 360.


Overfull \hbox (152.68541pt too wide) has occurred while \output is active
\OT1/cmr/m/sl/10.95 32.2.  THE DELTA METHOD: CONFIDENCE INTERVALS FOR GENERAL F
UNCTIONS OF MEANS OR PROPORTIONS \OT1/cmr/m/n/10.95 591
 []

[591] [592]
Overfull \hbox (152.68541pt too wide) has occurred while \output is active
\OT1/cmr/m/sl/10.95 32.2.  THE DELTA METHOD: CONFIDENCE INTERVALS FOR GENERAL F
UNCTIONS OF MEANS OR PROPORTIONS \OT1/cmr/m/n/10.95 593
 []

[593] [594] [595] [596] [597]) (./GGPlot2Intro.tex [598]
Appendix A.
[599

] [600]
<Lines1.pdf, id=10302, 505.89pt x 505.89pt>
File: Lines1.pdf Graphic file (type pdf)
<use Lines1.pdf>
Package pdftex.def Info: Lines1.pdf  used on input line 171.
(pdftex.def)             Requested size: 289.07999pt x 289.08589pt.
 [601]
Overfull \hbox (3.28993pt too wide) in paragraph at lines 181--182
[][][][][][][][][][][][][][][][][][][][][][][][][][][][][][][][][][][][][][][][
][][][][][] 
 []

<Lines2.pdf, id=10314, 505.89pt x 505.89pt>
File: Lines2.pdf Graphic file (type pdf)
<use Lines2.pdf>
Package pdftex.def Info: Lines2.pdf  used on input line 186.
(pdftex.def)             Requested size: 289.07999pt x 289.08589pt.

Underfull \vbox (badness 10000) has occurred while \output is active []

 [602 <./Lines1.pdf>]
Package pdftex.def Info: Option `bb' equivalent to `viewport' with pdftex drive
r on input line 216.
<EdHist.pdf, id=10331, 505.89pt x 505.89pt>
File: EdHist.pdf Graphic file (type pdf)
<use EdHist.pdf>
Package pdftex.def Info: EdHist.pdf  used on input line 216.
(pdftex.def)             Requested size: 289.07999pt x 289.08661pt.

Underfull \vbox (badness 1577) has occurred while \output is active []

 [603 <./Lines2.pdf>]
Package pdftex.def Info: Option `bb' equivalent to `viewport' with pdftex drive
r on input line 243.
<AgeInc.pdf, id=10345, 505.89pt x 505.89pt>
File: AgeInc.pdf Graphic file (type pdf)
<use AgeInc.pdf>
Package pdftex.def Info: AgeInc.pdf  used on input line 243.
(pdftex.def)             Requested size: 252.94499pt x 252.94499pt.

Underfull \vbox (badness 10000) has occurred while \output is active []

 [604 <./EdHist.pdf>]
Package pdftex.def Info: Option `bb' equivalent to `viewport' with pdftex drive
r on input line 261.
<AgeIncColor.pdf, id=10355, 505.89pt x 505.89pt>
File: AgeIncColor.pdf Graphic file (type pdf)
<use AgeIncColor.pdf>
Package pdftex.def Info: AgeIncColor.pdf  used on input line 261.
(pdftex.def)             Requested size: 252.94499pt x 252.94499pt.

Underfull \vbox (badness 10000) has occurred while \output is active []

 [605 <./AgeInc.pdf>]
Package pdftex.def Info: Option `bb' equivalent to `viewport' with pdftex drive
r on input line 278.
<AgeIncShape.pdf, id=10368, 505.89pt x 505.89pt>
File: AgeIncShape.pdf Graphic file (type pdf)
<use AgeIncShape.pdf>
Package pdftex.def Info: AgeIncShape.pdf  used on input line 278.
(pdftex.def)             Requested size: 325.215pt x 325.2205pt.

Underfull \vbox (badness 10000) has occurred while \output is active []

 [606 <./AgeIncColor.pdf>]
Package pdftex.def Info: Option `bb' equivalent to `viewport' with pdftex drive
r on input line 291.
<40AgeIncColor.pdf, id=10380, 505.89pt x 505.89pt>
File: 40AgeIncColor.pdf Graphic file (type pdf)
<use 40AgeIncColor.pdf>
Package pdftex.def Info: 40AgeIncColor.pdf  used on input line 291.
(pdftex.def)             Requested size: 325.215pt x 325.2205pt.

Underfull \vbox (badness 10000) has occurred while \output is active []

 [607 <./AgeIncShape.pdf>]
Package pdftex.def Info: Option `bb' equivalent to `viewport' with pdftex drive
r on input line 313.
<FacetVertAgeInc.pdf, id=10392, 505.89pt x 505.89pt>
File: FacetVertAgeInc.pdf Graphic file (type pdf)
<use FacetVertAgeInc.pdf>
Package pdftex.def Info: FacetVertAgeInc.pdf  used on input line 313.
(pdftex.def)             Requested size: 325.215pt x 325.2205pt.

Underfull \vbox (badness 10000) has occurred while \output is active []

 [608 <./40AgeIncColor.pdf>]
Package pdftex.def Info: Option `bb' equivalent to `viewport' with pdftex drive
r on input line 317.
<FacetHorizAgeInc.pdf, id=10405, 505.89pt x 505.89pt>
File: FacetHorizAgeInc.pdf Graphic file (type pdf)
<use FacetHorizAgeInc.pdf>
Package pdftex.def Info: FacetHorizAgeInc.pdf  used on input line 317.
(pdftex.def)             Requested size: 325.215pt x 325.2205pt.

Underfull \vbox (badness 10000) has occurred while \output is active []

 [609 <./FacetVertAgeInc.pdf>] [610 <./FacetHorizAgeInc.pdf>] [611]
Overfull \hbox (9.86pt too wide) in paragraph at lines 397--398
[][][][][][][][][][][][][][][][][][][][][][][][][][][][][][][][] 
 []


Overfull \hbox (9.86pt too wide) in paragraph at lines 436--437
[][][][][][][][][][][][][][][][][][][][][][][][][][][][][][][][] 
 []

[612])
Package atveryend Info: Empty hook `BeforeClearDocument' on input line 54.
 [613]
Package atveryend Info: Empty hook `AfterLastShipout' on input line 54.
 (./ProbStatBook256.aux (./Preface.aux))
Package atveryend Info: Executing hook `AtVeryEndDocument' on input line 54.
Package atveryend Info: Executing hook `AtEndAfterFileList' on input line 54.
Package rerunfilecheck Info: File `ProbStatBook256.out' has not changed.
(rerunfilecheck)             Checksum: DD8C5466065C0BB2A6374114B336989E;57901.


LaTeX Font Warning: Size substitutions with differences
(Font)              up to 4.5pt have occurred.


LaTeX Warning: There were undefined references.


LaTeX Warning: There were multiply-defined labels.

Package atveryend Info: Empty hook `AtVeryVeryEnd' on input line 54.
 ) 
Here is how much of TeX's memory you used:
 14821 strings out of 483107
 208748 string characters out of 5964630
 621014 words of memory out of 5000000
 25699 multiletter control sequences out of 15000+600000
 553714 words of font info for 98 fonts, out of 8000000 for 9000
 59 hyphenation exceptions out of 8191
 39i,14n,44p,586b,2463s stack positions out of 5000i,500n,10000p,200000b,80000s
 </home/matloff/.texlive2019/texmf-var/fonts/pk/ljfour/jknappen/ec/tcbx1095.6
00pk> </home/matloff/.texlive2019/texmf-var/fonts/pk/ljfour/jknappen/ec/tcrm109
5.600pk></usr/share/texlive/texmf-dist/fonts/type1/public/amsfonts/cm/cmbsy10.p
fb></usr/share/texlive/texmf-dist/fonts/type1/public/amsfonts/cmextra/cmbsy7.pf
b></usr/share/texlive/texmf-dist/fonts/type1/public/amsfonts/cm/cmbx10.pfb></us
r/share/texlive/texmf-dist/fonts/type1/public/amsfonts/cm/cmbx12.pfb></usr/shar
e/texlive/texmf-dist/fonts/type1/public/amsfonts/cm/cmbx7.pfb></usr/share/texli
ve/texmf-dist/fonts/type1/public/amsfonts/cm/cmbx9.pfb></usr/share/texlive/texm
f-dist/fonts/type1/public/amsfonts/cm/cmbxti10.pfb></usr/share/texlive/texmf-di
st/fonts/type1/public/amsfonts/cm/cmcsc10.pfb></usr/share/texlive/texmf-dist/fo
nts/type1/public/amsfonts/cm/cmex10.pfb></usr/share/texlive/texmf-dist/fonts/ty
pe1/public/amsfonts/cmextra/cmex8.pfb></usr/share/texlive/texmf-dist/fonts/type
1/public/amsfonts/cmextra/cmex9.pfb></usr/share/texlive/texmf-dist/fonts/type1/
public/amsfonts/cm/cmmi10.pfb></usr/share/texlive/texmf-dist/fonts/type1/public
/amsfonts/cm/cmmi12.pfb></usr/share/texlive/texmf-dist/fonts/type1/public/amsfo
nts/cm/cmmi6.pfb></usr/share/texlive/texmf-dist/fonts/type1/public/amsfonts/cm/
cmmi8.pfb></usr/share/texlive/texmf-dist/fonts/type1/public/amsfonts/cm/cmmi9.p
fb></usr/share/texlive/texmf-dist/fonts/type1/public/amsfonts/cm/cmmib10.pfb></
usr/share/texlive/texmf-dist/fonts/type1/public/amsfonts/cm/cmr10.pfb></usr/sha
re/texlive/texmf-dist/fonts/type1/public/amsfonts/cm/cmr12.pfb></usr/share/texl
ive/texmf-dist/fonts/type1/public/amsfonts/cm/cmr17.pfb></usr/share/texlive/tex
mf-dist/fonts/type1/public/amsfonts/cm/cmr6.pfb></usr/share/texlive/texmf-dist/
fonts/type1/public/amsfonts/cm/cmr8.pfb></usr/share/texlive/texmf-dist/fonts/ty
pe1/public/amsfonts/cm/cmr9.pfb></usr/share/texlive/texmf-dist/fonts/type1/publ
ic/amsfonts/cm/cmsl10.pfb></usr/share/texlive/texmf-dist/fonts/type1/public/ams
fonts/cm/cmsy10.pfb></usr/share/texlive/texmf-dist/fonts/type1/public/amsfonts/
cm/cmsy6.pfb></usr/share/texlive/texmf-dist/fonts/type1/public/amsfonts/cm/cmsy
8.pfb></usr/share/texlive/texmf-dist/fonts/type1/public/amsfonts/cm/cmsy9.pfb><
/usr/share/texlive/texmf-dist/fonts/type1/public/amsfonts/cm/cmti10.pfb></usr/s
hare/texlive/texmf-dist/fonts/type1/public/amsfonts/cm/cmti12.pfb></usr/share/t
exlive/texmf-dist/fonts/type1/public/amsfonts/cm/cmti9.pfb></usr/share/texlive/
texmf-dist/fonts/type1/public/amsfonts/cm/cmtt10.pfb></usr/share/texlive/texmf-
dist/fonts/type1/public/amsfonts/cm/cmtt12.pfb></usr/share/texlive/texmf-dist/f
onts/type1/public/amsfonts/cm/cmtt8.pfb></usr/share/texlive/texmf-dist/fonts/ty
pe1/public/amsfonts/cm/cmtt9.pfb>
Output written on ProbStatBook256.pdf (645 pages, 8509953 bytes).
PDF statistics:
 11457 PDF objects out of 12825 (max. 8388607)
 10565 compressed objects within 106 object streams
 3847 named destinations out of 4296 (max. 500000)
 5697 words of extra memory for PDF output out of 10000 (max. 10000000)

