This is pdfTeX, Version 3.14159265-2.6-1.40.20 (TeX Live 2019/Debian) (preloaded format=pdflatex 2021.5.21)  25 OCT 2022 13:52
entering extended mode
 restricted \write18 enabled.
 %&-line parsing enabled.
**ProbStatBook256Fall2022.tex
(./ProbStatBook256Fall2022.tex
LaTeX2e <2020-02-02> patch level 2
L3 programming layer <2020-02-14>
(/usr/share/texlive/texmf-dist/tex/latex/base/book.cls
Document Class: book 2019/12/20 v1.4l Standard LaTeX document class
(/usr/share/texlive/texmf-dist/tex/latex/base/bk11.clo
File: bk11.clo 2019/12/20 v1.4l Standard LaTeX file (size option)
)
\c@part=\count167
\c@chapter=\count168
\c@section=\count169
\c@subsection=\count170
\c@subsubsection=\count171
\c@paragraph=\count172
\c@subparagraph=\count173
\c@figure=\count174
\c@table=\count175
\abovecaptionskip=\skip47
\belowcaptionskip=\skip48
\bibindent=\dimen134
)
\@input{Includes/Includes.aux}
\openout2 = `Includes/Includes.aux'.

(./Includes/Includes.tex
(/usr/share/texlive/texmf-dist/tex/latex/fancyvrb/fancyvrb.sty
Package: fancyvrb 2020/01/13 v3.5 verbatim text (tvz,hv)

(/usr/share/texlive/texmf-dist/tex/latex/graphics/keyval.sty
Package: keyval 2014/10/28 v1.15 key=value parser (DPC)
\KV@toks@=\toks14
)
\FV@CodeLineNo=\count176
\FV@InFile=\read2
\FV@TabBox=\box45
\c@FancyVerbLine=\count177
\FV@StepNumber=\count178
\FV@OutFile=\write3
)
(/usr/share/texlive/texmf-dist/tex/latex/relsize/relsize.sty
Package: relsize 2013/03/29 ver 4.1
)
(/usr/share/texlive/texmf-dist/tex/latex/hyperref/hyperref.sty
Package: hyperref 2020/01/14 v7.00d Hypertext links for LaTeX

(/usr/share/texlive/texmf-dist/tex/generic/ltxcmds/ltxcmds.sty
Package: ltxcmds 2019/12/15 v1.24 LaTeX kernel commands for general use (HO)
)
(/usr/share/texlive/texmf-dist/tex/generic/iftex/iftex.sty
Package: iftex 2019/11/07 v1.0c TeX engine tests
)
(/usr/share/texlive/texmf-dist/tex/latex/pdftexcmds/pdftexcmds.sty
Package: pdftexcmds 2019/11/24 v0.31 Utility functions of pdfTeX for LuaTeX (HO
)

(/usr/share/texlive/texmf-dist/tex/generic/infwarerr/infwarerr.sty
Package: infwarerr 2019/12/03 v1.5 Providing info/warning/error messages (HO)
)
Package pdftexcmds Info: \pdf@primitive is available.
Package pdftexcmds Info: \pdf@ifprimitive is available.
Package pdftexcmds Info: \pdfdraftmode found.
)
(/usr/share/texlive/texmf-dist/tex/generic/kvsetkeys/kvsetkeys.sty
Package: kvsetkeys 2019/12/15 v1.18 Key value parser (HO)
)
(/usr/share/texlive/texmf-dist/tex/generic/kvdefinekeys/kvdefinekeys.sty
Package: kvdefinekeys 2019-12-19 v1.6 Define keys (HO)
)
(/usr/share/texlive/texmf-dist/tex/generic/pdfescape/pdfescape.sty
Package: pdfescape 2019/12/09 v1.15 Implements pdfTeX's escape features (HO)
)
(/usr/share/texlive/texmf-dist/tex/latex/hycolor/hycolor.sty
Package: hycolor 2020-01-27 v1.10 Color options for hyperref/bookmark (HO)
)
(/usr/share/texlive/texmf-dist/tex/latex/letltxmacro/letltxmacro.sty
Package: letltxmacro 2019/12/03 v1.6 Let assignment for LaTeX macros (HO)
)
(/usr/share/texlive/texmf-dist/tex/latex/auxhook/auxhook.sty
Package: auxhook 2019-12-17 v1.6 Hooks for auxiliary files (HO)
)
(/usr/share/texlive/texmf-dist/tex/latex/kvoptions/kvoptions.sty
Package: kvoptions 2019/11/29 v3.13 Key value format for package options (HO)
)
\@linkdim=\dimen135
\Hy@linkcounter=\count179
\Hy@pagecounter=\count180

(/usr/share/texlive/texmf-dist/tex/latex/hyperref/pd1enc.def
File: pd1enc.def 2020/01/14 v7.00d Hyperref: PDFDocEncoding definition (HO)
Now handling font encoding PD1 ...
... no UTF-8 mapping file for font encoding PD1
)
(/usr/share/texlive/texmf-dist/tex/generic/intcalc/intcalc.sty
Package: intcalc 2019/12/15 v1.3 Expandable calculations with integers (HO)
)
(/usr/share/texlive/texmf-dist/tex/generic/etexcmds/etexcmds.sty
Package: etexcmds 2019/12/15 v1.7 Avoid name clashes with e-TeX commands (HO)
)
\Hy@SavedSpaceFactor=\count181
\pdfmajorversion=\count182
Package hyperref Info: Hyper figures OFF on input line 4547.
Package hyperref Info: Link nesting OFF on input line 4552.
Package hyperref Info: Hyper index ON on input line 4555.
Package hyperref Info: Plain pages OFF on input line 4562.
Package hyperref Info: Backreferencing OFF on input line 4567.
Package hyperref Info: Implicit mode ON; LaTeX internals redefined.
Package hyperref Info: Bookmarks ON on input line 4800.
\c@Hy@tempcnt=\count183

(/usr/share/texlive/texmf-dist/tex/latex/url/url.sty
\Urlmuskip=\muskip16
Package: url 2013/09/16  ver 3.4  Verb mode for urls, etc.
)
LaTeX Info: Redefining \url on input line 5159.
\XeTeXLinkMargin=\dimen136

(/usr/share/texlive/texmf-dist/tex/generic/bitset/bitset.sty
Package: bitset 2019/12/09 v1.3 Handle bit-vector datatype (HO)

(/usr/share/texlive/texmf-dist/tex/generic/bigintcalc/bigintcalc.sty
Package: bigintcalc 2019/12/15 v1.5 Expandable calculations on big integers (HO
)
))
\Fld@menulength=\count184
\Field@Width=\dimen137
\Fld@charsize=\dimen138
Package hyperref Info: Hyper figures OFF on input line 6430.
Package hyperref Info: Link nesting OFF on input line 6435.
Package hyperref Info: Hyper index ON on input line 6438.
Package hyperref Info: backreferencing OFF on input line 6445.
Package hyperref Info: Link coloring OFF on input line 6450.
Package hyperref Info: Link coloring with OCG OFF on input line 6455.
Package hyperref Info: PDF/A mode OFF on input line 6460.
LaTeX Info: Redefining \ref on input line 6500.
LaTeX Info: Redefining \pageref on input line 6504.

(/usr/share/texlive/texmf-dist/tex/generic/atbegshi/atbegshi.sty
Package: atbegshi 2019/12/05 v1.19 At begin shipout hook (HO)
)
\Hy@abspage=\count185
\c@Item=\count186
\c@Hfootnote=\count187
)
Package hyperref Info: Driver (autodetected): hpdftex.

(/usr/share/texlive/texmf-dist/tex/latex/hyperref/hpdftex.def
File: hpdftex.def 2020/01/14 v7.00d Hyperref driver for pdfTeX

(/usr/share/texlive/texmf-dist/tex/latex/atveryend/atveryend.sty
Package: atveryend 2019-12-11 v1.11 Hooks at the very end of document (HO)
Package atveryend Info: \enddocument detected (standard20110627).
)
\Fld@listcount=\count188
\c@bookmark@seq@number=\count189

(/usr/share/texlive/texmf-dist/tex/latex/rerunfilecheck/rerunfilecheck.sty
Package: rerunfilecheck 2019/12/05 v1.9 Rerun checks for auxiliary files (HO)

(/usr/share/texlive/texmf-dist/tex/generic/uniquecounter/uniquecounter.sty
Package: uniquecounter 2019/12/15 v1.4 Provide unlimited unique counter (HO)
)
Package uniquecounter Info: New unique counter `rerunfilecheck' on input line 2
86.
)
\Hy@SectionHShift=\skip49
)
(/usr/share/texlive/texmf-dist/tex/latex/graphics/graphicx.sty
Package: graphicx 2019/11/30 v1.2a Enhanced LaTeX Graphics (DPC,SPQR)

(/usr/share/texlive/texmf-dist/tex/latex/graphics/graphics.sty
Package: graphics 2019/11/30 v1.4a Standard LaTeX Graphics (DPC,SPQR)

(/usr/share/texlive/texmf-dist/tex/latex/graphics/trig.sty
Package: trig 2016/01/03 v1.10 sin cos tan (DPC)
)
(/usr/share/texlive/texmf-dist/tex/latex/graphics-cfg/graphics.cfg
File: graphics.cfg 2016/06/04 v1.11 sample graphics configuration
)
Package graphics Info: Driver file: pdftex.def on input line 105.

(/usr/share/texlive/texmf-dist/tex/latex/graphics-def/pdftex.def
File: pdftex.def 2018/01/08 v1.0l Graphics/color driver for pdftex
))
\Gin@req@height=\dimen139
\Gin@req@width=\dimen140
)
(/usr/share/texlive/texmf-dist/tex/latex/graphics/color.sty
Package: color 2019/11/23 v1.2a Standard LaTeX Color (DPC)

(/usr/share/texlive/texmf-dist/tex/latex/graphics-cfg/color.cfg
File: color.cfg 2016/01/02 v1.6 sample color configuration
)
Package color Info: Driver file: pdftex.def on input line 147.
)
(/usr/share/texlive/texmf-dist/tex/latex/listings/listings.sty
\lst@mode=\count190
\lst@gtempboxa=\box46
\lst@token=\toks15
\lst@length=\count191
\lst@currlwidth=\dimen141
\lst@column=\count192
\lst@pos=\count193
\lst@lostspace=\dimen142
\lst@width=\dimen143
\lst@newlines=\count194
\lst@lineno=\count195
\lst@maxwidth=\dimen144

(/usr/share/texlive/texmf-dist/tex/latex/listings/lstmisc.sty
File: lstmisc.sty 2019/09/10 1.8c (Carsten Heinz)
\c@lstnumber=\count196
\lst@skipnumbers=\count197
\lst@framebox=\box47
)
(/usr/share/texlive/texmf-dist/tex/latex/listings/listings.cfg
File: listings.cfg 2019/09/10 1.8c listings configuration
))
Package: listings 2019/09/10 1.8c (Carsten Heinz)

(/usr/share/texlive/texmf-dist/tex/latex/amsmath/amsmath.sty
Package: amsmath 2020/01/20 v2.17e AMS math features
\@mathmargin=\skip50

For additional information on amsmath, use the `?' option.
(/usr/share/texlive/texmf-dist/tex/latex/amsmath/amstext.sty
Package: amstext 2000/06/29 v2.01 AMS text

(/usr/share/texlive/texmf-dist/tex/latex/amsmath/amsgen.sty
File: amsgen.sty 1999/11/30 v2.0 generic functions
\@emptytoks=\toks16
\ex@=\dimen145
))
(/usr/share/texlive/texmf-dist/tex/latex/amsmath/amsbsy.sty
Package: amsbsy 1999/11/29 v1.2d Bold Symbols
\pmbraise@=\dimen146
)
(/usr/share/texlive/texmf-dist/tex/latex/amsmath/amsopn.sty
Package: amsopn 2016/03/08 v2.02 operator names
)
\inf@bad=\count198
LaTeX Info: Redefining \frac on input line 227.
\uproot@=\count199
\leftroot@=\count266
LaTeX Info: Redefining \overline on input line 389.
\classnum@=\count267
\DOTSCASE@=\count268
LaTeX Info: Redefining \ldots on input line 486.
LaTeX Info: Redefining \dots on input line 489.
LaTeX Info: Redefining \cdots on input line 610.
\Mathstrutbox@=\box48
\strutbox@=\box49
\big@size=\dimen147
LaTeX Font Info:    Redeclaring font encoding OML on input line 733.
LaTeX Font Info:    Redeclaring font encoding OMS on input line 734.
\macc@depth=\count269
\c@MaxMatrixCols=\count270
\dotsspace@=\muskip17
\c@parentequation=\count271
\dspbrk@lvl=\count272
\tag@help=\toks17
\row@=\count273
\column@=\count274
\maxfields@=\count275
\andhelp@=\toks18
\eqnshift@=\dimen148
\alignsep@=\dimen149
\tagshift@=\dimen150
\tagwidth@=\dimen151
\totwidth@=\dimen152
\lineht@=\dimen153
\@envbody=\toks19
\multlinegap=\skip51
\multlinetaggap=\skip52
\mathdisplay@stack=\toks20
LaTeX Info: Redefining \[ on input line 2859.
LaTeX Info: Redefining \] on input line 2860.
)
\c@theorem=\count276
\c@problemnum=\count277

(/usr/share/texlive/texmf-dist/tex/latex/listings/lstlang1.sty
File: lstlang1.sty 2019/09/10 1.8c listings language file
)
(/usr/share/texlive/texmf-dist/tex/latex/listings/lstlang2.sty
File: lstlang2.sty 2019/09/10 1.8c listings language file
)
(/usr/share/texlive/texmf-dist/tex/latex/listings/lstlang3.sty
File: lstlang3.sty 2019/09/10 1.8c listings language file
))
(/usr/share/texlive/texmf-dist/tex/latex/l3backend/l3backend-pdfmode.def
File: l3backend-pdfmode.def 2020-02-03 L3 backend support: PDF mode
\l__kernel_color_stack_int=\count278
\l__pdf_internal_box=\box50
)
(./ProbStatBook256Fall2022.aux (./Preface.aux)

LaTeX Warning: Label `state1' multiply defined.


LaTeX Warning: Label `stateng' multiply defined.


LaTeX Warning: Label `equivdoms' multiply defined.


LaTeX Warning: Label `reslife' multiply defined.


LaTeX Warning: Label `resid' multiply defined.


LaTeX Warning: Label `agedistribution' multiply defined.


LaTeX Warning: Label `age' multiply defined.


LaTeX Warning: Label `rc' multiply defined.


LaTeX Warning: Label `telescope' multiply defined.


LaTeX Warning: Label `piage' multiply defined.


LaTeX Warning: Label `variancecounts' multiply defined.


LaTeX Warning: Label `mem' multiply defined.


LaTeX Warning: Label `bonf' multiply defined.


LaTeX Warning: Label `scheffe' multiply defined.


LaTeX Warning: Label `lincomb' multiply defined.


LaTeX Warning: Label `radius' multiply defined.


LaTeX Warning: Label `thislast' multiply defined.

)
\openout1 = `ProbStatBook256Fall2022.aux'.

LaTeX Font Info:    Checking defaults for OML/cmm/m/it on input line 5.
LaTeX Font Info:    ... okay on input line 5.
LaTeX Font Info:    Checking defaults for OMS/cmsy/m/n on input line 5.
LaTeX Font Info:    ... okay on input line 5.
LaTeX Font Info:    Checking defaults for OT1/cmr/m/n on input line 5.
LaTeX Font Info:    ... okay on input line 5.
LaTeX Font Info:    Checking defaults for T1/cmr/m/n on input line 5.
LaTeX Font Info:    ... okay on input line 5.
LaTeX Font Info:    Checking defaults for TS1/cmr/m/n on input line 5.
LaTeX Font Info:    ... okay on input line 5.
LaTeX Font Info:    Checking defaults for OMX/cmex/m/n on input line 5.
LaTeX Font Info:    ... okay on input line 5.
LaTeX Font Info:    Checking defaults for U/cmr/m/n on input line 5.
LaTeX Font Info:    ... okay on input line 5.
LaTeX Font Info:    Checking defaults for PD1/pdf/m/n on input line 5.
LaTeX Font Info:    ... okay on input line 5.
\AtBeginShipoutBox=\box51
Package hyperref Info: Link coloring OFF on input line 5.
 (/usr/share/texlive/texmf-dist/tex/latex/hyperref/nameref.sty
Package: nameref 2019/09/16 v2.46 Cross-referencing by name of section

(/usr/share/texlive/texmf-dist/tex/latex/refcount/refcount.sty
Package: refcount 2019/12/15 v3.6 Data extraction from label references (HO)
)
(/usr/share/texlive/texmf-dist/tex/generic/gettitlestring/gettitlestring.sty
Package: gettitlestring 2019/12/15 v1.6 Cleanup title references (HO)
)
\c@section@level=\count279
)
LaTeX Info: Redefining \ref on input line 5.
LaTeX Info: Redefining \pageref on input line 5.
LaTeX Info: Redefining \nameref on input line 5.

(./ProbStatBook256Fall2022.out) (./ProbStatBook256Fall2022.out)
\@outlinefile=\write4
\openout4 = `ProbStatBook256Fall2022.out'.


(/usr/share/texlive/texmf-dist/tex/context/base/mkii/supp-pdf.mkii
[Loading MPS to PDF converter (version 2006.09.02).]
\scratchcounter=\count280
\scratchdimen=\dimen154
\scratchbox=\box52
\nofMPsegments=\count281
\nofMParguments=\count282
\everyMPshowfont=\toks21
\MPscratchCnt=\count283
\MPscratchDim=\dimen155
\MPnumerator=\count284
\makeMPintoPDFobject=\count285
\everyMPtoPDFconversion=\toks22
) (/usr/share/texlive/texmf-dist/tex/latex/epstopdf-pkg/epstopdf-base.sty
Package: epstopdf-base 2020-01-24 v2.11 Base part for package epstopdf
Package epstopdf-base Info: Redefining graphics rule for `.eps' on input line 4
85.

(/usr/share/texlive/texmf-dist/tex/latex/latexconfig/epstopdf-sys.cfg
File: epstopdf-sys.cfg 2010/07/13 v1.3 Configuration of (r)epstopdf for TeX Liv
e
))
\c@lstlisting=\count286

(./Cover.tex
\GPT@outputbox=\box53
LaTeX Font Info:    Font shape `OT1/cmtt/bx/n' in size <12> not available
(Font)              Font shape `OT1/cmtt/m/n' tried instead on input line 36.

Overfull \hbox (73.16452pt too wide) in paragraph at lines 27--42
[][]   [] 
 []

<Bell.pdf, id=2934, 433.62pt x 433.62pt>
File: Bell.pdf Graphic file (type pdf)
<use Bell.pdf>
Package pdftex.def Info: Bell.pdf  used on input line 47.
(pdftex.def)             Requested size: 346.89621pt x 346.91632pt.
) [1



{/var/lib/texmf/fonts/map/pdftex/updmap/pdftex.map} <./Bell.pdf>] [2

]
(./ProbStatBook256Fall2022.toc
Underfull \vbox (badness 4144) has occurred while \output is active []

 [1

]
[2]
Underfull \vbox (badness 7759) has occurred while \output is active []

 [3]
[4]
Underfull \vbox (badness 3168) has occurred while \output is active []

 [5]
[6] [7] [8] [9] [10] [11]
Underfull \vbox (badness 3168) has occurred while \output is active []

 [12]
[13]
Underfull \vbox (badness 7759) has occurred while \output is active []

 [14]
[15] [16] [17] [18] [19] [20] [21]
Underfull \vbox (badness 3168) has occurred while \output is active []

 [22]
[23] [24] [25] [26]
Underfull \vbox (badness 3168) has occurred while \output is active []

 [27]
[28])
\tf@toc=\write5
\openout5 = `ProbStatBook256Fall2022.toc'.

 [29]
\openout2 = `Preface.aux'.

 (./Preface.tex [30


]
Underfull \vbox (badness 10000) has occurred while \output is active []

 [31])
[32] (./Intro.tex
Chapter 1.
pdfTeX warning (ext4): destination with the same identifier (name{page.1}) has 
been already used, duplicate ignored
<to be read again> 
                   \relax 
l.45 \item W
            ittingly or unconsciously, you are using probability every time
[1



]) (./ProbCalc.texpdfTeX warning (ext4): destination with the same identifier (
name{page.2}) has been already used, duplicate ignored
<to be read again> 
                   \relax 
l.1 \chapter
            {Basic Probability Models} [2]
Chapter 2.
[3

] [4] [5] [6]
LaTeX Font Info:    Trying to load font information for OMS+cmr on input line 2
65.
 (/usr/share/texlive/texmf-dist/tex/latex/base/omscmr.fd
File: omscmr.fd 2019/12/16 v2.5j Standard LaTeX font definitions
)
LaTeX Font Info:    Font shape `OMS/cmr/m/n' in size <10.95> not available
(Font)              Font shape `OMS/cmsy/m/n' tried instead on input line 265.

[7] [8] [9] [10] [11] [12]
Underfull \vbox (badness 1264) has occurred while \output is active []

 [13]
[14] [15] [16] [17] [18] [19] [20] [21] [22] [23] [24] [25] [26]
Underfull \hbox (badness 10000) in paragraph at lines 1437--1437
[][][]\OT1/cmr/m/n/9 You can mea-sure times us-ing R's \OT1/cmr/bx/n/9 sys-tem.
time() \OT1/cmr/m/n/9 func-tion, e.g. via the call \OT1/cmr/bx/n/9 sys-
 []

LaTeX Font Info:    Trying to load font information for OML+cmr on input line 1
449.
(/usr/share/texlive/texmf-dist/tex/latex/base/omlcmr.fd
File: omlcmr.fd 2019/12/16 v2.5j Standard LaTeX font definitions
)
LaTeX Font Info:    Font shape `OML/cmr/bx/n' in size <10.95> not available
(Font)              Font shape `OML/cmm/b/it' tried instead on input line 1449.

 [27]
LaTeX Font Info:    Font shape `OML/cmr/m/n' in size <10.95> not available
(Font)              Font shape `OML/cmm/m/it' tried instead on input line 1454.

 [28] [29]
Overfull \hbox (3.28993pt too wide) in paragraph at lines 1614--1615
[][][][][][][][][][][][][][][][][][][][][][][][][][] 
 []

[30] [31] [32]
Underfull \vbox (badness 2608) has occurred while \output is active []

 [33]
Underfull \vbox (badness 10000) has occurred while \output is active []

 [34]
[35] [36] [37] [38]) (./DiscreteProb.tex [39] [40

]
Chapter 3.
LaTeX Font Info:    Font shape `OMS/cmr/m/n' in size <9> not available
(Font)              Font shape `OMS/cmsy/m/n' tried instead on input line 36.
[41] [42] [43]

Package hyperref Warning: Token not allowed in a PDF string (PDFDocEncoding):
(hyperref)                removing `math shift' on input line 170.


Package hyperref Warning: Token not allowed in a PDF string (PDFDocEncoding):
(hyperref)                removing `\@@underline' on input line 170.


Package hyperref Warning: Token not allowed in a PDF string (PDFDocEncoding):
(hyperref)                removing `\hbox' on input line 170.


Package hyperref Warning: Token not allowed in a PDF string (PDFDocEncoding):
(hyperref)                removing `\mathsurround' on input line 170.


Package hyperref Warning: Token not allowed in a PDF string (PDFDocEncoding):
(hyperref)                removing `\z@' on input line 170.


Package hyperref Warning: Token not allowed in a PDF string (PDFDocEncoding):
(hyperref)                removing `math shift' on input line 170.


Underfull \vbox (badness 1895) has occurred while \output is active []

 [44]
[45] [46] [47] [48] [49] [50]
Underfull \vbox (badness 1237) has occurred while \output is active []

 [51]
Underfull \vbox (badness 10000) has occurred while \output is active []

 [52]
[53] [54] [55] [56] [57]

LaTeX Warning: Reference `linreg' on page 58 undefined on input line 962.

[58] [59]

LaTeX Warning: Reference `chap:randvec' on page 60 undefined on input line 1068
.

[60] [61] [62] [63] [64] [65] [66] [67] [68] [69]
Underfull \vbox (badness 5331) has occurred while \output is active []

 [70]
[71]) (./DiscreteParFams.tex [72]
Chapter 4.
<Parabs.pdf, id=4595, 505.89pt x 505.89pt>
File: Parabs.pdf Graphic file (type pdf)
<use Parabs.pdf>
Package pdftex.def Info: Parabs.pdf  used on input line 21.
(pdftex.def)             Requested size: 252.94499pt x 252.94437pt.

Underfull \vbox (badness 10000) has occurred while \output is active []

 [73

 <./Parabs.pdf>]

LaTeX Font Warning: Command \large invalid in math mode on input line 55.


LaTeX Font Warning: Command \large invalid in math mode on input line 55.

LaTeX Font Info:    Calculating math sizes for size <> on input line 56.

LaTeX Font Warning: Font shape `OT1/cmr/m/n' in size <> not available
(Font)              size <5> substituted on input line 56.


LaTeX Font Warning: Font shape `OT1/cmr/m/n' in size <0.7> not available
(Font)              size <5> substituted on input line 56.


LaTeX Font Warning: Font shape `OT1/cmr/m/n' in size <0.5> not available
(Font)              size <5> substituted on input line 56.


LaTeX Font Warning: Font shape `OML/cmm/m/it' in size <> not available
(Font)              size <5> substituted on input line 56.


LaTeX Font Warning: Font shape `OML/cmm/m/it' in size <0.7> not available
(Font)              size <5> substituted on input line 56.


LaTeX Font Warning: Font shape `OML/cmm/m/it' in size <0.5> not available
(Font)              size <5> substituted on input line 56.


LaTeX Font Warning: Font shape `OMS/cmsy/m/n' in size <> not available
(Font)              size <5> substituted on input line 56.


LaTeX Font Warning: Font shape `OMS/cmsy/m/n' in size <0.7> not available
(Font)              size <5> substituted on input line 56.


LaTeX Font Warning: Font shape `OMS/cmsy/m/n' in size <0.5> not available
(Font)              size <5> substituted on input line 56.

[74] [75] [76] [77] [78] [79] [80]

! Package inputenc Error: Unicode character 。 (U+3002)
(inputenc)                not set up for use with LaTeX.

See the inputenc package documentation for explanation.
Type  H <return>  for immediate help.
 ...                                              
                                                  
l.428 2 and p = 0.5。
                        Then
? x
 
Here is how much of TeX's memory you used:
 11373 strings out of 483107
 161759 string characters out of 5964630
 572030 words of memory out of 5000000
 25128 multiletter control sequences out of 15000+600000
 548392 words of font info for 80 fonts, out of 8000000 for 9000
 59 hyphenation exceptions out of 8191
 39i,14n,44p,276b,2463s stack positions out of 5000i,500n,10000p,200000b,80000s
pdfTeX warning (dest): name{section.C.8} has been referenced but does not exist
, replaced by a fixed one

pdfTeX warning (dest): name{section.C.7} has been referenced but does not exist
, replaced by a fixed one

pdfTeX warning (dest): name{section.C.6} has been referenced but does not exist
, replaced by a fixed one

pdfTeX warning (dest): name{section.C.5} has been referenced but does not exist
, replaced by a fixed one

pdfTeX warning (dest): name{section.C.4} has been referenced but does not exist
, replaced by a fixed one

pdfTeX warning (dest): name{section.C.3} has been referenced but does not exist
, replaced by a fixed one

pdfTeX warning (dest): name{section.C.2} has been referenced but does not exist
, replaced by a fixed one

pdfTeX warning (dest): name{section.C.1} has been referenced but does not exist
, replaced by a fixed one

pdfTeX warning (dest): name{appendix.C} has been referenced but does not exist,
 replaced by a fixed one

pdfTeX warning (dest): name{section.B.8} has been referenced but does not exist
, replaced by a fixed one

pdfTeX warning (dest): name{section.B.7} has been referenced but does not exist
, replaced by a fixed one

pdfTeX warning (dest): name{section.B.6} has been referenced but does not exist
, replaced by a fixed one

pdfTeX warning (dest): name{section.B.5} has been referenced but does not exist
, replaced by a fixed one

pdfTeX warning (dest): name{section.B.4} has been referenced but does not exist
, replaced by a fixed one

pdfTeX warning (dest): name{section.B.3} has been referenced but does not exist
, replaced by a fixed one

pdfTeX warning (dest): name{section.B.2} has been referenced but does not exist
, replaced by a fixed one

pdfTeX warning (dest): name{subsection.B.1.1} has been referenced but does not 
exist, replaced by a fixed one

pdfTeX warning (dest): name{section.B.1} has been referenced but does not exist
, replaced by a fixed one

pdfTeX warning (dest): name{appendix.B} has been referenced but does not exist,
 replaced by a fixed one

pdfTeX warning (dest): name{section.A.20} has been referenced but does not exis
t, replaced by a fixed one

pdfTeX warning (dest): name{section.A.19} has been referenced but does not exis
t, replaced by a fixed one

pdfTeX warning (dest): name{section.A.18} has been referenced but does not exis
t, replaced by a fixed one

pdfTeX warning (dest): name{section.A.17} has been referenced but does not exis
t, replaced by a fixed one

pdfTeX warning (dest): name{section.A.16} has been referenced but does not exis
t, replaced by a fixed one

pdfTeX warning (dest): name{section.A.15} has been referenced but does not exis
t, replaced by a fixed one

pdfTeX warning (dest): name{section.A.14} has been referenced but does not exis
t, replaced by a fixed one

pdfTeX warning (dest): name{section.A.13} has been referenced but does not exis
t, replaced by a fixed one

pdfTeX warning (dest): name{section.A.12} has been referenced but does not exis
t, replaced by a fixed one

pdfTeX warning (dest): name{section.A.11} has been referenced but does not exis
t, replaced by a fixed one

pdfTeX warning (dest): name{subsection.A.10.3} has been referenced but does not
 exist, replaced by a fixed one

pdfTeX warning (dest): name{subsection.A.10.2} has been referenced but does not
 exist, replaced by a fixed one

pdfTeX warning (dest): name{subsection.A.10.1} has been referenced but does not
 exist, replaced by a fixed one

pdfTeX warning (dest): name{section.A.10} has been referenced but does not exis
t, replaced by a fixed one

pdfTeX warning (dest): name{section.A.9} has been referenced but does not exist
, replaced by a fixed one

pdfTeX warning (dest): name{section.A.8} has been referenced but does not exist
, replaced by a fixed one

pdfTeX warning (dest): name{section.A.7} has been referenced but does not exist
, replaced by a fixed one

pdfTeX warning (dest): name{section.A.6} has been referenced but does not exist
, replaced by a fixed one

pdfTeX warning (dest): name{section.A.5} has been referenced but does not exist
, replaced by a fixed one

pdfTeX warning (dest): name{section.A.4} has been referenced but does not exist
, replaced by a fixed one

pdfTeX warning (dest): name{section.A.3} has been referenced but does not exist
, replaced by a fixed one

pdfTeX warning (dest): name{section.A.2} has been referenced but does not exist
, replaced by a fixed one

pdfTeX warning (dest): name{section.A.1} has been referenced but does not exist
, replaced by a fixed one

pdfTeX warning (dest): name{appendix.A} has been referenced but does not exist,
 replaced by a fixed one

pdfTeX warning (dest): name{subsection.32.3.5} has been referenced but does not
 exist, replaced by a fixed one

pdfTeX warning (dest): name{subsection.32.3.4} has been referenced but does not
 exist, replaced by a fixed one

pdfTeX warning (dest): name{subsection.32.3.3} has been referenced but does not
 exist, replaced by a fixed one

pdfTeX warning (dest): name{subsection.32.3.2} has been referenced but does not
 exist, replaced by a fixed one

pdfTeX warning (dest): name{subsection.32.3.1} has been referenced but does not
 exist, replaced by a fixed one

pdfTeX warning (dest): name{section.32.3} has been referenced but does not exis
t, replaced by a fixed one

pdfTeX warning (dest): name{subsection.32.2.4} has been referenced but does not
 exist, replaced by a fixed one

pdfTeX warning (dest): name{subsection.32.2.3} has been referenced but does not
 exist, replaced by a fixed one

pdfTeX warning (dest): name{subsection.32.2.2} has been referenced but does not
 exist, replaced by a fixed one

pdfTeX warning (dest): name{subsection.32.2.1} has been referenced but does not
 exist, replaced by a fixed one

pdfTeX warning (dest): name{section.32.2} has been referenced but does not exis
t, replaced by a fixed one

pdfTeX warning (dest): name{subsection.32.1.3} has been referenced but does not
 exist, replaced by a fixed one

pdfTeX warning (dest): name{subsection.32.1.2} has been referenced but does not
 exist, replaced by a fixed one

pdfTeX warning (dest): name{subsection.32.1.1} has been referenced but does not
 exist, replaced by a fixed one

pdfTeX warning (dest): name{section.32.1} has been referenced but does not exis
t, replaced by a fixed one

pdfTeX warning (dest): name{chapter.32} has been referenced but does not exist,
 replaced by a fixed one

pdfTeX warning (dest): name{chapter.31} has been referenced but does not exist,
 replaced by a fixed one

pdfTeX warning (dest): name{subsection.30.4.2} has been referenced but does not
 exist, replaced by a fixed one

pdfTeX warning (dest): name{subsubsection.30.4.1.2} has been referenced but doe
s not exist, replaced by a fixed one

pdfTeX warning (dest): name{subsubsection.30.4.1.1} has been referenced but doe
s not exist, replaced by a fixed one

pdfTeX warning (dest): name{subsection.30.4.1} has been referenced but does not
 exist, replaced by a fixed one

pdfTeX warning (dest): name{section.30.4} has been referenced but does not exis
t, replaced by a fixed one

pdfTeX warning (dest): name{subsection.30.3.5} has been referenced but does not
 exist, replaced by a fixed one

pdfTeX warning (dest): name{subsection.30.3.4} has been referenced but does not
 exist, replaced by a fixed one

pdfTeX warning (dest): name{subsection.30.3.3} has been referenced but does not
 exist, replaced by a fixed one

pdfTeX warning (dest): name{subsection.30.3.2} has been referenced but does not
 exist, replaced by a fixed one

pdfTeX warning (dest): name{subsubsection.30.3.1.2} has been referenced but doe
s not exist, replaced by a fixed one

pdfTeX warning (dest): name{subsubsection.30.3.1.1} has been referenced but doe
s not exist, replaced by a fixed one

pdfTeX warning (dest): name{subsection.30.3.1} has been referenced but does not
 exist, replaced by a fixed one

pdfTeX warning (dest): name{section.30.3} has been referenced but does not exis
t, replaced by a fixed one

pdfTeX warning (dest): name{subsection.30.2.8} has been referenced but does not
 exist, replaced by a fixed one

pdfTeX warning (dest): name{subsection.30.2.7} has been referenced but does not
 exist, replaced by a fixed one

pdfTeX warning (dest): name{subsubsection.30.2.6.1} has been referenced but doe
s not exist, replaced by a fixed one

pdfTeX warning (dest): name{subsection.30.2.6} has been referenced but does not
 exist, replaced by a fixed one

pdfTeX warning (dest): name{subsection.30.2.5} has been referenced but does not
 exist, replaced by a fixed one

pdfTeX warning (dest): name{subsection.30.2.4} has been referenced but does not
 exist, replaced by a fixed one

pdfTeX warning (dest): name{subsection.30.2.3} has been referenced but does not
 exist, replaced by a fixed one

pdfTeX warning (dest): name{subsection.30.2.2} has been referenced but does not
 exist, replaced by a fixed one

pdfTeX warning (dest): name{subsection.30.2.1} has been referenced but does not
 exist, replaced by a fixed one

pdfTeX warning (dest): name{section.30.2} has been referenced but does not exis
t, replaced by a fixed one

pdfTeX warning (dest): name{subsection.30.1.5} has been referenced but does not
 exist, replaced by a fixed one

pdfTeX warning (dest): name{subsection.30.1.4} has been referenced but does not
 exist, replaced by a fixed one

pdfTeX warning (dest): name{subsection.30.1.3} has been referenced but does not
 exist, replaced by a fixed one

pdfTeX warning (dest): name{subsection.30.1.2} has been referenced but does not
 exist, replaced by a fixed one

pdfTeX warning (dest): name{subsection.30.1.1} has been referenced but does not
 exist, replaced by a fixed one

pdfTeX warning (dest): name{section.30.1} has been referenced but does not exis
t, replaced by a fixed one

pdfTeX warning (dest): name{chapter.30} has been referenced but does not exist,
 replaced by a fixed one

pdfTeX warning (dest): name{section.29.3} has been referenced but does not exis
t, replaced by a fixed one

pdfTeX warning (dest): name{subsection.29.2.2} has been referenced but does not
 exist, replaced by a fixed one

pdfTeX warning (dest): name{subsection.29.2.1} has been referenced but does not
 exist, replaced by a fixed one

pdfTeX warning (dest): name{section.29.2} has been referenced but does not exis
t, replaced by a fixed one

pdfTeX warning (dest): name{subsection.29.1.3} has been referenced but does not
 exist, replaced by a fixed one

pdfTeX warning (dest): name{subsection.29.1.2} has been referenced but does not
 exist, replaced by a fixed one

pdfTeX warning (dest): name{subsection.29.1.1} has been referenced but does not
 exist, replaced by a fixed one

pdfTeX warning (dest): name{section.29.1} has been referenced but does not exis
t, replaced by a fixed one

pdfTeX warning (dest): name{chapter.29} has been referenced but does not exist,
 replaced by a fixed one

pdfTeX warning (dest): name{section.28.6} has been referenced but does not exis
t, replaced by a fixed one

pdfTeX warning (dest): name{section.28.5} has been referenced but does not exis
t, replaced by a fixed one

pdfTeX warning (dest): name{subsubsection.28.4.2.2} has been referenced but doe
s not exist, replaced by a fixed one

pdfTeX warning (dest): name{subsubsection.28.4.2.1} has been referenced but doe
s not exist, replaced by a fixed one

pdfTeX warning (dest): name{subsection.28.4.2} has been referenced but does not
 exist, replaced by a fixed one

pdfTeX warning (dest): name{subsection.28.4.1} has been referenced but does not
 exist, replaced by a fixed one

pdfTeX warning (dest): name{section.28.4} has been referenced but does not exis
t, replaced by a fixed one

pdfTeX warning (dest): name{subsection.28.3.1} has been referenced but does not
 exist, replaced by a fixed one

pdfTeX warning (dest): name{subsubsection.28.3.0.1} has been referenced but doe
s not exist, replaced by a fixed one

pdfTeX warning (dest): name{section.28.3} has been referenced but does not exis
t, replaced by a fixed one

pdfTeX warning (dest): name{subsection.28.2.2} has been referenced but does not
 exist, replaced by a fixed one

pdfTeX warning (dest): name{subsection.28.2.1} has been referenced but does not
 exist, replaced by a fixed one

pdfTeX warning (dest): name{section.28.2} has been referenced but does not exis
t, replaced by a fixed one

pdfTeX warning (dest): name{subsection.28.1.1} has been referenced but does not
 exist, replaced by a fixed one

pdfTeX warning (dest): name{section.28.1} has been referenced but does not exis
t, replaced by a fixed one

pdfTeX warning (dest): name{chapter.28} has been referenced but does not exist,
 replaced by a fixed one

pdfTeX warning (dest): name{subsection.27.19.3} has been referenced but does no
t exist, replaced by a fixed one

pdfTeX warning (dest): name{subsection.27.19.2} has been referenced but does no
t exist, replaced by a fixed one

pdfTeX warning (dest): name{subsection.27.19.1} has been referenced but does no
t exist, replaced by a fixed one

pdfTeX warning (dest): name{section.27.19} has been referenced but does not exi
st, replaced by a fixed one

pdfTeX warning (dest): name{subsection.27.18.3} has been referenced but does no
t exist, replaced by a fixed one

pdfTeX warning (dest): name{subsection.27.18.2} has been referenced but does no
t exist, replaced by a fixed one

pdfTeX warning (dest): name{subsection.27.18.1} has been referenced but does no
t exist, replaced by a fixed one

pdfTeX warning (dest): name{section.27.18} has been referenced but does not exi
st, replaced by a fixed one

pdfTeX warning (dest): name{subsection.27.17.3} has been referenced but does no
t exist, replaced by a fixed one

pdfTeX warning (dest): name{subsection.27.17.2} has been referenced but does no
t exist, replaced by a fixed one

pdfTeX warning (dest): name{subsection.27.17.1} has been referenced but does no
t exist, replaced by a fixed one

pdfTeX warning (dest): name{section.27.17} has been referenced but does not exi
st, replaced by a fixed one

pdfTeX warning (dest): name{subsection.27.16.2} has been referenced but does no
t exist, replaced by a fixed one

pdfTeX warning (dest): name{subsection.27.16.1} has been referenced but does no
t exist, replaced by a fixed one

pdfTeX warning (dest): name{section.27.16} has been referenced but does not exi
st, replaced by a fixed one

pdfTeX warning (dest): name{subsection.27.15.5} has been referenced but does no
t exist, replaced by a fixed one

pdfTeX warning (dest): name{subsubsection.27.15.4.4} has been referenced but do
es not exist, replaced by a fixed one

pdfTeX warning (dest): name{subsubsection.27.15.4.3} has been referenced but do
es not exist, replaced by a fixed one

pdfTeX warning (dest): name{subsubsection.27.15.4.2} has been referenced but do
es not exist, replaced by a fixed one

pdfTeX warning (dest): name{subsubsection.27.15.4.1} has been referenced but do
es not exist, replaced by a fixed one

pdfTeX warning (dest): name{subsection.27.15.4} has been referenced but does no
t exist, replaced by a fixed one

pdfTeX warning (dest): name{subsection.27.15.3} has been referenced but does no
t exist, replaced by a fixed one

pdfTeX warning (dest): name{subsection.27.15.2} has been referenced but does no
t exist, replaced by a fixed one

pdfTeX warning (dest): name{subsection.27.15.1} has been referenced but does no
t exist, replaced by a fixed one

pdfTeX warning (dest): name{section.27.15} has been referenced but does not exi
st, replaced by a fixed one

pdfTeX warning (dest): name{section.27.14} has been referenced but does not exi
st, replaced by a fixed one

pdfTeX warning (dest): name{section.27.13} has been referenced but does not exi
st, replaced by a fixed one

pdfTeX warning (dest): name{section.27.12} has been referenced but does not exi
st, replaced by a fixed one

pdfTeX warning (dest): name{section.27.11} has been referenced but does not exi
st, replaced by a fixed one

pdfTeX warning (dest): name{subsection.27.10.4} has been referenced but does no
t exist, replaced by a fixed one

pdfTeX warning (dest): name{subsection.27.10.3} has been referenced but does no
t exist, replaced by a fixed one

pdfTeX warning (dest): name{subsection.27.10.2} has been referenced but does no
t exist, replaced by a fixed one

pdfTeX warning (dest): name{subsection.27.10.1} has been referenced but does no
t exist, replaced by a fixed one

pdfTeX warning (dest): name{section.27.10} has been referenced but does not exi
st, replaced by a fixed one

pdfTeX warning (dest): name{section.27.9} has been referenced but does not exis
t, replaced by a fixed one

pdfTeX warning (dest): name{section.27.8} has been referenced but does not exis
t, replaced by a fixed one

pdfTeX warning (dest): name{section.27.7} has been referenced but does not exis
t, replaced by a fixed one

pdfTeX warning (dest): name{subsection.27.6.2} has been referenced but does not
 exist, replaced by a fixed one

pdfTeX warning (dest): name{subsection.27.6.1} has been referenced but does not
 exist, replaced by a fixed one

pdfTeX warning (dest): name{section.27.6} has been referenced but does not exis
t, replaced by a fixed one

pdfTeX warning (dest): name{subsection.27.5.3} has been referenced but does not
 exist, replaced by a fixed one

pdfTeX warning (dest): name{subsection.27.5.2} has been referenced but does not
 exist, replaced by a fixed one

pdfTeX warning (dest): name{subsection.27.5.1} has been referenced but does not
 exist, replaced by a fixed one

pdfTeX warning (dest): name{section.27.5} has been referenced but does not exis
t, replaced by a fixed one

pdfTeX warning (dest): name{subsection.27.4.2} has been referenced but does not
 exist, replaced by a fixed one

pdfTeX warning (dest): name{subsection.27.4.1} has been referenced but does not
 exist, replaced by a fixed one

pdfTeX warning (dest): name{section.27.4} has been referenced but does not exis
t, replaced by a fixed one

pdfTeX warning (dest): name{section.27.3} has been referenced but does not exis
t, replaced by a fixed one

pdfTeX warning (dest): name{section.27.2} has been referenced but does not exis
t, replaced by a fixed one

pdfTeX warning (dest): name{section.27.1} has been referenced but does not exis
t, replaced by a fixed one

pdfTeX warning (dest): name{chapter.27} has been referenced but does not exist,
 replaced by a fixed one

pdfTeX warning (dest): name{section.26.4} has been referenced but does not exis
t, replaced by a fixed one

pdfTeX warning (dest): name{section.26.3} has been referenced but does not exis
t, replaced by a fixed one

pdfTeX warning (dest): name{subsection.26.2.3} has been referenced but does not
 exist, replaced by a fixed one

pdfTeX warning (dest): name{subsection.26.2.2} has been referenced but does not
 exist, replaced by a fixed one

pdfTeX warning (dest): name{subsection.26.2.1} has been referenced but does not
 exist, replaced by a fixed one

pdfTeX warning (dest): name{section.26.2} has been referenced but does not exis
t, replaced by a fixed one

pdfTeX warning (dest): name{subsection.26.1.4} has been referenced but does not
 exist, replaced by a fixed one

pdfTeX warning (dest): name{subsection.26.1.3} has been referenced but does not
 exist, replaced by a fixed one

pdfTeX warning (dest): name{subsection.26.1.2} has been referenced but does not
 exist, replaced by a fixed one

pdfTeX warning (dest): name{subsection.26.1.1} has been referenced but does not
 exist, replaced by a fixed one

pdfTeX warning (dest): name{section.26.1} has been referenced but does not exis
t, replaced by a fixed one

pdfTeX warning (dest): name{chapter.26} has been referenced but does not exist,
 replaced by a fixed one

pdfTeX warning (dest): name{section.25.11} has been referenced but does not exi
st, replaced by a fixed one

pdfTeX warning (dest): name{section.25.10} has been referenced but does not exi
st, replaced by a fixed one

pdfTeX warning (dest): name{section.25.9} has been referenced but does not exis
t, replaced by a fixed one

pdfTeX warning (dest): name{section.25.8} has been referenced but does not exis
t, replaced by a fixed one

pdfTeX warning (dest): name{subsection.25.7.2} has been referenced but does not
 exist, replaced by a fixed one

pdfTeX warning (dest): name{subsection.25.7.1} has been referenced but does not
 exist, replaced by a fixed one

pdfTeX warning (dest): name{section.25.7} has been referenced but does not exis
t, replaced by a fixed one

pdfTeX warning (dest): name{section.25.6} has been referenced but does not exis
t, replaced by a fixed one

pdfTeX warning (dest): name{section.25.5} has been referenced but does not exis
t, replaced by a fixed one

pdfTeX warning (dest): name{section.25.4} has been referenced but does not exis
t, replaced by a fixed one

pdfTeX warning (dest): name{section.25.3} has been referenced but does not exis
t, replaced by a fixed one

pdfTeX warning (dest): name{section.25.2} has been referenced but does not exis
t, replaced by a fixed one

pdfTeX warning (dest): name{section.25.1} has been referenced but does not exis
t, replaced by a fixed one

pdfTeX warning (dest): name{chapter.25} has been referenced but does not exist,
 replaced by a fixed one

pdfTeX warning (dest): name{section.24.11} has been referenced but does not exi
st, replaced by a fixed one

pdfTeX warning (dest): name{subsection.24.10.2} has been referenced but does no
t exist, replaced by a fixed one

pdfTeX warning (dest): name{subsection.24.10.1} has been referenced but does no
t exist, replaced by a fixed one

pdfTeX warning (dest): name{section.24.10} has been referenced but does not exi
st, replaced by a fixed one

pdfTeX warning (dest): name{section.24.9} has been referenced but does not exis
t, replaced by a fixed one

pdfTeX warning (dest): name{section.24.8} has been referenced but does not exis
t, replaced by a fixed one

pdfTeX warning (dest): name{section.24.7} has been referenced but does not exis
t, replaced by a fixed one

pdfTeX warning (dest): name{section.24.6} has been referenced but does not exis
t, replaced by a fixed one

pdfTeX warning (dest): name{subsection.24.5.3} has been referenced but does not
 exist, replaced by a fixed one

pdfTeX warning (dest): name{subsection.24.5.2} has been referenced but does not
 exist, replaced by a fixed one

pdfTeX warning (dest): name{subsection.24.5.1} has been referenced but does not
 exist, replaced by a fixed one

pdfTeX warning (dest): name{section.24.5} has been referenced but does not exis
t, replaced by a fixed one

pdfTeX warning (dest): name{subsection.24.4.7} has been referenced but does not
 exist, replaced by a fixed one

pdfTeX warning (dest): name{subsection.24.4.6} has been referenced but does not
 exist, replaced by a fixed one

pdfTeX warning (dest): name{subsection.24.4.5} has been referenced but does not
 exist, replaced by a fixed one

pdfTeX warning (dest): name{subsection.24.4.4} has been referenced but does not
 exist, replaced by a fixed one

pdfTeX warning (dest): name{subsection.24.4.3} has been referenced but does not
 exist, replaced by a fixed one

pdfTeX warning (dest): name{subsection.24.4.2} has been referenced but does not
 exist, replaced by a fixed one

pdfTeX warning (dest): name{subsection.24.4.1} has been referenced but does not
 exist, replaced by a fixed one

pdfTeX warning (dest): name{section.24.4} has been referenced but does not exis
t, replaced by a fixed one

pdfTeX warning (dest): name{section.24.3} has been referenced but does not exis
t, replaced by a fixed one

pdfTeX warning (dest): name{section.24.2} has been referenced but does not exis
t, replaced by a fixed one

pdfTeX warning (dest): name{section.24.1} has been referenced but does not exis
t, replaced by a fixed one

pdfTeX warning (dest): name{chapter.24} has been referenced but does not exist,
 replaced by a fixed one

pdfTeX warning (dest): name{section.23.4} has been referenced but does not exis
t, replaced by a fixed one

pdfTeX warning (dest): name{section.23.3} has been referenced but does not exis
t, replaced by a fixed one

pdfTeX warning (dest): name{section.23.2} has been referenced but does not exis
t, replaced by a fixed one

pdfTeX warning (dest): name{section.23.1} has been referenced but does not exis
t, replaced by a fixed one

pdfTeX warning (dest): name{chapter.23} has been referenced but does not exist,
 replaced by a fixed one

pdfTeX warning (dest): name{subsection.22.4.6} has been referenced but does not
 exist, replaced by a fixed one

pdfTeX warning (dest): name{subsection.22.4.5} has been referenced but does not
 exist, replaced by a fixed one

pdfTeX warning (dest): name{subsection.22.4.4} has been referenced but does not
 exist, replaced by a fixed one

pdfTeX warning (dest): name{subsection.22.4.3} has been referenced but does not
 exist, replaced by a fixed one

pdfTeX warning (dest): name{subsection.22.4.2} has been referenced but does not
 exist, replaced by a fixed one

pdfTeX warning (dest): name{subsubsection.22.4.1.1} has been referenced but doe
s not exist, replaced by a fixed one

pdfTeX warning (dest): name{subsection.22.4.1} has been referenced but does not
 exist, replaced by a fixed one

pdfTeX warning (dest): name{section.22.4} has been referenced but does not exis
t, replaced by a fixed one

pdfTeX warning (dest): name{subsection.22.3.4} has been referenced but does not
 exist, replaced by a fixed one

pdfTeX warning (dest): name{subsection.22.3.3} has been referenced but does not
 exist, replaced by a fixed one

pdfTeX warning (dest): name{subsection.22.3.2} has been referenced but does not
 exist, replaced by a fixed one

pdfTeX warning (dest): name{subsection.22.3.1} has been referenced but does not
 exist, replaced by a fixed one

pdfTeX warning (dest): name{section.22.3} has been referenced but does not exis
t, replaced by a fixed one

pdfTeX warning (dest): name{subsection.22.2.5} has been referenced but does not
 exist, replaced by a fixed one

pdfTeX warning (dest): name{subsection.22.2.4} has been referenced but does not
 exist, replaced by a fixed one

pdfTeX warning (dest): name{subsection.22.2.3} has been referenced but does not
 exist, replaced by a fixed one

pdfTeX warning (dest): name{subsubsection.22.2.2.1} has been referenced but doe
s not exist, replaced by a fixed one

pdfTeX warning (dest): name{subsection.22.2.2} has been referenced but does not
 exist, replaced by a fixed one

pdfTeX warning (dest): name{subsection.22.2.1} has been referenced but does not
 exist, replaced by a fixed one

pdfTeX warning (dest): name{section.22.2} has been referenced but does not exis
t, replaced by a fixed one

pdfTeX warning (dest): name{subsubsection.22.1.8.2} has been referenced but doe
s not exist, replaced by a fixed one

pdfTeX warning (dest): name{subsubsection.22.1.8.1} has been referenced but doe
s not exist, replaced by a fixed one

pdfTeX warning (dest): name{subsection.22.1.8} has been referenced but does not
 exist, replaced by a fixed one

pdfTeX warning (dest): name{subsection.22.1.7} has been referenced but does not
 exist, replaced by a fixed one

pdfTeX warning (dest): name{subsubsection.22.1.6.1} has been referenced but doe
s not exist, replaced by a fixed one

pdfTeX warning (dest): name{subsection.22.1.6} has been referenced but does not
 exist, replaced by a fixed one

pdfTeX warning (dest): name{subsection.22.1.5} has been referenced but does not
 exist, replaced by a fixed one

pdfTeX warning (dest): name{subsubsection.22.1.4.2} has been referenced but doe
s not exist, replaced by a fixed one

pdfTeX warning (dest): name{subsubsection.22.1.4.1} has been referenced but doe
s not exist, replaced by a fixed one

pdfTeX warning (dest): name{subsection.22.1.4} has been referenced but does not
 exist, replaced by a fixed one

pdfTeX warning (dest): name{subsubsection.22.1.3.2} has been referenced but doe
s not exist, replaced by a fixed one

pdfTeX warning (dest): name{subsubsection.22.1.3.1} has been referenced but doe
s not exist, replaced by a fixed one

pdfTeX warning (dest): name{subsection.22.1.3} has been referenced but does not
 exist, replaced by a fixed one

pdfTeX warning (dest): name{subsubsection.22.1.2.2} has been referenced but doe
s not exist, replaced by a fixed one

pdfTeX warning (dest): name{subsubsection.22.1.2.1} has been referenced but doe
s not exist, replaced by a fixed one

pdfTeX warning (dest): name{subsection.22.1.2} has been referenced but does not
 exist, replaced by a fixed one

pdfTeX warning (dest): name{subsection.22.1.1} has been referenced but does not
 exist, replaced by a fixed one

pdfTeX warning (dest): name{section.22.1} has been referenced but does not exis
t, replaced by a fixed one

pdfTeX warning (dest): name{chapter.22} has been referenced but does not exist,
 replaced by a fixed one

pdfTeX warning (dest): name{subsection.21.11.7} has been referenced but does no
t exist, replaced by a fixed one

pdfTeX warning (dest): name{subsection.21.11.6} has been referenced but does no
t exist, replaced by a fixed one

pdfTeX warning (dest): name{subsection.21.11.5} has been referenced but does no
t exist, replaced by a fixed one

pdfTeX warning (dest): name{subsection.21.11.4} has been referenced but does no
t exist, replaced by a fixed one

pdfTeX warning (dest): name{subsection.21.11.3} has been referenced but does no
t exist, replaced by a fixed one

pdfTeX warning (dest): name{subsection.21.11.2} has been referenced but does no
t exist, replaced by a fixed one

pdfTeX warning (dest): name{subsection.21.11.1} has been referenced but does no
t exist, replaced by a fixed one

pdfTeX warning (dest): name{section.21.11} has been referenced but does not exi
st, replaced by a fixed one

pdfTeX warning (dest): name{subsection.21.10.2} has been referenced but does no
t exist, replaced by a fixed one

pdfTeX warning (dest): name{subsection.21.10.1} has been referenced but does no
t exist, replaced by a fixed one

pdfTeX warning (dest): name{section.21.10} has been referenced but does not exi
st, replaced by a fixed one

pdfTeX warning (dest): name{section.21.9} has been referenced but does not exis
t, replaced by a fixed one

pdfTeX warning (dest): name{section.21.8} has been referenced but does not exis
t, replaced by a fixed one

pdfTeX warning (dest): name{subsection.21.7.4} has been referenced but does not
 exist, replaced by a fixed one

pdfTeX warning (dest): name{subsection.21.7.3} has been referenced but does not
 exist, replaced by a fixed one

pdfTeX warning (dest): name{subsection.21.7.2} has been referenced but does not
 exist, replaced by a fixed one

pdfTeX warning (dest): name{subsection.21.7.1} has been referenced but does not
 exist, replaced by a fixed one

pdfTeX warning (dest): name{section.21.7} has been referenced but does not exis
t, replaced by a fixed one

pdfTeX warning (dest): name{section.21.6} has been referenced but does not exis
t, replaced by a fixed one

pdfTeX warning (dest): name{section.21.5} has been referenced but does not exis
t, replaced by a fixed one

pdfTeX warning (dest): name{section.21.4} has been referenced but does not exis
t, replaced by a fixed one

pdfTeX warning (dest): name{section.21.3} has been referenced but does not exis
t, replaced by a fixed one

pdfTeX warning (dest): name{section.21.2} has been referenced but does not exis
t, replaced by a fixed one

pdfTeX warning (dest): name{section.21.1} has been referenced but does not exis
t, replaced by a fixed one

pdfTeX warning (dest): name{chapter.21} has been referenced but does not exist,
 replaced by a fixed one

pdfTeX warning (dest): name{section.20.14} has been referenced but does not exi
st, replaced by a fixed one

pdfTeX warning (dest): name{section.20.13} has been referenced but does not exi
st, replaced by a fixed one

pdfTeX warning (dest): name{section.20.12} has been referenced but does not exi
st, replaced by a fixed one

pdfTeX warning (dest): name{section.20.11} has been referenced but does not exi
st, replaced by a fixed one

pdfTeX warning (dest): name{section.20.10} has been referenced but does not exi
st, replaced by a fixed one

pdfTeX warning (dest): name{subsection.20.9.2} has been referenced but does not
 exist, replaced by a fixed one

pdfTeX warning (dest): name{subsection.20.9.1} has been referenced but does not
 exist, replaced by a fixed one

pdfTeX warning (dest): name{section.20.9} has been referenced but does not exis
t, replaced by a fixed one

pdfTeX warning (dest): name{section.20.8} has been referenced but does not exis
t, replaced by a fixed one

pdfTeX warning (dest): name{section.20.7} has been referenced but does not exis
t, replaced by a fixed one

pdfTeX warning (dest): name{subsection.20.6.4} has been referenced but does not
 exist, replaced by a fixed one

pdfTeX warning (dest): name{subsection.20.6.3} has been referenced but does not
 exist, replaced by a fixed one

pdfTeX warning (dest): name{subsection.20.6.2} has been referenced but does not
 exist, replaced by a fixed one

pdfTeX warning (dest): name{subsection.20.6.1} has been referenced but does not
 exist, replaced by a fixed one

pdfTeX warning (dest): name{section.20.6} has been referenced but does not exis
t, replaced by a fixed one

pdfTeX warning (dest): name{subsection.20.5.3} has been referenced but does not
 exist, replaced by a fixed one

pdfTeX warning (dest): name{subsection.20.5.2} has been referenced but does not
 exist, replaced by a fixed one

pdfTeX warning (dest): name{subsection.20.5.1} has been referenced but does not
 exist, replaced by a fixed one

pdfTeX warning (dest): name{section.20.5} has been referenced but does not exis
t, replaced by a fixed one

pdfTeX warning (dest): name{subsection.20.4.8} has been referenced but does not
 exist, replaced by a fixed one

pdfTeX warning (dest): name{subsection.20.4.7} has been referenced but does not
 exist, replaced by a fixed one

pdfTeX warning (dest): name{subsection.20.4.6} has been referenced but does not
 exist, replaced by a fixed one

pdfTeX warning (dest): name{subsection.20.4.5} has been referenced but does not
 exist, replaced by a fixed one

pdfTeX warning (dest): name{subsection.20.4.4} has been referenced but does not
 exist, replaced by a fixed one

pdfTeX warning (dest): name{subsection.20.4.3} has been referenced but does not
 exist, replaced by a fixed one

pdfTeX warning (dest): name{subsection.20.4.2} has been referenced but does not
 exist, replaced by a fixed one

pdfTeX warning (dest): name{subsection.20.4.1} has been referenced but does not
 exist, replaced by a fixed one

pdfTeX warning (dest): name{section.20.4} has been referenced but does not exis
t, replaced by a fixed one

pdfTeX warning (dest): name{subsection.20.3.2} has been referenced but does not
 exist, replaced by a fixed one

pdfTeX warning (dest): name{subsection.20.3.1} has been referenced but does not
 exist, replaced by a fixed one

pdfTeX warning (dest): name{section.20.3} has been referenced but does not exis
t, replaced by a fixed one

pdfTeX warning (dest): name{subsection.20.2.2} has been referenced but does not
 exist, replaced by a fixed one

pdfTeX warning (dest): name{subsection.20.2.1} has been referenced but does not
 exist, replaced by a fixed one

pdfTeX warning (dest): name{section.20.2} has been referenced but does not exis
t, replaced by a fixed one

pdfTeX warning (dest): name{section.20.1} has been referenced but does not exis
t, replaced by a fixed one

pdfTeX warning (dest): name{chapter.20} has been referenced but does not exist,
 replaced by a fixed one

pdfTeX warning (dest): name{section.19.5} has been referenced but does not exis
t, replaced by a fixed one

pdfTeX warning (dest): name{section.19.4} has been referenced but does not exis
t, replaced by a fixed one

pdfTeX warning (dest): name{subsubsection.19.3.1.3} has been referenced but doe
s not exist, replaced by a fixed one

pdfTeX warning (dest): name{subsubsection.19.3.1.2} has been referenced but doe
s not exist, replaced by a fixed one

pdfTeX warning (dest): name{subsubsection.19.3.1.1} has been referenced but doe
s not exist, replaced by a fixed one

pdfTeX warning (dest): name{subsection.19.3.1} has been referenced but does not
 exist, replaced by a fixed one

pdfTeX warning (dest): name{section.19.3} has been referenced but does not exis
t, replaced by a fixed one

pdfTeX warning (dest): name{subsection.19.2.4} has been referenced but does not
 exist, replaced by a fixed one

pdfTeX warning (dest): name{subsection.19.2.3} has been referenced but does not
 exist, replaced by a fixed one

pdfTeX warning (dest): name{subsection.19.2.2} has been referenced but does not
 exist, replaced by a fixed one

pdfTeX warning (dest): name{subsection.19.2.1} has been referenced but does not
 exist, replaced by a fixed one

pdfTeX warning (dest): name{section.19.2} has been referenced but does not exis
t, replaced by a fixed one

pdfTeX warning (dest): name{subsection.19.1.1} has been referenced but does not
 exist, replaced by a fixed one

pdfTeX warning (dest): name{section.19.1} has been referenced but does not exis
t, replaced by a fixed one

pdfTeX warning (dest): name{chapter.19} has been referenced but does not exist,
 replaced by a fixed one

pdfTeX warning (dest): name{section.18.5} has been referenced but does not exis
t, replaced by a fixed one

pdfTeX warning (dest): name{subsection.18.4.2} has been referenced but does not
 exist, replaced by a fixed one

pdfTeX warning (dest): name{subsection.18.4.1} has been referenced but does not
 exist, replaced by a fixed one

pdfTeX warning (dest): name{section.18.4} has been referenced but does not exis
t, replaced by a fixed one

pdfTeX warning (dest): name{section.18.3} has been referenced but does not exis
t, replaced by a fixed one

pdfTeX warning (dest): name{section.18.2} has been referenced but does not exis
t, replaced by a fixed one

pdfTeX warning (dest): name{section.18.1} has been referenced but does not exis
t, replaced by a fixed one

pdfTeX warning (dest): name{chapter.18} has been referenced but does not exist,
 replaced by a fixed one

pdfTeX warning (dest): name{subsubsection.17.5.2.6} has been referenced but doe
s not exist, replaced by a fixed one

pdfTeX warning (dest): name{subsubsection.17.5.2.5} has been referenced but doe
s not exist, replaced by a fixed one

pdfTeX warning (dest): name{subsubsection.17.5.2.4} has been referenced but doe
s not exist, replaced by a fixed one

pdfTeX warning (dest): name{subsubsection.17.5.2.3} has been referenced but doe
s not exist, replaced by a fixed one

pdfTeX warning (dest): name{subsubsection.17.5.2.2} has been referenced but doe
s not exist, replaced by a fixed one

pdfTeX warning (dest): name{subsubsection.17.5.2.1} has been referenced but doe
s not exist, replaced by a fixed one

pdfTeX warning (dest): name{subsection.17.5.2} has been referenced but does not
 exist, replaced by a fixed one

pdfTeX warning (dest): name{subsubsection.17.5.1.4} has been referenced but doe
s not exist, replaced by a fixed one

pdfTeX warning (dest): name{subsubsection.17.5.1.3} has been referenced but doe
s not exist, replaced by a fixed one

pdfTeX warning (dest): name{subsubsection.17.5.1.2} has been referenced but doe
s not exist, replaced by a fixed one

pdfTeX warning (dest): name{subsubsection.17.5.1.1} has been referenced but doe
s not exist, replaced by a fixed one

pdfTeX warning (dest): name{subsection.17.5.1} has been referenced but does not
 exist, replaced by a fixed one

pdfTeX warning (dest): name{section.17.5} has been referenced but does not exis
t, replaced by a fixed one

pdfTeX warning (dest): name{section.17.4} has been referenced but does not exis
t, replaced by a fixed one

pdfTeX warning (dest): name{subsection.17.3.7} has been referenced but does not
 exist, replaced by a fixed one

pdfTeX warning (dest): name{subsection.17.3.6} has been referenced but does not
 exist, replaced by a fixed one

pdfTeX warning (dest): name{subsection.17.3.5} has been referenced but does not
 exist, replaced by a fixed one

pdfTeX warning (dest): name{subsection.17.3.4} has been referenced but does not
 exist, replaced by a fixed one

pdfTeX warning (dest): name{subsection.17.3.3} has been referenced but does not
 exist, replaced by a fixed one

pdfTeX warning (dest): name{subsection.17.3.2} has been referenced but does not
 exist, replaced by a fixed one

pdfTeX warning (dest): name{subsection.17.3.1} has been referenced but does not
 exist, replaced by a fixed one

pdfTeX warning (dest): name{section.17.3} has been referenced but does not exis
t, replaced by a fixed one

pdfTeX warning (dest): name{subsection.17.2.4} has been referenced but does not
 exist, replaced by a fixed one

pdfTeX warning (dest): name{subsection.17.2.3} has been referenced but does not
 exist, replaced by a fixed one

pdfTeX warning (dest): name{subsection.17.2.2} has been referenced but does not
 exist, replaced by a fixed one

pdfTeX warning (dest): name{subsection.17.2.1} has been referenced but does not
 exist, replaced by a fixed one

pdfTeX warning (dest): name{section.17.2} has been referenced but does not exis
t, replaced by a fixed one

pdfTeX warning (dest): name{section.17.1} has been referenced but does not exis
t, replaced by a fixed one

pdfTeX warning (dest): name{chapter.17} has been referenced but does not exist,
 replaced by a fixed one

pdfTeX warning (dest): name{subsection.16.7.2} has been referenced but does not
 exist, replaced by a fixed one

pdfTeX warning (dest): name{subsection.16.7.1} has been referenced but does not
 exist, replaced by a fixed one

pdfTeX warning (dest): name{section.16.7} has been referenced but does not exis
t, replaced by a fixed one

pdfTeX warning (dest): name{section.16.6} has been referenced but does not exis
t, replaced by a fixed one

pdfTeX warning (dest): name{subsection.16.5.2} has been referenced but does not
 exist, replaced by a fixed one

pdfTeX warning (dest): name{subsection.16.5.1} has been referenced but does not
 exist, replaced by a fixed one

pdfTeX warning (dest): name{section.16.5} has been referenced but does not exis
t, replaced by a fixed one

pdfTeX warning (dest): name{subsection.16.4.5} has been referenced but does not
 exist, replaced by a fixed one

pdfTeX warning (dest): name{subsection.16.4.4} has been referenced but does not
 exist, replaced by a fixed one

pdfTeX warning (dest): name{subsection.16.4.3} has been referenced but does not
 exist, replaced by a fixed one

pdfTeX warning (dest): name{subsection.16.4.2} has been referenced but does not
 exist, replaced by a fixed one

pdfTeX warning (dest): name{subsection.16.4.1} has been referenced but does not
 exist, replaced by a fixed one

pdfTeX warning (dest): name{section.16.4} has been referenced but does not exis
t, replaced by a fixed one

pdfTeX warning (dest): name{subsubsection.16.3.2.3} has been referenced but doe
s not exist, replaced by a fixed one

pdfTeX warning (dest): name{subsubsection.16.3.2.2} has been referenced but doe
s not exist, replaced by a fixed one

pdfTeX warning (dest): name{subsubsection.16.3.2.1} has been referenced but doe
s not exist, replaced by a fixed one

pdfTeX warning (dest): name{subsection.16.3.2} has been referenced but does not
 exist, replaced by a fixed one

pdfTeX warning (dest): name{subsubsection.16.3.1.3} has been referenced but doe
s not exist, replaced by a fixed one

pdfTeX warning (dest): name{subsubsection.16.3.1.2} has been referenced but doe
s not exist, replaced by a fixed one

pdfTeX warning (dest): name{subsubsection.16.3.1.1} has been referenced but doe
s not exist, replaced by a fixed one

pdfTeX warning (dest): name{subsection.16.3.1} has been referenced but does not
 exist, replaced by a fixed one

pdfTeX warning (dest): name{section.16.3} has been referenced but does not exis
t, replaced by a fixed one

pdfTeX warning (dest): name{subsection.16.2.1} has been referenced but does not
 exist, replaced by a fixed one

pdfTeX warning (dest): name{section.16.2} has been referenced but does not exis
t, replaced by a fixed one

pdfTeX warning (dest): name{subsection.16.1.3} has been referenced but does not
 exist, replaced by a fixed one

pdfTeX warning (dest): name{subsection.16.1.2} has been referenced but does not
 exist, replaced by a fixed one

pdfTeX warning (dest): name{subsection.16.1.1} has been referenced but does not
 exist, replaced by a fixed one

pdfTeX warning (dest): name{section.16.1} has been referenced but does not exis
t, replaced by a fixed one

pdfTeX warning (dest): name{chapter.16} has been referenced but does not exist,
 replaced by a fixed one

pdfTeX warning (dest): name{subsection.15.6.8} has been referenced but does not
 exist, replaced by a fixed one

pdfTeX warning (dest): name{subsection.15.6.7} has been referenced but does not
 exist, replaced by a fixed one

pdfTeX warning (dest): name{subsection.15.6.6} has been referenced but does not
 exist, replaced by a fixed one

pdfTeX warning (dest): name{subsection.15.6.5} has been referenced but does not
 exist, replaced by a fixed one

pdfTeX warning (dest): name{subsection.15.6.4} has been referenced but does not
 exist, replaced by a fixed one

pdfTeX warning (dest): name{subsection.15.6.3} has been referenced but does not
 exist, replaced by a fixed one

pdfTeX warning (dest): name{subsection.15.6.2} has been referenced but does not
 exist, replaced by a fixed one

pdfTeX warning (dest): name{subsection.15.6.1} has been referenced but does not
 exist, replaced by a fixed one

pdfTeX warning (dest): name{section.15.6} has been referenced but does not exis
t, replaced by a fixed one

pdfTeX warning (dest): name{subsection.15.5.2} has been referenced but does not
 exist, replaced by a fixed one

pdfTeX warning (dest): name{subsection.15.5.1} has been referenced but does not
 exist, replaced by a fixed one

pdfTeX warning (dest): name{section.15.5} has been referenced but does not exis
t, replaced by a fixed one

pdfTeX warning (dest): name{subsubsection.15.4.2.4} has been referenced but doe
s not exist, replaced by a fixed one

pdfTeX warning (dest): name{subsubsection.15.4.2.3} has been referenced but doe
s not exist, replaced by a fixed one

pdfTeX warning (dest): name{subsubsection.15.4.2.2} has been referenced but doe
s not exist, replaced by a fixed one

pdfTeX warning (dest): name{subsubsection.15.4.2.1} has been referenced but doe
s not exist, replaced by a fixed one

pdfTeX warning (dest): name{subsection.15.4.2} has been referenced but does not
 exist, replaced by a fixed one

pdfTeX warning (dest): name{subsection.15.4.1} has been referenced but does not
 exist, replaced by a fixed one

pdfTeX warning (dest): name{section.15.4} has been referenced but does not exis
t, replaced by a fixed one

pdfTeX warning (dest): name{subsubsection.15.3.5.1} has been referenced but doe
s not exist, replaced by a fixed one

pdfTeX warning (dest): name{subsection.15.3.5} has been referenced but does not
 exist, replaced by a fixed one

pdfTeX warning (dest): name{subsection.15.3.4} has been referenced but does not
 exist, replaced by a fixed one

pdfTeX warning (dest): name{subsubsection.15.3.3.1} has been referenced but doe
s not exist, replaced by a fixed one

pdfTeX warning (dest): name{subsection.15.3.3} has been referenced but does not
 exist, replaced by a fixed one

pdfTeX warning (dest): name{subsubsection.15.3.2.2} has been referenced but doe
s not exist, replaced by a fixed one

pdfTeX warning (dest): name{subsubsection.15.3.2.1} has been referenced but doe
s not exist, replaced by a fixed one

pdfTeX warning (dest): name{subsection.15.3.2} has been referenced but does not
 exist, replaced by a fixed one

pdfTeX warning (dest): name{subsection.15.3.1} has been referenced but does not
 exist, replaced by a fixed one

pdfTeX warning (dest): name{section.15.3} has been referenced but does not exis
t, replaced by a fixed one

pdfTeX warning (dest): name{section.15.2} has been referenced but does not exis
t, replaced by a fixed one

pdfTeX warning (dest): name{subsection.15.1.2} has been referenced but does not
 exist, replaced by a fixed one

pdfTeX warning (dest): name{subsection.15.1.1} has been referenced but does not
 exist, replaced by a fixed one

pdfTeX warning (dest): name{section.15.1} has been referenced but does not exis
t, replaced by a fixed one

pdfTeX warning (dest): name{chapter.15} has been referenced but does not exist,
 replaced by a fixed one

pdfTeX warning (dest): name{subsection.14.2.7} has been referenced but does not
 exist, replaced by a fixed one

pdfTeX warning (dest): name{subsection.14.2.6} has been referenced but does not
 exist, replaced by a fixed one

pdfTeX warning (dest): name{subsection.14.2.5} has been referenced but does not
 exist, replaced by a fixed one

pdfTeX warning (dest): name{subsection.14.2.4} has been referenced but does not
 exist, replaced by a fixed one

pdfTeX warning (dest): name{subsection.14.2.3} has been referenced but does not
 exist, replaced by a fixed one

pdfTeX warning (dest): name{subsection.14.2.2} has been referenced but does not
 exist, replaced by a fixed one

pdfTeX warning (dest): name{subsection.14.2.1} has been referenced but does not
 exist, replaced by a fixed one

pdfTeX warning (dest): name{section.14.2} has been referenced but does not exis
t, replaced by a fixed one

pdfTeX warning (dest): name{subsection.14.1.2} has been referenced but does not
 exist, replaced by a fixed one

pdfTeX warning (dest): name{subsection.14.1.1} has been referenced but does not
 exist, replaced by a fixed one

pdfTeX warning (dest): name{section.14.1} has been referenced but does not exis
t, replaced by a fixed one

pdfTeX warning (dest): name{chapter.14} has been referenced but does not exist,
 replaced by a fixed one

pdfTeX warning (dest): name{subsection.13.7.3} has been referenced but does not
 exist, replaced by a fixed one

pdfTeX warning (dest): name{subsubsection.13.7.2.1} has been referenced but doe
s not exist, replaced by a fixed one

pdfTeX warning (dest): name{subsection.13.7.2} has been referenced but does not
 exist, replaced by a fixed one

pdfTeX warning (dest): name{subsection.13.7.1} has been referenced but does not
 exist, replaced by a fixed one

pdfTeX warning (dest): name{section.13.7} has been referenced but does not exis
t, replaced by a fixed one

pdfTeX warning (dest): name{subsubsection.13.6.4.5} has been referenced but doe
s not exist, replaced by a fixed one

pdfTeX warning (dest): name{subsubsection.13.6.4.4} has been referenced but doe
s not exist, replaced by a fixed one

pdfTeX warning (dest): name{subsubsection.13.6.4.3} has been referenced but doe
s not exist, replaced by a fixed one

pdfTeX warning (dest): name{subsubsection.13.6.4.2} has been referenced but doe
s not exist, replaced by a fixed one

pdfTeX warning (dest): name{subsubsection.13.6.4.1} has been referenced but doe
s not exist, replaced by a fixed one

pdfTeX warning (dest): name{subsection.13.6.4} has been referenced but does not
 exist, replaced by a fixed one

pdfTeX warning (dest): name{subsection.13.6.3} has been referenced but does not
 exist, replaced by a fixed one

pdfTeX warning (dest): name{subsection.13.6.2} has been referenced but does not
 exist, replaced by a fixed one

pdfTeX warning (dest): name{subsection.13.6.1} has been referenced but does not
 exist, replaced by a fixed one

pdfTeX warning (dest): name{section.13.6} has been referenced but does not exis
t, replaced by a fixed one

pdfTeX warning (dest): name{section.13.5} has been referenced but does not exis
t, replaced by a fixed one

pdfTeX warning (dest): name{subsubsection.13.4.1.2} has been referenced but doe
s not exist, replaced by a fixed one

pdfTeX warning (dest): name{subsubsection.13.4.1.1} has been referenced but doe
s not exist, replaced by a fixed one

pdfTeX warning (dest): name{subsection.13.4.1} has been referenced but does not
 exist, replaced by a fixed one

pdfTeX warning (dest): name{section.13.4} has been referenced but does not exis
t, replaced by a fixed one

pdfTeX warning (dest): name{subsection.13.3.2} has been referenced but does not
 exist, replaced by a fixed one

pdfTeX warning (dest): name{subsection.13.3.1} has been referenced but does not
 exist, replaced by a fixed one

pdfTeX warning (dest): name{section.13.3} has been referenced but does not exis
t, replaced by a fixed one

pdfTeX warning (dest): name{subsection.13.2.3} has been referenced but does not
 exist, replaced by a fixed one

pdfTeX warning (dest): name{subsection.13.2.2} has been referenced but does not
 exist, replaced by a fixed one

pdfTeX warning (dest): name{subsection.13.2.1} has been referenced but does not
 exist, replaced by a fixed one

pdfTeX warning (dest): name{section.13.2} has been referenced but does not exis
t, replaced by a fixed one

pdfTeX warning (dest): name{section.13.1} has been referenced but does not exis
t, replaced by a fixed one

pdfTeX warning (dest): name{chapter.13} has been referenced but does not exist,
 replaced by a fixed one

pdfTeX warning (dest): name{section.12.6} has been referenced but does not exis
t, replaced by a fixed one

pdfTeX warning (dest): name{section.12.5} has been referenced but does not exis
t, replaced by a fixed one

pdfTeX warning (dest): name{section.12.4} has been referenced but does not exis
t, replaced by a fixed one

pdfTeX warning (dest): name{subsection.12.3.5} has been referenced but does not
 exist, replaced by a fixed one

pdfTeX warning (dest): name{subsection.12.3.4} has been referenced but does not
 exist, replaced by a fixed one

pdfTeX warning (dest): name{subsubsection.12.3.3.1} has been referenced but doe
s not exist, replaced by a fixed one

pdfTeX warning (dest): name{subsection.12.3.3} has been referenced but does not
 exist, replaced by a fixed one

pdfTeX warning (dest): name{subsection.12.3.2} has been referenced but does not
 exist, replaced by a fixed one

pdfTeX warning (dest): name{subsection.12.3.1} has been referenced but does not
 exist, replaced by a fixed one

pdfTeX warning (dest): name{section.12.3} has been referenced but does not exis
t, replaced by a fixed one

pdfTeX warning (dest): name{section.12.2} has been referenced but does not exis
t, replaced by a fixed one

pdfTeX warning (dest): name{subsubsection.12.1.5.1} has been referenced but doe
s not exist, replaced by a fixed one

pdfTeX warning (dest): name{subsection.12.1.5} has been referenced but does not
 exist, replaced by a fixed one

pdfTeX warning (dest): name{subsubsection.12.1.4.2} has been referenced but doe
s not exist, replaced by a fixed one

pdfTeX warning (dest): name{subsubsection.12.1.4.1} has been referenced but doe
s not exist, replaced by a fixed one

pdfTeX warning (dest): name{subsection.12.1.4} has been referenced but does not
 exist, replaced by a fixed one

pdfTeX warning (dest): name{subsubsection.12.1.3.3} has been referenced but doe
s not exist, replaced by a fixed one

pdfTeX warning (dest): name{subsubsection.12.1.3.2} has been referenced but doe
s not exist, replaced by a fixed one

pdfTeX warning (dest): name{subsubsection.12.1.3.1} has been referenced but doe
s not exist, replaced by a fixed one

pdfTeX warning (dest): name{subsection.12.1.3} has been referenced but does not
 exist, replaced by a fixed one

pdfTeX warning (dest): name{subsubsection.12.1.2.4} has been referenced but doe
s not exist, replaced by a fixed one

pdfTeX warning (dest): name{subsubsection.12.1.2.3} has been referenced but doe
s not exist, replaced by a fixed one

pdfTeX warning (dest): name{subsubsection.12.1.2.2} has been referenced but doe
s not exist, replaced by a fixed one

pdfTeX warning (dest): name{subsubsection.12.1.2.1} has been referenced but doe
s not exist, replaced by a fixed one

pdfTeX warning (dest): name{subsection.12.1.2} has been referenced but does not
 exist, replaced by a fixed one

pdfTeX warning (dest): name{subsection.12.1.1} has been referenced but does not
 exist, replaced by a fixed one

pdfTeX warning (dest): name{section.12.1} has been referenced but does not exis
t, replaced by a fixed one

pdfTeX warning (dest): name{chapter.12} has been referenced but does not exist,
 replaced by a fixed one

pdfTeX warning (dest): name{subsection.11.7.2} has been referenced but does not
 exist, replaced by a fixed one

pdfTeX warning (dest): name{subsection.11.7.1} has been referenced but does not
 exist, replaced by a fixed one

pdfTeX warning (dest): name{section.11.7} has been referenced but does not exis
t, replaced by a fixed one

pdfTeX warning (dest): name{section.11.6} has been referenced but does not exis
t, replaced by a fixed one

pdfTeX warning (dest): name{section.11.5} has been referenced but does not exis
t, replaced by a fixed one

pdfTeX warning (dest): name{section.11.4} has been referenced but does not exis
t, replaced by a fixed one

pdfTeX warning (dest): name{subsection.11.3.2} has been referenced but does not
 exist, replaced by a fixed one

pdfTeX warning (dest): name{subsection.11.3.1} has been referenced but does not
 exist, replaced by a fixed one

pdfTeX warning (dest): name{section.11.3} has been referenced but does not exis
t, replaced by a fixed one

pdfTeX warning (dest): name{subsection.11.2.1} has been referenced but does not
 exist, replaced by a fixed one

pdfTeX warning (dest): name{section.11.2} has been referenced but does not exis
t, replaced by a fixed one

pdfTeX warning (dest): name{section.11.1} has been referenced but does not exis
t, replaced by a fixed one

pdfTeX warning (dest): name{chapter.11} has been referenced but does not exist,
 replaced by a fixed one

pdfTeX warning (dest): name{chapter.10} has been referenced but does not exist,
 replaced by a fixed one

pdfTeX warning (dest): name{subsection.9.4.2} has been referenced but does not 
exist, replaced by a fixed one

pdfTeX warning (dest): name{subsection.9.4.1} has been referenced but does not 
exist, replaced by a fixed one

pdfTeX warning (dest): name{section.9.4} has been referenced but does not exist
, replaced by a fixed one

pdfTeX warning (dest): name{subsection.9.3.2} has been referenced but does not 
exist, replaced by a fixed one

pdfTeX warning (dest): name{subsection.9.3.1} has been referenced but does not 
exist, replaced by a fixed one

pdfTeX warning (dest): name{section.9.3} has been referenced but does not exist
, replaced by a fixed one

pdfTeX warning (dest): name{subsection.9.2.3} has been referenced but does not 
exist, replaced by a fixed one

pdfTeX warning (dest): name{subsection.9.2.2} has been referenced but does not 
exist, replaced by a fixed one

pdfTeX warning (dest): name{subsection.9.2.1} has been referenced but does not 
exist, replaced by a fixed one

pdfTeX warning (dest): name{section.9.2} has been referenced but does not exist
, replaced by a fixed one

pdfTeX warning (dest): name{section.9.1} has been referenced but does not exist
, replaced by a fixed one

pdfTeX warning (dest): name{chapter.9} has been referenced but does not exist, 
replaced by a fixed one

pdfTeX warning (dest): name{subsection.8.19.1} has been referenced but does not
 exist, replaced by a fixed one

pdfTeX warning (dest): name{section.8.19} has been referenced but does not exis
t, replaced by a fixed one

pdfTeX warning (dest): name{section.8.18} has been referenced but does not exis
t, replaced by a fixed one

pdfTeX warning (dest): name{subsection.8.17.5} has been referenced but does not
 exist, replaced by a fixed one

pdfTeX warning (dest): name{subsection.8.17.4} has been referenced but does not
 exist, replaced by a fixed one

pdfTeX warning (dest): name{subsection.8.17.3} has been referenced but does not
 exist, replaced by a fixed one

pdfTeX warning (dest): name{subsection.8.17.2} has been referenced but does not
 exist, replaced by a fixed one

pdfTeX warning (dest): name{subsection.8.17.1} has been referenced but does not
 exist, replaced by a fixed one

pdfTeX warning (dest): name{section.8.17} has been referenced but does not exis
t, replaced by a fixed one

pdfTeX warning (dest): name{section.8.16} has been referenced but does not exis
t, replaced by a fixed one

pdfTeX warning (dest): name{section.8.15} has been referenced but does not exis
t, replaced by a fixed one

pdfTeX warning (dest): name{section.8.14} has been referenced but does not exis
t, replaced by a fixed one

pdfTeX warning (dest): name{section.8.13} has been referenced but does not exis
t, replaced by a fixed one

pdfTeX warning (dest): name{section.8.12} has been referenced but does not exis
t, replaced by a fixed one

pdfTeX warning (dest): name{section.8.11} has been referenced but does not exis
t, replaced by a fixed one

pdfTeX warning (dest): name{section.8.10} has been referenced but does not exis
t, replaced by a fixed one

pdfTeX warning (dest): name{section.8.9} has been referenced but does not exist
, replaced by a fixed one

pdfTeX warning (dest): name{section.8.8} has been referenced but does not exist
, replaced by a fixed one

pdfTeX warning (dest): name{section.8.7} has been referenced but does not exist
, replaced by a fixed one

pdfTeX warning (dest): name{section.8.6} has been referenced but does not exist
, replaced by a fixed one

pdfTeX warning (dest): name{section.8.5} has been referenced but does not exist
, replaced by a fixed one

pdfTeX warning (dest): name{section.8.4} has been referenced but does not exist
, replaced by a fixed one

pdfTeX warning (dest): name{section.8.3} has been referenced but does not exist
, replaced by a fixed one

pdfTeX warning (dest): name{section.8.2} has been referenced but does not exist
, replaced by a fixed one

pdfTeX warning (dest): name{subsection.8.1.2} has been referenced but does not 
exist, replaced by a fixed one

pdfTeX warning (dest): name{subsection.8.1.1} has been referenced but does not 
exist, replaced by a fixed one

pdfTeX warning (dest): name{section.8.1} has been referenced but does not exist
, replaced by a fixed one

pdfTeX warning (dest): name{chapter.8} has been referenced but does not exist, 
replaced by a fixed one

pdfTeX warning (dest): name{section.7.15} has been referenced but does not exis
t, replaced by a fixed one

pdfTeX warning (dest): name{subsection.7.14.2} has been referenced but does not
 exist, replaced by a fixed one

pdfTeX warning (dest): name{subsection.7.14.1} has been referenced but does not
 exist, replaced by a fixed one

pdfTeX warning (dest): name{section.7.14} has been referenced but does not exis
t, replaced by a fixed one

pdfTeX warning (dest): name{section.7.13} has been referenced but does not exis
t, replaced by a fixed one

pdfTeX warning (dest): name{section.7.12} has been referenced but does not exis
t, replaced by a fixed one

pdfTeX warning (dest): name{section.7.11} has been referenced but does not exis
t, replaced by a fixed one

pdfTeX warning (dest): name{section.7.10} has been referenced but does not exis
t, replaced by a fixed one

pdfTeX warning (dest): name{section.7.9} has been referenced but does not exist
, replaced by a fixed one

pdfTeX warning (dest): name{section.7.8} has been referenced but does not exist
, replaced by a fixed one

pdfTeX warning (dest): name{section.7.7} has been referenced but does not exist
, replaced by a fixed one

pdfTeX warning (dest): name{subsubsection.7.6.5.2} has been referenced but does
 not exist, replaced by a fixed one

pdfTeX warning (dest): name{subsubsection.7.6.5.1} has been referenced but does
 not exist, replaced by a fixed one

pdfTeX warning (dest): name{subsection.7.6.5} has been referenced but does not 
exist, replaced by a fixed one

pdfTeX warning (dest): name{subsubsection.7.6.4.3} has been referenced but does
 not exist, replaced by a fixed one

pdfTeX warning (dest): name{subsubsection.7.6.4.2} has been referenced but does
 not exist, replaced by a fixed one

pdfTeX warning (dest): name{subsubsection.7.6.4.1} has been referenced but does
 not exist, replaced by a fixed one

pdfTeX warning (dest): name{subsection.7.6.4} has been referenced but does not 
exist, replaced by a fixed one

pdfTeX warning (dest): name{subsubsection.7.6.3.5} has been referenced but does
 not exist, replaced by a fixed one

pdfTeX warning (dest): name{subsubsection.7.6.3.4} has been referenced but does
 not exist, replaced by a fixed one

pdfTeX warning (dest): name{subsubsection.7.6.3.3} has been referenced but does
 not exist, replaced by a fixed one

pdfTeX warning (dest): name{subsubsection.7.6.3.2} has been referenced but does
 not exist, replaced by a fixed one

pdfTeX warning (dest): name{subsubsection.7.6.3.1} has been referenced but does
 not exist, replaced by a fixed one

pdfTeX warning (dest): name{subsection.7.6.3} has been referenced but does not 
exist, replaced by a fixed one

pdfTeX warning (dest): name{subsubsection.7.6.2.1} has been referenced but does
 not exist, replaced by a fixed one

pdfTeX warning (dest): name{subsection.7.6.2} has been referenced but does not 
exist, replaced by a fixed one

pdfTeX warning (dest): name{subsubsection.7.6.1.4} has been referenced but does
 not exist, replaced by a fixed one

pdfTeX warning (dest): name{subsubsection.7.6.1.3} has been referenced but does
 not exist, replaced by a fixed one

pdfTeX warning (dest): name{subsubsection.7.6.1.2} has been referenced but does
 not exist, replaced by a fixed one

pdfTeX warning (dest): name{subsubsection.7.6.1.1} has been referenced but does
 not exist, replaced by a fixed one

pdfTeX warning (dest): name{subsection.7.6.1} has been referenced but does not 
exist, replaced by a fixed one

pdfTeX warning (dest): name{section.7.6} has been referenced but does not exist
, replaced by a fixed one

pdfTeX warning (dest): name{section.7.5} has been referenced but does not exist
, replaced by a fixed one

pdfTeX warning (dest): name{section.7.4} has been referenced but does not exist
, replaced by a fixed one

pdfTeX warning (dest): name{subsection.7.3.5} has been referenced but does not 
exist, replaced by a fixed one

pdfTeX warning (dest): name{subsection.7.3.4} has been referenced but does not 
exist, replaced by a fixed one

pdfTeX warning (dest): name{subsection.7.3.3} has been referenced but does not 
exist, replaced by a fixed one

pdfTeX warning (dest): name{subsection.7.3.2} has been referenced but does not 
exist, replaced by a fixed one

pdfTeX warning (dest): name{subsection.7.3.1} has been referenced but does not 
exist, replaced by a fixed one

pdfTeX warning (dest): name{section.7.3} has been referenced but does not exist
, replaced by a fixed one

pdfTeX warning (dest): name{section.7.2} has been referenced but does not exist
, replaced by a fixed one

pdfTeX warning (dest): name{section.7.1} has been referenced but does not exist
, replaced by a fixed one

pdfTeX warning (dest): name{chapter.7} has been referenced but does not exist, 
replaced by a fixed one

pdfTeX warning (dest): name{section.6.10} has been referenced but does not exis
t, replaced by a fixed one

pdfTeX warning (dest): name{section.6.9} has been referenced but does not exist
, replaced by a fixed one

pdfTeX warning (dest): name{section.6.8} has been referenced but does not exist
, replaced by a fixed one

pdfTeX warning (dest): name{section.6.7} has been referenced but does not exist
, replaced by a fixed one

pdfTeX warning (dest): name{section.6.6} has been referenced but does not exist
, replaced by a fixed one

pdfTeX warning (dest): name{subsection.6.5.2} has been referenced but does not 
exist, replaced by a fixed one

pdfTeX warning (dest): name{subsection.6.5.1} has been referenced but does not 
exist, replaced by a fixed one

pdfTeX warning (dest): name{section.6.5} has been referenced but does not exist
, replaced by a fixed one

pdfTeX warning (dest): name{subsection.6.4.2} has been referenced but does not 
exist, replaced by a fixed one

pdfTeX warning (dest): name{subsection.6.4.1} has been referenced but does not 
exist, replaced by a fixed one

pdfTeX warning (dest): name{section.6.4} has been referenced but does not exist
, replaced by a fixed one

pdfTeX warning (dest): name{subsubsection.6.3.2.2} has been referenced but does
 not exist, replaced by a fixed one

pdfTeX warning (dest): name{subsubsection.6.3.2.1} has been referenced but does
 not exist, replaced by a fixed one

pdfTeX warning (dest): name{subsection.6.3.2} has been referenced but does not 
exist, replaced by a fixed one

pdfTeX warning (dest): name{subsection.6.3.1} has been referenced but does not 
exist, replaced by a fixed one

pdfTeX warning (dest): name{section.6.3} has been referenced but does not exist
, replaced by a fixed one

pdfTeX warning (dest): name{section.6.2} has been referenced but does not exist
, replaced by a fixed one

pdfTeX warning (dest): name{section.6.1} has been referenced but does not exist
, replaced by a fixed one

pdfTeX warning (dest): name{chapter.6} has been referenced but does not exist, 
replaced by a fixed one

pdfTeX warning (dest): name{section.5.4} has been referenced but does not exist
, replaced by a fixed one

pdfTeX warning (dest): name{section.5.3} has been referenced but does not exist
, replaced by a fixed one

pdfTeX warning (dest): name{section.5.2} has been referenced but does not exist
, replaced by a fixed one

pdfTeX warning (dest): name{subsection.5.1.3} has been referenced but does not 
exist, replaced by a fixed one

pdfTeX warning (dest): name{subsection.5.1.2} has been referenced but does not 
exist, replaced by a fixed one

pdfTeX warning (dest): name{subsection.5.1.1} has been referenced but does not 
exist, replaced by a fixed one

pdfTeX warning (dest): name{section.5.1} has been referenced but does not exist
, replaced by a fixed one

pdfTeX warning (dest): name{chapter.5} has been referenced but does not exist, 
replaced by a fixed one

pdfTeX warning (dest): name{subsection.4.15.4} has been referenced but does not
 exist, replaced by a fixed one

pdfTeX warning (dest): name{subsection.4.15.3} has been referenced but does not
 exist, replaced by a fixed one

pdfTeX warning (dest): name{subsection.4.15.2} has been referenced but does not
 exist, replaced by a fixed one

pdfTeX warning (dest): name{subsection.4.15.1} has been referenced but does not
 exist, replaced by a fixed one

pdfTeX warning (dest): name{section.4.15} has been referenced but does not exis
t, replaced by a fixed one

pdfTeX warning (dest): name{section.4.14} has been referenced but does not exis
t, replaced by a fixed one

pdfTeX warning (dest): name{section.4.13} has been referenced but does not exis
t, replaced by a fixed one

pdfTeX warning (dest): name{section.4.12} has been referenced but does not exis
t, replaced by a fixed one

pdfTeX warning (dest): name{section.4.11} has been referenced but does not exis
t, replaced by a fixed one

pdfTeX warning (dest): name{section.4.10} has been referenced but does not exis
t, replaced by a fixed one

pdfTeX warning (dest): name{section.4.9} has been referenced but does not exist
, replaced by a fixed one

pdfTeX warning (dest): name{section.4.8} has been referenced but does not exist
, replaced by a fixed one

pdfTeX warning (dest): name{section.4.7} has been referenced but does not exist
, replaced by a fixed one

pdfTeX warning (dest): name{subsection.4.6.2} has been referenced but does not 
exist, replaced by a fixed one

pdfTeX warning (dest): name{subsection.4.6.1} has been referenced but does not 
exist, replaced by a fixed one

pdfTeX warning (dest): name{section.4.6} has been referenced but does not exist
, replaced by a fixed one

pdfTeX warning (dest): name{subsection.4.5.2} has been referenced but does not 
exist, replaced by a fixed one

pdfTeX warning (dest): name{subsection.4.5.1} has been referenced but does not 
exist, replaced by a fixed one

pdfTeX warning (dest): name{section.4.5} has been referenced but does not exist
, replaced by a fixed one

pdfTeX warning (dest): name{subsection.4.4.2} has been referenced but does not 
exist, replaced by a fixed one

pdfTeX warning (dest): name{subsection.4.4.1} has been referenced but does not 
exist, replaced by a fixed one

pdfTeX warning (dest): name{section.4.4} has been referenced but does not exist
, replaced by a fixed one

pdfTeX warning (dest): name{subsection.4.3.2} has been referenced but does not 
exist, replaced by a fixed one

pdfTeX warning (dest): name{subsection.4.3.1} has been referenced but does not 
exist, replaced by a fixed one

 </home/matloff/.texlive2019/texmf-var/fonts/pk/ljfour/jknappen/ec/tcbx1095.600
pk> </home/matloff/.texlive2019/texmf-var/fonts/pk/ljfour/jknappen/ec/tcrm1095.
600pk></usr/share/texlive/texmf-dist/fonts/type1/public/amsfonts/cm/cmbsy10.pfb
></usr/share/texlive/texmf-dist/fonts/type1/public/amsfonts/cmextra/cmbsy7.pfb>
</usr/share/texlive/texmf-dist/fonts/type1/public/amsfonts/cm/cmbx10.pfb></usr/
share/texlive/texmf-dist/fonts/type1/public/amsfonts/cm/cmbx12.pfb></usr/share/
texlive/texmf-dist/fonts/type1/public/amsfonts/cm/cmbx7.pfb></usr/share/texlive
/texmf-dist/fonts/type1/public/amsfonts/cm/cmbx9.pfb></usr/share/texlive/texmf-
dist/fonts/type1/public/amsfonts/cm/cmex10.pfb></usr/share/texlive/texmf-dist/f
onts/type1/public/amsfonts/cm/cmmi10.pfb></usr/share/texlive/texmf-dist/fonts/t
ype1/public/amsfonts/cm/cmmi12.pfb></usr/share/texlive/texmf-dist/fonts/type1/p
ublic/amsfonts/cm/cmmi6.pfb></usr/share/texlive/texmf-dist/fonts/type1/public/a
msfonts/cm/cmmi8.pfb></usr/share/texlive/texmf-dist/fonts/type1/public/amsfonts
/cm/cmmi9.pfb></usr/share/texlive/texmf-dist/fonts/type1/public/amsfonts/cm/cmm
ib10.pfb></usr/share/texlive/texmf-dist/fonts/type1/public/amsfonts/cm/cmr10.pf
b></usr/share/texlive/texmf-dist/fonts/type1/public/amsfonts/cm/cmr12.pfb></usr
/share/texlive/texmf-dist/fonts/type1/public/amsfonts/cm/cmr17.pfb></usr/share/
texlive/texmf-dist/fonts/type1/public/amsfonts/cm/cmr6.pfb></usr/share/texlive/
texmf-dist/fonts/type1/public/amsfonts/cm/cmr8.pfb></usr/share/texlive/texmf-di
st/fonts/type1/public/amsfonts/cm/cmr9.pfb></usr/share/texlive/texmf-dist/fonts
/type1/public/amsfonts/cm/cmsl10.pfb></usr/share/texlive/texmf-dist/fonts/type1
/public/amsfonts/cm/cmsy10.pfb></usr/share/texlive/texmf-dist/fonts/type1/publi
c/amsfonts/cm/cmsy8.pfb></usr/share/texlive/texmf-dist/fonts/type1/public/amsfo
nts/cm/cmsy9.pfb></usr/share/texlive/texmf-dist/fonts/type1/public/amsfonts/cm/
cmti10.pfb></usr/share/texlive/texmf-dist/fonts/type1/public/amsfonts/cm/cmti9.
pfb></usr/share/texlive/texmf-dist/fonts/type1/public/amsfonts/cm/cmtt10.pfb></
usr/share/texlive/texmf-dist/fonts/type1/public/amsfonts/cm/cmtt12.pfb></usr/sh
are/texlive/texmf-dist/fonts/type1/public/amsfonts/cm/cmtt8.pfb>
Output written on ProbStatBook256Fall2022.pdf (114 pages, 823149 bytes).
PDF statistics:
 5039 PDF objects out of 5155 (max. 8388607)
 4826 compressed objects within 49 object streams
 1099 named destinations out of 1200 (max. 500000)
 5843 words of extra memory for PDF output out of 10000 (max. 10000000)

